Log file open, 10/11/22 19:32:49
LogWindows: Failed to load 'aqProf.dll' (GetLastError=126)
LogWindows: File 'aqProf.dll' does not exist
LogWindows: Failed to load 'VtuneApi.dll' (GetLastError=126)
LogWindows: File 'VtuneApi.dll' does not exist
LogWindows: Failed to load 'VtuneApi32e.dll' (GetLastError=126)
LogWindows: File 'VtuneApi32e.dll' does not exist
LogConsoleResponse: Display: Failed to find resolution value strings in scalability ini. Falling back to default.
LogConsoleResponse: Display: Failed to find resolution value strings in scalability ini. Falling back to default.
LogInit: Display: Running engine for game: project
LogPlatformFile: Not using cached read wrapper
LogTaskGraph: Started task graph with 5 named threads and 35 total threads with 3 sets of task threads.
LogStats: Stats thread started at 2.198787
LogICUInternationalization: ICU TimeZone Detection - Raw Offset: +0:00, Platform Override: ''
LogInit: Display: Loading text-based GConfig....
LogPluginManager: Mounting plugin MeshPainting
LogPluginManager: Mounting plugin XGEController
LogPluginManager: Mounting plugin Paper2D
LogPluginManager: Mounting plugin LiveLink
LogPluginManager: Mounting plugin GameplayCameras
LogPluginManager: Mounting plugin OodleData
LogPluginManager: Mounting plugin LightPropagationVolume
LogPluginManager: Mounting plugin CameraShakePreviewer
LogPluginManager: Mounting plugin OodleNetwork
LogPluginManager: Mounting plugin AssetManagerEditor
LogPluginManager: Mounting plugin CryptoKeys
LogPluginManager: Mounting plugin CurveEditorTools
LogPluginManager: Mounting plugin DataValidation
LogPluginManager: Mounting plugin FacialAnimation
LogPluginManager: Mounting plugin GameplayTagsEditor
LogPluginManager: Mounting plugin GeometryMode
LogPluginManager: Mounting plugin MaterialAnalyzer
LogPluginManager: Mounting plugin MacGraphicsSwitching
LogPluginManager: Mounting plugin AnimationSharing
LogPluginManager: Mounting plugin MobileLauncherProfileWizard
LogPluginManager: Mounting plugin PluginBrowser
LogPluginManager: Mounting plugin CLionSourceCodeAccess
LogPluginManager: Mounting plugin SpeedTreeImporter
LogPluginManager: Mounting plugin CodeLiteSourceCodeAccess
LogPluginManager: Mounting plugin GitSourceControl
LogPluginManager: Mounting plugin KDevelopSourceCodeAccess
LogPluginManager: Mounting plugin NullSourceCodeAccess
LogPluginManager: Mounting plugin PixWinPlugin
LogPluginManager: Mounting plugin PerforceSourceControl
LogPluginManager: Mounting plugin PlasticSourceControl
LogPluginManager: Mounting plugin PropertyAccessNode
LogPluginManager: Mounting plugin PluginUtils
LogPluginManager: Mounting plugin RiderSourceCodeAccess
LogPluginManager: Mounting plugin SubversionSourceControl
LogPluginManager: Mounting plugin TextureFormatOodle
LogPluginManager: Mounting plugin VisualStudioCodeSourceCodeAccess
LogPluginManager: Mounting plugin UObjectPlugin
LogPluginManager: Mounting plugin VisualStudioSourceCodeAccess
LogPluginManager: Mounting plugin DatasmithContent
LogPluginManager: Mounting plugin XCodeSourceCodeAccess
LogPluginManager: Mounting plugin AlembicImporter
LogPluginManager: Mounting plugin VariantManagerContent
LogPluginManager: Mounting plugin AutomationUtils
LogPluginManager: Mounting plugin BackChannel
LogPluginManager: Mounting plugin ChaosCloth
LogPluginManager: Mounting plugin ChaosClothEditor
LogPluginManager: Mounting plugin ChaosNiagara
LogPluginManager: Mounting plugin ChaosEditor
LogPluginManager: Mounting plugin ChaosSolverPlugin
LogPluginManager: Mounting plugin CharacterAI
LogPluginManager: Mounting plugin GeometryCache
LogPluginManager: Mounting plugin GeometryCollectionPlugin
LogPluginManager: Mounting plugin GeometryProcessing
LogPluginManager: Mounting plugin MotoSynth
LogPluginManager: Mounting plugin OpenImageDenoise
LogPluginManager: Mounting plugin PlanarCut
LogPluginManager: Mounting plugin PlatformCrypto
LogPluginManager: Mounting plugin ProxyLODPlugin
LogPluginManager: Mounting plugin PythonScriptPlugin
LogPluginManager: Mounting plugin SkeletalReduction
LogPluginManager: Mounting plugin Niagara
LogPluginManager: Mounting plugin AndroidMedia
LogPluginManager: Mounting plugin AvfMedia
LogPluginManager: Mounting plugin ImgMedia
LogPluginManager: Mounting plugin MediaCompositing
LogPluginManager: Mounting plugin LuminPlatformFeatures
LogPluginManager: Mounting plugin MediaPlayerEditor
LogPluginManager: Mounting plugin WebMMedia
LogPluginManager: Mounting plugin MagicLeap
LogPluginManager: Mounting plugin WmfMedia
LogPluginManager: Mounting plugin MagicLeapLightEstimation
LogPluginManager: Mounting plugin MagicLeapMedia
LogPluginManager: Mounting plugin MagicLeapPassableWorld
LogPluginManager: Mounting plugin MLSDK
LogPluginManager: Mounting plugin TcpMessaging
LogPluginManager: Mounting plugin UdpMessaging
LogPluginManager: Mounting plugin ActorSequence
LogPluginManager: Mounting plugin LevelSequenceEditor
LogPluginManager: Mounting plugin MatineeToLevelSequence
LogPluginManager: Mounting plugin TemplateSequence
LogPluginManager: Mounting plugin OnlineSubsystem
LogPluginManager: Mounting plugin OnlineSubsystemNull
LogPluginManager: Mounting plugin LauncherChunkInstaller
LogPluginManager: Mounting plugin OnlineSubsystemUtils
LogPluginManager: Mounting plugin ActorLayerUtilities
LogPluginManager: Mounting plugin AndroidDeviceProfileSelector
LogPluginManager: Mounting plugin AndroidMoviePlayer
LogPluginManager: Mounting plugin AndroidPermission
LogPluginManager: Mounting plugin AppleImageUtils
LogPluginManager: Mounting plugin AppleMoviePlayer
LogPluginManager: Mounting plugin ArchVisCharacter
LogPluginManager: Mounting plugin AssetTags
LogPluginManager: Mounting plugin AudioCapture
LogPluginManager: Mounting plugin AudioSynesthesia
LogPluginManager: Mounting plugin CableComponent
LogPluginManager: Mounting plugin CustomMeshComponent
LogPluginManager: Mounting plugin ChunkDownloader
LogPluginManager: Mounting plugin EditableMesh
LogPluginManager: Mounting plugin ExampleDeviceProfileSelector
LogPluginManager: Mounting plugin GoogleCloudMessaging
LogPluginManager: Mounting plugin GooglePAD
LogPluginManager: Mounting plugin IOSDeviceProfileSelector
LogPluginManager: Mounting plugin LinuxDeviceProfileSelector
LogPluginManager: Mounting plugin LocationServicesBPLibrary
LogPluginManager: Mounting plugin MobilePatchingUtils
LogPluginManager: Mounting plugin OpenXR
LogPluginManager: Mounting plugin OpenXREyeTracker
LogPluginManager: Mounting plugin OpenXRHandTracking
LogPluginManager: Mounting plugin PhysXVehicles
LogPluginManager: Mounting plugin PostSplashScreen
LogPluginManager: Mounting plugin ProceduralMeshComponent
LogPluginManager: Mounting plugin PropertyAccessEditor
LogPluginManager: Mounting plugin RuntimePhysXCooking
LogPluginManager: Mounting plugin SignificanceManager
LogPluginManager: Mounting plugin SoundFields
LogPluginManager: Mounting plugin Synthesis
LogPluginManager: Mounting plugin WebMMoviePlayer
LogPluginManager: Mounting plugin WindowsMoviePlayer
LogPluginManager: Mounting plugin ScreenshotTools
LogPluginManager: Mounting plugin Takes
LogPluginManager: Mounting plugin EnvironmentQueryEditor
LogPluginManager: Mounting plugin AISupport
LogPluginManager: Mounting plugin ContentBrowserAssetDataSource
LogPluginManager: Mounting plugin ContentBrowserClassDataSource
LogPluginManager: Mounting plugin ContentBrowserFileDataSource
LogPluginManager: Mounting plugin OnlineSubsystemGooglePlay
LogPluginManager: Mounting plugin OnlineSubsystemIOS
LogPluginManager: Mounting plugin OculusVR
LogPluginManager: Mounting plugin SteamVR
PixWinPlugin: PIX capture plugin failed to initialize! Check that the process is launched from PIX.
LogLuminAPIImpl: Warning: MLSDK not found.  This likely means the MLSDK environment variable is not set.
LogInit: Using libcurl 7.55.1-DEV
LogInit:  - built for x86_64-pc-win32
LogInit:  - supports SSL with OpenSSL/1.1.1
LogInit:  - supports HTTP deflate (compression) using libz 1.2.8
LogInit:  - other features:
LogInit:      CURL_VERSION_SSL
LogInit:      CURL_VERSION_LIBZ
LogInit:      CURL_VERSION_IPV6
LogInit:      CURL_VERSION_ASYNCHDNS
LogInit:      CURL_VERSION_LARGEFILE
LogInit:      CURL_VERSION_IDN
LogInit:  CurlRequestOptions (configurable via config and command line):
LogInit:  - bVerifyPeer = true  - Libcurl will verify peer certificate
LogInit:  - bUseHttpProxy = false  - Libcurl will NOT use HTTP proxy
LogInit:  - bDontReuseConnections = false  - Libcurl will reuse connections
LogInit:  - MaxHostConnections = 16  - Libcurl will limit the number of connections to a host
LogInit:  - LocalHostAddr = Default
LogInit:  - BufferSize = 65536
LogOnline: OSS: Creating online subsystem instance for: NULL
LogInit: WinSock: version 1.1 (2.2), MaxSocks=32767, MaxUdp=65467
LogOnline: OSS: TryLoadSubsystemAndSetDefault: Loaded subsystem for module [NULL]
LogOculusPluginWrapper: OculusPlugin initialized successfully
LogHMD: Failed initializing OVRPlugin 1.59.0
LogInit: Build: ++UE4+Release-4.27-CL-18319896
LogInit: Engine Version: 4.27.2-18319896+++UE4+Release-4.27
LogInit: Compatible Engine Version: 4.27.0-17155196+++UE4+Release-4.27
LogInit: Net CL: 17155196
LogInit: OS: Windows 10 (Release 2009) (), CPU: AMD Ryzen 5 2600 Six-Core Processor            , GPU: NVIDIA GeForce GTX 970
LogInit: Compiled (64-bit): Nov 30 2021 07:12:08
LogInit: Compiled with Visual C++: 19.24.28315.00
LogInit: Build Configuration: Development
LogInit: Branch Name: ++UE4+Release-4.27
LogInit: Command Line: 
LogInit: Base Directory: E:/New folder/New folder/unreal/UE_4.27/Engine/Binaries/Win64/
LogInit: Allocator: TBB
LogInit: Installed Engine Build: 1
LogDevObjectVersion: Number of dev versions registered: 29
LogDevObjectVersion:   Dev-Blueprints (B0D832E4-1F89-4F0D-ACCF-7EB736FD4AA2): 10
LogDevObjectVersion:   Dev-Build (E1C64328-A22C-4D53-A36C-8E866417BD8C): 0
LogDevObjectVersion:   Dev-Core (375EC13C-06E4-48FB-B500-84F0262A717E): 4
LogDevObjectVersion:   Dev-Editor (E4B068ED-F494-42E9-A231-DA0B2E46BB41): 40
LogDevObjectVersion:   Dev-Framework (CFFC743F-43B0-4480-9391-14DF171D2073): 37
LogDevObjectVersion:   Dev-Mobile (B02B49B5-BB20-44E9-A304-32B752E40360): 3
LogDevObjectVersion:   Dev-Networking (A4E4105C-59A1-49B5-A7C5-40C4547EDFEE): 0
LogDevObjectVersion:   Dev-Online (39C831C9-5AE6-47DC-9A44-9C173E1C8E7C): 0
LogDevObjectVersion:   Dev-Physics (78F01B33-EBEA-4F98-B9B4-84EACCB95AA2): 14
LogDevObjectVersion:   Dev-Platform (6631380F-2D4D-43E0-8009-CF276956A95A): 0
LogDevObjectVersion:   Dev-Rendering (12F88B9F-8875-4AFC-A67C-D90C383ABD29): 45
LogDevObjectVersion:   Dev-Sequencer (7B5AE74C-D270-4C10-A958-57980B212A5A): 13
LogDevObjectVersion:   Dev-VR (D7296918-1DD6-4BDD-9DE2-64A83CC13884): 3
LogDevObjectVersion:   Dev-LoadTimes (C2A15278-BFE7-4AFE-6C17-90FF531DF755): 1
LogDevObjectVersion:   Private-Geometry (6EACA3D4-40EC-4CC1-B786-8BED09428FC5): 3
LogDevObjectVersion:   Dev-AnimPhys (29E575DD-E0A3-4627-9D10-D276232CDCEA): 17
LogDevObjectVersion:   Dev-Anim (AF43A65D-7FD3-4947-9873-3E8ED9C1BB05): 15
LogDevObjectVersion:   Dev-ReflectionCapture (6B266CEC-1EC7-4B8F-A30B-E4D90942FC07): 1
LogDevObjectVersion:   Dev-Automation (0DF73D61-A23F-47EA-B727-89E90C41499A): 1
LogDevObjectVersion:   FortniteMain (601D1886-AC64-4F84-AA16-D3DE0DEAC7D6): 47
LogDevObjectVersion:   FortniteRelease (E7086368-6B23-4C58-8439-1B7016265E91): 1
LogDevObjectVersion:   Dev-Enterprise (9DFFBCD6-494F-0158-E221-12823C92A888): 10
LogDevObjectVersion:   Dev-Niagara (F2AED0AC-9AFE-416F-8664-AA7FFA26D6FC): 1
LogDevObjectVersion:   Dev-Destruction (174F1F0B-B4C6-45A5-B13F-2EE8D0FB917D): 10
LogDevObjectVersion:   Dev-Physics-Ext (35F94A83-E258-406C-A318-09F59610247C): 41
LogDevObjectVersion:   Dev-PhysicsMaterial-Chaos (B68FC16E-8B1B-42E2-B453-215C058844FE): 1
LogDevObjectVersion:   Dev-CineCamera (B2E18506-4273-CFC2-A54E-F4BB758BBA07): 1
LogDevObjectVersion:   Dev-VirtualProduction (64F58936-FD1B-42BA-BA96-7289D5D0FA4E): 1
LogDevObjectVersion:   Dev-MediaFramework (6F0ED827-A609-4895-9C91-998D90180EA4): 2
LogInit: Presizing for max 25165824 objects, including 0 objects not considered by GC, pre-allocating 0 bytes for permanent pool.
LogConfig: Applying CVar settings from Section [/Script/Engine.StreamingSettings] File [E:/chris animation/animation-project/Saved/Config/Windows/Engine.ini]
LogConfig: Setting CVar [[s.MinBulkDataSizeForAsyncLoading:131072]]
LogConfig: Setting CVar [[s.AsyncLoadingThreadEnabled:0]]
LogConfig: Setting CVar [[s.EventDrivenLoaderEnabled:1]]
LogConfig: Setting CVar [[s.WarnIfTimeLimitExceeded:0]]
LogConfig: Setting CVar [[s.TimeLimitExceededMultiplier:1.5]]
LogConfig: Setting CVar [[s.TimeLimitExceededMinTime:0.005]]
LogConfig: Setting CVar [[s.UseBackgroundLevelStreaming:1]]
LogConfig: Setting CVar [[s.PriorityAsyncLoadingExtraTime:15.0]]
LogConfig: Setting CVar [[s.LevelStreamingActorsUpdateTimeLimit:5.0]]
LogConfig: Setting CVar [[s.PriorityLevelStreamingActorsUpdateExtraTime:5.0]]
LogConfig: Setting CVar [[s.LevelStreamingComponentsRegistrationGranularity:10]]
LogConfig: Setting CVar [[s.UnregisterComponentsTimeLimit:1.0]]
LogConfig: Setting CVar [[s.LevelStreamingComponentsUnregistrationGranularity:5]]
LogConfig: Setting CVar [[s.FlushStreamingOnExit:1]]
LogInit: Object subsystem initialized
LogConfig: Setting CVar [[con.DebugEarlyDefault:1]]
LogConfig: Setting CVar [[r.setres:1280x720]]
[2022.10.11-18.32.50:750][  0]LogConfig: Setting CVar [[r.VSync:0]]
[2022.10.11-18.32.50:750][  0]LogConfig: Setting CVar [[r.RHICmdBypass:0]]
[2022.10.11-18.32.50:750][  0]LogConfig: Applying CVar settings from Section [/Script/Engine.RendererSettings] File [E:/chris animation/animation-project/Saved/Config/Windows/Engine.ini]
[2022.10.11-18.32.50:750][  0]LogConfig: Setting CVar [[r.GPUCrashDebugging:0]]
[2022.10.11-18.32.50:750][  0]LogConfig: Applying CVar settings from Section [/Script/Engine.RendererOverrideSettings] File [E:/chris animation/animation-project/Saved/Config/Windows/Engine.ini]
[2022.10.11-18.32.50:750][  0]LogConfig: Applying CVar settings from Section [/Script/Engine.StreamingSettings] File [E:/chris animation/animation-project/Saved/Config/Windows/Engine.ini]
[2022.10.11-18.32.50:750][  0]LogConfig: Setting CVar [[s.MinBulkDataSizeForAsyncLoading:131072]]
[2022.10.11-18.32.50:750][  0]LogConfig: Setting CVar [[s.AsyncLoadingThreadEnabled:0]]
[2022.10.11-18.32.50:751][  0]LogConfig: Setting CVar [[s.EventDrivenLoaderEnabled:1]]
[2022.10.11-18.32.50:751][  0]LogConfig: Setting CVar [[s.WarnIfTimeLimitExceeded:0]]
[2022.10.11-18.32.50:751][  0]LogConfig: Setting CVar [[s.TimeLimitExceededMultiplier:1.5]]
[2022.10.11-18.32.50:751][  0]LogConfig: Setting CVar [[s.TimeLimitExceededMinTime:0.005]]
[2022.10.11-18.32.50:751][  0]LogConfig: Setting CVar [[s.UseBackgroundLevelStreaming:1]]
[2022.10.11-18.32.50:751][  0]LogConfig: Setting CVar [[s.PriorityAsyncLoadingExtraTime:15.0]]
[2022.10.11-18.32.50:751][  0]LogConfig: Setting CVar [[s.LevelStreamingActorsUpdateTimeLimit:5.0]]
[2022.10.11-18.32.50:751][  0]LogConfig: Setting CVar [[s.PriorityLevelStreamingActorsUpdateExtraTime:5.0]]
[2022.10.11-18.32.50:751][  0]LogConfig: Setting CVar [[s.LevelStreamingComponentsRegistrationGranularity:10]]
[2022.10.11-18.32.50:751][  0]LogConfig: Setting CVar [[s.UnregisterComponentsTimeLimit:1.0]]
[2022.10.11-18.32.50:751][  0]LogConfig: Setting CVar [[s.LevelStreamingComponentsUnregistrationGranularity:5]]
[2022.10.11-18.32.50:751][  0]LogConfig: Setting CVar [[s.FlushStreamingOnExit:1]]
[2022.10.11-18.32.50:751][  0]LogConfig: Applying CVar settings from Section [/Script/Engine.GarbageCollectionSettings] File [E:/chris animation/animation-project/Saved/Config/Windows/Engine.ini]
[2022.10.11-18.32.50:751][  0]LogConfig: Setting CVar [[gc.MaxObjectsNotConsideredByGC:1]]
[2022.10.11-18.32.50:751][  0]LogConfig: Setting CVar [[gc.SizeOfPermanentObjectPool:0]]
[2022.10.11-18.32.50:751][  0]LogConfig: Setting CVar [[gc.FlushStreamingOnGC:0]]
[2022.10.11-18.32.50:751][  0]LogConfig: Setting CVar [[gc.NumRetriesBeforeForcingGC:10]]
[2022.10.11-18.32.50:751][  0]LogConfig: Setting CVar [[gc.AllowParallelGC:1]]
[2022.10.11-18.32.50:751][  0]LogConfig: Setting CVar [[gc.TimeBetweenPurgingPendingKillObjects:61.1]]
[2022.10.11-18.32.50:751][  0]LogConfig: Setting CVar [[gc.MaxObjectsInEditor:25165824]]
[2022.10.11-18.32.50:751][  0]LogConfig: Setting CVar [[gc.IncrementalBeginDestroyEnabled:1]]
[2022.10.11-18.32.50:751][  0]LogConfig: Setting CVar [[gc.CreateGCClusters:1]]
[2022.10.11-18.32.50:751][  0]LogConfig: Setting CVar [[gc.MinGCClusterSize:5]]
[2022.10.11-18.32.50:751][  0]LogConfig: Setting CVar [[gc.ActorClusteringEnabled:0]]
[2022.10.11-18.32.50:751][  0]LogConfig: Setting CVar [[gc.BlueprintClusteringEnabled:0]]
[2022.10.11-18.32.50:751][  0]LogConfig: Setting CVar [[gc.UseDisregardForGCOnDedicatedServers:0]]
[2022.10.11-18.32.50:751][  0]LogConfig: Setting CVar [[gc.MultithreadedDestructionEnabled:1]]
[2022.10.11-18.32.50:751][  0]LogConfig: Applying CVar settings from Section [/Script/Engine.NetworkSettings] File [E:/chris animation/animation-project/Saved/Config/Windows/Engine.ini]
[2022.10.11-18.32.50:751][  0]LogConfig: Applying CVar settings from Section [/Script/UnrealEd.CookerSettings] File [E:/chris animation/animation-project/Saved/Config/Windows/Engine.ini]
[2022.10.11-18.32.50:765][  0]LogConfig: Applying CVar settings from Section [ViewDistanceQuality@3] File [E:/chris animation/animation-project/Saved/Config/Windows/Scalability.ini]
[2022.10.11-18.32.50:765][  0]LogConfig: Setting CVar [[r.SkeletalMeshLODBias:0]]
[2022.10.11-18.32.50:765][  0]LogConfig: Setting CVar [[r.ViewDistanceScale:1.0]]
[2022.10.11-18.32.50:765][  0]LogConfig: Applying CVar settings from Section [AntiAliasingQuality@3] File [E:/chris animation/animation-project/Saved/Config/Windows/Scalability.ini]
[2022.10.11-18.32.50:765][  0]LogConfig: Setting CVar [[r.PostProcessAAQuality:4]]
[2022.10.11-18.32.50:765][  0]LogConfig: Applying CVar settings from Section [ShadowQuality@3] File [E:/chris animation/animation-project/Saved/Config/Windows/Scalability.ini]
[2022.10.11-18.32.50:765][  0]LogConfig: Setting CVar [[r.LightFunctionQuality:1]]
[2022.10.11-18.32.50:765][  0]LogConfig: Setting CVar [[r.ShadowQuality:5]]
[2022.10.11-18.32.50:765][  0]LogConfig: Setting CVar [[r.Shadow.CSM.MaxCascades:10]]
[2022.10.11-18.32.50:765][  0]LogConfig: Setting CVar [[r.Shadow.MaxResolution:2048]]
[2022.10.11-18.32.50:765][  0]LogConfig: Setting CVar [[r.Shadow.MaxCSMResolution:2048]]
[2022.10.11-18.32.50:765][  0]LogConfig: Setting CVar [[r.Shadow.RadiusThreshold:0.01]]
[2022.10.11-18.32.50:765][  0]LogConfig: Setting CVar [[r.Shadow.DistanceScale:1.0]]
[2022.10.11-18.32.50:765][  0]LogConfig: Setting CVar [[r.Shadow.CSM.TransitionScale:1.0]]
[2022.10.11-18.32.50:765][  0]LogConfig: Setting CVar [[r.Shadow.PreShadowResolutionFactor:1.0]]
[2022.10.11-18.32.50:765][  0]LogConfig: Setting CVar [[r.DistanceFieldShadowing:1]]
[2022.10.11-18.32.50:765][  0]LogConfig: Setting CVar [[r.DistanceFieldAO:1]]
[2022.10.11-18.32.50:765][  0]LogConfig: Setting CVar [[r.AOQuality:2]]
[2022.10.11-18.32.50:765][  0]LogConfig: Setting CVar [[r.VolumetricFog:1]]
[2022.10.11-18.32.50:765][  0]LogConfig: Setting CVar [[r.VolumetricFog.GridPixelSize:8]]
[2022.10.11-18.32.50:765][  0]LogConfig: Setting CVar [[r.VolumetricFog.GridSizeZ:128]]
[2022.10.11-18.32.50:765][  0]LogConfig: Setting CVar [[r.VolumetricFog.HistoryMissSupersampleCount:4]]
[2022.10.11-18.32.50:765][  0]LogConfig: Setting CVar [[r.LightMaxDrawDistanceScale:1]]
[2022.10.11-18.32.50:765][  0]LogConfig: Setting CVar [[r.CapsuleShadows:1]]
[2022.10.11-18.32.50:765][  0]LogConfig: Applying CVar settings from Section [PostProcessQuality@3] File [E:/chris animation/animation-project/Saved/Config/Windows/Scalability.ini]
[2022.10.11-18.32.50:765][  0]LogConfig: Setting CVar [[r.MotionBlurQuality:4]]
[2022.10.11-18.32.50:765][  0]LogConfig: Setting CVar [[r.AmbientOcclusionMipLevelFactor:0.4]]
[2022.10.11-18.32.50:765][  0]LogConfig: Setting CVar [[r.AmbientOcclusionMaxQuality:100]]
[2022.10.11-18.32.50:765][  0]LogConfig: Setting CVar [[r.AmbientOcclusionLevels:-1]]
[2022.10.11-18.32.50:765][  0]LogConfig: Setting CVar [[r.AmbientOcclusionRadiusScale:1.0]]
[2022.10.11-18.32.50:765][  0]LogConfig: Setting CVar [[r.DepthOfFieldQuality:2]]
[2022.10.11-18.32.50:765][  0]LogConfig: Setting CVar [[r.RenderTargetPoolMin:400]]
[2022.10.11-18.32.50:765][  0]LogConfig: Setting CVar [[r.LensFlareQuality:2]]
[2022.10.11-18.32.50:765][  0]LogConfig: Setting CVar [[r.SceneColorFringeQuality:1]]
[2022.10.11-18.32.50:766][  0]LogConfig: Setting CVar [[r.EyeAdaptationQuality:2]]
[2022.10.11-18.32.50:766][  0]LogConfig: Setting CVar [[r.BloomQuality:5]]
[2022.10.11-18.32.50:766][  0]LogConfig: Setting CVar [[r.FastBlurThreshold:100]]
[2022.10.11-18.32.50:766][  0]LogConfig: Setting CVar [[r.Upscale.Quality:3]]
[2022.10.11-18.32.50:766][  0]LogConfig: Setting CVar [[r.Tonemapper.GrainQuantization:1]]
[2022.10.11-18.32.50:766][  0]LogConfig: Setting CVar [[r.LightShaftQuality:1]]
[2022.10.11-18.32.50:766][  0]LogConfig: Setting CVar [[r.Filter.SizeScale:1]]
[2022.10.11-18.32.50:766][  0]LogConfig: Setting CVar [[r.Tonemapper.Quality:5]]
[2022.10.11-18.32.50:766][  0]LogConfig: Setting CVar [[r.DOF.Gather.AccumulatorQuality:1        ; higher gathering accumulator quality]]
[2022.10.11-18.32.50:766][  0]LogConfig: Setting CVar [[r.DOF.Gather.PostfilterMethod:1          ; Median3x3 postfilering method]]
[2022.10.11-18.32.50:766][  0]LogConfig: Setting CVar [[r.DOF.Gather.EnableBokehSettings:0       ; no bokeh simulation when gathering]]
[2022.10.11-18.32.50:766][  0]LogConfig: Setting CVar [[r.DOF.Gather.RingCount:4                 ; medium number of samples when gathering]]
[2022.10.11-18.32.50:766][  0]LogConfig: Setting CVar [[r.DOF.Scatter.ForegroundCompositing:1    ; additive foreground scattering]]
[2022.10.11-18.32.50:766][  0]LogConfig: Setting CVar [[r.DOF.Scatter.BackgroundCompositing:2    ; additive background scattering]]
[2022.10.11-18.32.50:766][  0]LogConfig: Setting CVar [[r.DOF.Scatter.EnableBokehSettings:1      ; bokeh simulation when scattering]]
[2022.10.11-18.32.50:766][  0]LogConfig: Setting CVar [[r.DOF.Scatter.MaxSpriteRatio:0.1         ; only a maximum of 10% of scattered bokeh]]
[2022.10.11-18.32.50:766][  0]LogConfig: Setting CVar [[r.DOF.Recombine.Quality:1                ; cheap slight out of focus]]
[2022.10.11-18.32.50:766][  0]LogConfig: Setting CVar [[r.DOF.Recombine.EnableBokehSettings:0    ; no bokeh simulation on slight out of focus]]
[2022.10.11-18.32.50:766][  0]LogConfig: Setting CVar [[r.DOF.TemporalAAQuality:1                ; more stable temporal accumulation]]
[2022.10.11-18.32.50:766][  0]LogConfig: Setting CVar [[r.DOF.Kernel.MaxForegroundRadius:0.025]]
[2022.10.11-18.32.50:766][  0]LogConfig: Setting CVar [[r.DOF.Kernel.MaxBackgroundRadius:0.025]]
[2022.10.11-18.32.50:766][  0]LogConfig: Applying CVar settings from Section [TextureQuality@3] File [E:/chris animation/animation-project/Saved/Config/Windows/Scalability.ini]
[2022.10.11-18.32.50:766][  0]LogConfig: Setting CVar [[r.Streaming.MipBias:0]]
[2022.10.11-18.32.50:766][  0]LogConfig: Setting CVar [[r.Streaming.AmortizeCPUToGPUCopy:0]]
[2022.10.11-18.32.50:766][  0]LogConfig: Setting CVar [[r.Streaming.MaxNumTexturesToStreamPerFrame:0]]
[2022.10.11-18.32.50:766][  0]LogConfig: Setting CVar [[r.Streaming.Boost:1]]
[2022.10.11-18.32.50:766][  0]LogConfig: Setting CVar [[r.MaxAnisotropy:8]]
[2022.10.11-18.32.50:766][  0]LogConfig: Setting CVar [[r.VT.MaxAnisotropy:8]]
[2022.10.11-18.32.50:766][  0]LogConfig: Setting CVar [[r.Streaming.LimitPoolSizeToVRAM:0]]
[2022.10.11-18.32.50:766][  0]LogConfig: Setting CVar [[r.Streaming.PoolSize:1000]]
[2022.10.11-18.32.50:766][  0]LogConfig: Setting CVar [[r.Streaming.MaxEffectiveScreenSize:0]]
[2022.10.11-18.32.50:766][  0]LogConfig: Applying CVar settings from Section [EffectsQuality@3] File [E:/chris animation/animation-project/Saved/Config/Windows/Scalability.ini]
[2022.10.11-18.32.50:766][  0]LogConfig: Setting CVar [[r.TranslucencyLightingVolumeDim:64]]
[2022.10.11-18.32.50:766][  0]LogConfig: Setting CVar [[r.RefractionQuality:2]]
[2022.10.11-18.32.50:766][  0]LogConfig: Setting CVar [[r.SSR.Quality:3]]
[2022.10.11-18.32.50:766][  0]LogConfig: Setting CVar [[r.SSR.HalfResSceneColor:0]]
[2022.10.11-18.32.50:766][  0]LogConfig: Setting CVar [[r.SceneColorFormat:4]]
[2022.10.11-18.32.50:766][  0]LogConfig: Setting CVar [[r.DetailMode:2]]
[2022.10.11-18.32.50:766][  0]LogConfig: Setting CVar [[r.TranslucencyVolumeBlur:1]]
[2022.10.11-18.32.50:766][  0]LogConfig: Setting CVar [[r.MaterialQualityLevel:1 ; High quality]]
[2022.10.11-18.32.50:766][  0]LogConfig: Setting CVar [[r.AnisotropicMaterials:1]]
[2022.10.11-18.32.50:766][  0]LogConfig: Setting CVar [[r.SSS.Scale:1]]
[2022.10.11-18.32.50:766][  0]LogConfig: Setting CVar [[r.SSS.SampleSet:2]]
[2022.10.11-18.32.50:766][  0]LogConfig: Setting CVar [[r.SSS.Quality:1]]
[2022.10.11-18.32.50:766][  0]LogConfig: Setting CVar [[r.SSS.HalfRes:0]]
[2022.10.11-18.32.50:766][  0]LogConfig: Setting CVar [[r.SSGI.Quality:3]]
[2022.10.11-18.32.50:766][  0]LogConfig: Setting CVar [[r.EmitterSpawnRateScale:1.0]]
[2022.10.11-18.32.50:766][  0]LogConfig: Setting CVar [[r.ParticleLightQuality:2]]
[2022.10.11-18.32.50:766][  0]LogConfig: Setting CVar [[r.SkyAtmosphere.AerialPerspectiveLUT.FastApplyOnOpaque:1 ; Always have FastSkyLUT 1 in this case to avoid wrong sky]]
[2022.10.11-18.32.50:766][  0]LogConfig: Setting CVar [[r.SkyAtmosphere.AerialPerspectiveLUT.SampleCountMaxPerSlice:4]]
[2022.10.11-18.32.50:766][  0]LogConfig: Setting CVar [[r.SkyAtmosphere.AerialPerspectiveLUT.DepthResolution:16.0]]
[2022.10.11-18.32.50:766][  0]LogConfig: Setting CVar [[r.SkyAtmosphere.FastSkyLUT:1]]
[2022.10.11-18.32.50:766][  0]LogConfig: Setting CVar [[r.SkyAtmosphere.FastSkyLUT.SampleCountMin:4.0]]
[2022.10.11-18.32.50:766][  0]LogConfig: Setting CVar [[r.SkyAtmosphere.FastSkyLUT.SampleCountMax:128.0]]
[2022.10.11-18.32.50:766][  0]LogConfig: Setting CVar [[r.SkyAtmosphere.SampleCountMin:4.0]]
[2022.10.11-18.32.50:766][  0]LogConfig: Setting CVar [[r.SkyAtmosphere.SampleCountMax:128.0]]
[2022.10.11-18.32.50:766][  0]LogConfig: Setting CVar [[r.SkyAtmosphere.TransmittanceLUT.UseSmallFormat:0]]
[2022.10.11-18.32.50:766][  0]LogConfig: Setting CVar [[r.SkyAtmosphere.TransmittanceLUT.SampleCount:10.0]]
[2022.10.11-18.32.50:766][  0]LogConfig: Setting CVar [[r.SkyAtmosphere.MultiScatteringLUT.SampleCount:15.0]]
[2022.10.11-18.32.50:766][  0]LogConfig: Setting CVar [[r.SkyLight.RealTimeReflectionCapture:1]]
[2022.10.11-18.32.50:766][  0]LogConfig: Applying CVar settings from Section [FoliageQuality@3] File [E:/chris animation/animation-project/Saved/Config/Windows/Scalability.ini]
[2022.10.11-18.32.50:766][  0]LogConfig: Setting CVar [[foliage.DensityScale:1.0]]
[2022.10.11-18.32.50:766][  0]LogConfig: Setting CVar [[grass.DensityScale:1.0]]
[2022.10.11-18.32.50:766][  0]LogConfig: Applying CVar settings from Section [ShadingQuality@3] File [E:/chris animation/animation-project/Saved/Config/Windows/Scalability.ini]
[2022.10.11-18.32.50:766][  0]LogConfig: Setting CVar [[r.HairStrands.SkyLighting.IntegrationType:2]]
[2022.10.11-18.32.50:766][  0]LogConfig: Setting CVar [[r.HairStrands.SkyAO.SampleCount:4]]
[2022.10.11-18.32.50:766][  0]LogConfig: Setting CVar [[r.HairStrands.Visibility.MSAA.SamplePerPixel:4]]
[2022.10.11-18.32.50:766][  0]LogInit: Selected Device Profile: [Windows]
[2022.10.11-18.32.50:766][  0]LogInit: Applying CVar settings loaded from the selected device profile: [Windows]
[2022.10.11-18.32.50:766][  0]LogHAL: Display: Platform has ~ 16 GB [17125842944 / 17179869184 / 16], which maps to Larger [LargestMinGB=32, LargerMinGB=12, DefaultMinGB=8, SmallerMinGB=6, SmallestMinGB=0)
[2022.10.11-18.32.50:767][  0]LogInit: Going up to parent DeviceProfile []
[2022.10.11-18.32.50:767][  0]LogConfig: Applying CVar settings from Section [ViewDistanceQuality@3] File [E:/chris animation/animation-project/Saved/Config/Windows/Scalability.ini]
[2022.10.11-18.32.50:767][  0]LogConfig: Setting CVar [[r.SkeletalMeshLODBias:0]]
[2022.10.11-18.32.50:767][  0]LogConfig: Setting CVar [[r.ViewDistanceScale:1.0]]
[2022.10.11-18.32.50:767][  0]LogConfig: Applying CVar settings from Section [AntiAliasingQuality@3] File [E:/chris animation/animation-project/Saved/Config/Windows/Scalability.ini]
[2022.10.11-18.32.50:767][  0]LogConfig: Setting CVar [[r.PostProcessAAQuality:4]]
[2022.10.11-18.32.50:767][  0]LogConfig: Applying CVar settings from Section [ShadowQuality@3] File [E:/chris animation/animation-project/Saved/Config/Windows/Scalability.ini]
[2022.10.11-18.32.50:767][  0]LogConfig: Setting CVar [[r.LightFunctionQuality:1]]
[2022.10.11-18.32.50:767][  0]LogConfig: Setting CVar [[r.ShadowQuality:5]]
[2022.10.11-18.32.50:767][  0]LogConfig: Setting CVar [[r.Shadow.CSM.MaxCascades:10]]
[2022.10.11-18.32.50:767][  0]LogConfig: Setting CVar [[r.Shadow.MaxResolution:2048]]
[2022.10.11-18.32.50:767][  0]LogConfig: Setting CVar [[r.Shadow.MaxCSMResolution:2048]]
[2022.10.11-18.32.50:767][  0]LogConfig: Setting CVar [[r.Shadow.RadiusThreshold:0.01]]
[2022.10.11-18.32.50:767][  0]LogConfig: Setting CVar [[r.Shadow.DistanceScale:1.0]]
[2022.10.11-18.32.50:767][  0]LogConfig: Setting CVar [[r.Shadow.CSM.TransitionScale:1.0]]
[2022.10.11-18.32.50:767][  0]LogConfig: Setting CVar [[r.Shadow.PreShadowResolutionFactor:1.0]]
[2022.10.11-18.32.50:767][  0]LogConfig: Setting CVar [[r.DistanceFieldShadowing:1]]
[2022.10.11-18.32.50:767][  0]LogConfig: Setting CVar [[r.DistanceFieldAO:1]]
[2022.10.11-18.32.50:767][  0]LogConfig: Setting CVar [[r.AOQuality:2]]
[2022.10.11-18.32.50:767][  0]LogConfig: Setting CVar [[r.VolumetricFog:1]]
[2022.10.11-18.32.50:767][  0]LogConfig: Setting CVar [[r.VolumetricFog.GridPixelSize:8]]
[2022.10.11-18.32.50:767][  0]LogConfig: Setting CVar [[r.VolumetricFog.GridSizeZ:128]]
[2022.10.11-18.32.50:767][  0]LogConfig: Setting CVar [[r.VolumetricFog.HistoryMissSupersampleCount:4]]
[2022.10.11-18.32.50:767][  0]LogConfig: Setting CVar [[r.LightMaxDrawDistanceScale:1]]
[2022.10.11-18.32.50:767][  0]LogConfig: Setting CVar [[r.CapsuleShadows:1]]
[2022.10.11-18.32.50:767][  0]LogConfig: Applying CVar settings from Section [PostProcessQuality@3] File [E:/chris animation/animation-project/Saved/Config/Windows/Scalability.ini]
[2022.10.11-18.32.50:767][  0]LogConfig: Setting CVar [[r.MotionBlurQuality:4]]
[2022.10.11-18.32.50:767][  0]LogConfig: Setting CVar [[r.AmbientOcclusionMipLevelFactor:0.4]]
[2022.10.11-18.32.50:767][  0]LogConfig: Setting CVar [[r.AmbientOcclusionMaxQuality:100]]
[2022.10.11-18.32.50:767][  0]LogConfig: Setting CVar [[r.AmbientOcclusionLevels:-1]]
[2022.10.11-18.32.50:767][  0]LogConfig: Setting CVar [[r.AmbientOcclusionRadiusScale:1.0]]
[2022.10.11-18.32.50:767][  0]LogConfig: Setting CVar [[r.DepthOfFieldQuality:2]]
[2022.10.11-18.32.50:767][  0]LogConfig: Setting CVar [[r.RenderTargetPoolMin:400]]
[2022.10.11-18.32.50:767][  0]LogConfig: Setting CVar [[r.LensFlareQuality:2]]
[2022.10.11-18.32.50:767][  0]LogConfig: Setting CVar [[r.SceneColorFringeQuality:1]]
[2022.10.11-18.32.50:767][  0]LogConfig: Setting CVar [[r.EyeAdaptationQuality:2]]
[2022.10.11-18.32.50:767][  0]LogConfig: Setting CVar [[r.BloomQuality:5]]
[2022.10.11-18.32.50:767][  0]LogConfig: Setting CVar [[r.FastBlurThreshold:100]]
[2022.10.11-18.32.50:767][  0]LogConfig: Setting CVar [[r.Upscale.Quality:3]]
[2022.10.11-18.32.50:767][  0]LogConfig: Setting CVar [[r.Tonemapper.GrainQuantization:1]]
[2022.10.11-18.32.50:767][  0]LogConfig: Setting CVar [[r.LightShaftQuality:1]]
[2022.10.11-18.32.50:767][  0]LogConfig: Setting CVar [[r.Filter.SizeScale:1]]
[2022.10.11-18.32.50:767][  0]LogConfig: Setting CVar [[r.Tonemapper.Quality:5]]
[2022.10.11-18.32.50:767][  0]LogConfig: Setting CVar [[r.DOF.Gather.AccumulatorQuality:1        ; higher gathering accumulator quality]]
[2022.10.11-18.32.50:767][  0]LogConfig: Setting CVar [[r.DOF.Gather.PostfilterMethod:1          ; Median3x3 postfilering method]]
[2022.10.11-18.32.50:767][  0]LogConfig: Setting CVar [[r.DOF.Gather.EnableBokehSettings:0       ; no bokeh simulation when gathering]]
[2022.10.11-18.32.50:767][  0]LogConfig: Setting CVar [[r.DOF.Gather.RingCount:4                 ; medium number of samples when gathering]]
[2022.10.11-18.32.50:767][  0]LogConfig: Setting CVar [[r.DOF.Scatter.ForegroundCompositing:1    ; additive foreground scattering]]
[2022.10.11-18.32.50:767][  0]LogConfig: Setting CVar [[r.DOF.Scatter.BackgroundCompositing:2    ; additive background scattering]]
[2022.10.11-18.32.50:767][  0]LogConfig: Setting CVar [[r.DOF.Scatter.EnableBokehSettings:1      ; bokeh simulation when scattering]]
[2022.10.11-18.32.50:767][  0]LogConfig: Setting CVar [[r.DOF.Scatter.MaxSpriteRatio:0.1         ; only a maximum of 10% of scattered bokeh]]
[2022.10.11-18.32.50:767][  0]LogConfig: Setting CVar [[r.DOF.Recombine.Quality:1                ; cheap slight out of focus]]
[2022.10.11-18.32.50:767][  0]LogConfig: Setting CVar [[r.DOF.Recombine.EnableBokehSettings:0    ; no bokeh simulation on slight out of focus]]
[2022.10.11-18.32.50:767][  0]LogConfig: Setting CVar [[r.DOF.TemporalAAQuality:1                ; more stable temporal accumulation]]
[2022.10.11-18.32.50:767][  0]LogConfig: Setting CVar [[r.DOF.Kernel.MaxForegroundRadius:0.025]]
[2022.10.11-18.32.50:767][  0]LogConfig: Setting CVar [[r.DOF.Kernel.MaxBackgroundRadius:0.025]]
[2022.10.11-18.32.50:767][  0]LogConfig: Applying CVar settings from Section [TextureQuality@3] File [E:/chris animation/animation-project/Saved/Config/Windows/Scalability.ini]
[2022.10.11-18.32.50:767][  0]LogConfig: Setting CVar [[r.Streaming.MipBias:0]]
[2022.10.11-18.32.50:767][  0]LogConfig: Setting CVar [[r.Streaming.AmortizeCPUToGPUCopy:0]]
[2022.10.11-18.32.50:767][  0]LogConfig: Setting CVar [[r.Streaming.MaxNumTexturesToStreamPerFrame:0]]
[2022.10.11-18.32.50:767][  0]LogConfig: Setting CVar [[r.Streaming.Boost:1]]
[2022.10.11-18.32.50:767][  0]LogConfig: Setting CVar [[r.MaxAnisotropy:8]]
[2022.10.11-18.32.50:767][  0]LogConfig: Setting CVar [[r.VT.MaxAnisotropy:8]]
[2022.10.11-18.32.50:767][  0]LogConfig: Setting CVar [[r.Streaming.LimitPoolSizeToVRAM:0]]
[2022.10.11-18.32.50:767][  0]LogConfig: Setting CVar [[r.Streaming.PoolSize:1000]]
[2022.10.11-18.32.50:767][  0]LogConfig: Setting CVar [[r.Streaming.MaxEffectiveScreenSize:0]]
[2022.10.11-18.32.50:767][  0]LogConfig: Applying CVar settings from Section [EffectsQuality@3] File [E:/chris animation/animation-project/Saved/Config/Windows/Scalability.ini]
[2022.10.11-18.32.50:767][  0]LogConfig: Setting CVar [[r.TranslucencyLightingVolumeDim:64]]
[2022.10.11-18.32.50:767][  0]LogConfig: Setting CVar [[r.RefractionQuality:2]]
[2022.10.11-18.32.50:767][  0]LogConfig: Setting CVar [[r.SSR.Quality:3]]
[2022.10.11-18.32.50:767][  0]LogConfig: Setting CVar [[r.SSR.HalfResSceneColor:0]]
[2022.10.11-18.32.50:767][  0]LogConfig: Setting CVar [[r.SceneColorFormat:4]]
[2022.10.11-18.32.50:767][  0]LogConfig: Setting CVar [[r.DetailMode:2]]
[2022.10.11-18.32.50:767][  0]LogConfig: Setting CVar [[r.TranslucencyVolumeBlur:1]]
[2022.10.11-18.32.50:767][  0]LogConfig: Setting CVar [[r.MaterialQualityLevel:1 ; High quality]]
[2022.10.11-18.32.50:767][  0]LogConfig: Setting CVar [[r.AnisotropicMaterials:1]]
[2022.10.11-18.32.50:768][  0]LogConfig: Setting CVar [[r.SSS.Scale:1]]
[2022.10.11-18.32.50:768][  0]LogConfig: Setting CVar [[r.SSS.SampleSet:2]]
[2022.10.11-18.32.50:768][  0]LogConfig: Setting CVar [[r.SSS.Quality:1]]
[2022.10.11-18.32.50:768][  0]LogConfig: Setting CVar [[r.SSS.HalfRes:0]]
[2022.10.11-18.32.50:768][  0]LogConfig: Setting CVar [[r.SSGI.Quality:3]]
[2022.10.11-18.32.50:768][  0]LogConfig: Setting CVar [[r.EmitterSpawnRateScale:1.0]]
[2022.10.11-18.32.50:768][  0]LogConfig: Setting CVar [[r.ParticleLightQuality:2]]
[2022.10.11-18.32.50:768][  0]LogConfig: Setting CVar [[r.SkyAtmosphere.AerialPerspectiveLUT.FastApplyOnOpaque:1 ; Always have FastSkyLUT 1 in this case to avoid wrong sky]]
[2022.10.11-18.32.50:768][  0]LogConfig: Setting CVar [[r.SkyAtmosphere.AerialPerspectiveLUT.SampleCountMaxPerSlice:4]]
[2022.10.11-18.32.50:768][  0]LogConfig: Setting CVar [[r.SkyAtmosphere.AerialPerspectiveLUT.DepthResolution:16.0]]
[2022.10.11-18.32.50:768][  0]LogConfig: Setting CVar [[r.SkyAtmosphere.FastSkyLUT:1]]
[2022.10.11-18.32.50:768][  0]LogConfig: Setting CVar [[r.SkyAtmosphere.FastSkyLUT.SampleCountMin:4.0]]
[2022.10.11-18.32.50:768][  0]LogConfig: Setting CVar [[r.SkyAtmosphere.FastSkyLUT.SampleCountMax:128.0]]
[2022.10.11-18.32.50:768][  0]LogConfig: Setting CVar [[r.SkyAtmosphere.SampleCountMin:4.0]]
[2022.10.11-18.32.50:768][  0]LogConfig: Setting CVar [[r.SkyAtmosphere.SampleCountMax:128.0]]
[2022.10.11-18.32.50:768][  0]LogConfig: Setting CVar [[r.SkyAtmosphere.TransmittanceLUT.UseSmallFormat:0]]
[2022.10.11-18.32.50:768][  0]LogConfig: Setting CVar [[r.SkyAtmosphere.TransmittanceLUT.SampleCount:10.0]]
[2022.10.11-18.32.50:768][  0]LogConfig: Setting CVar [[r.SkyAtmosphere.MultiScatteringLUT.SampleCount:15.0]]
[2022.10.11-18.32.50:768][  0]LogConfig: Setting CVar [[r.SkyLight.RealTimeReflectionCapture:1]]
[2022.10.11-18.32.50:768][  0]LogConfig: Applying CVar settings from Section [FoliageQuality@3] File [E:/chris animation/animation-project/Saved/Config/Windows/Scalability.ini]
[2022.10.11-18.32.50:768][  0]LogConfig: Setting CVar [[foliage.DensityScale:1.0]]
[2022.10.11-18.32.50:768][  0]LogConfig: Setting CVar [[grass.DensityScale:1.0]]
[2022.10.11-18.32.50:768][  0]LogConfig: Applying CVar settings from Section [ShadingQuality@3] File [E:/chris animation/animation-project/Saved/Config/Windows/Scalability.ini]
[2022.10.11-18.32.50:768][  0]LogConfig: Setting CVar [[r.HairStrands.SkyLighting.IntegrationType:2]]
[2022.10.11-18.32.50:768][  0]LogConfig: Setting CVar [[r.HairStrands.SkyAO.SampleCount:4]]
[2022.10.11-18.32.50:768][  0]LogConfig: Setting CVar [[r.HairStrands.Visibility.MSAA.SamplePerPixel:4]]
[2022.10.11-18.32.50:768][  0]LogConfig: Applying CVar settings from Section [Startup] File [../../../Engine/Config/ConsoleVariables.ini]
[2022.10.11-18.32.50:768][  0]LogConfig: Setting CVar [[net.UseAdaptiveNetUpdateFrequency:0]]
[2022.10.11-18.32.50:768][  0]LogConfig: Setting CVar [[p.chaos.AllowCreatePhysxBodies:1]]
[2022.10.11-18.32.50:768][  0]LogConfig: Setting CVar [[fx.SkipVectorVMBackendOptimizations:1]]
[2022.10.11-18.32.50:768][  0]LogConfig: Applying CVar settings from Section [ConsoleVariables] File [E:/chris animation/animation-project/Saved/Config/Windows/Engine.ini]
[2022.10.11-18.32.50:768][  0]LogConfig: Applying CVar settings from Section [ConsoleVariables] File [E:/chris animation/animation-project/Saved/Config/Windows/Editor.ini]
[2022.10.11-18.32.50:768][  0]LogInit: Computer: LIAMSPC
[2022.10.11-18.32.50:768][  0]LogInit: User: Liam
[2022.10.11-18.32.50:768][  0]LogInit: CPU Page size=4096, Cores=6
[2022.10.11-18.32.50:768][  0]LogInit: High frequency timer resolution =10.000000 MHz
[2022.10.11-18.32.50:768][  0]LogMemory: Memory total: Physical=15.9GB (16GB approx)
[2022.10.11-18.32.50:769][  0]LogMemory: Platform Memory Stats for Windows
[2022.10.11-18.32.50:769][  0]LogMemory: Process Physical Memory: 153.67 MB used, 153.67 MB peak
[2022.10.11-18.32.50:769][  0]LogMemory: Process Virtual Memory: 133.30 MB used, 133.30 MB peak
[2022.10.11-18.32.50:769][  0]LogMemory: Physical Memory: 11171.43 MB used,  5161.04 MB free, 16332.48 MB total
[2022.10.11-18.32.50:769][  0]LogMemory: Virtual Memory: 134199240.00 MB used,  18491.04 MB free, 134217728.00 MB total
[2022.10.11-18.32.50:777][  0]LogWindows: WindowsPlatformFeatures enabled
[2022.10.11-18.32.50:863][  0]LogInit: Physics initialised using underlying interface: PhysX
[2022.10.11-18.32.50:865][  0]LogInit: Using OS detected language (en-GB).
[2022.10.11-18.32.50:865][  0]LogInit: Using OS detected locale (en-GB).
[2022.10.11-18.32.50:879][  0]LogTextLocalizationManager: No specific localization for 'en-GB' exists, so the 'en' localization will be used.
[2022.10.11-18.32.51:104][  0]LogInit: Setting process to per monitor DPI aware
[2022.10.11-18.32.51:139][  0]LogWindowsTextInputMethodSystem: Display: IME system deactivated.
[2022.10.11-18.32.51:158][  0]LogSlate: New Slate User Created.  User Index 0, Is Virtual User: 0
[2022.10.11-18.32.51:158][  0]LogSlate: Slate User Registered.  User Index 0, Is Virtual User: 0
[2022.10.11-18.32.51:414][  0]LogD3D11RHI: Loaded GFSDK_Aftermath_Lib.x64.dll
[2022.10.11-18.32.51:418][  0]LogHMD: Failed to initialize OpenVR with code 110
[2022.10.11-18.32.51:418][  0]LogD3D11RHI: D3D11 min allowed feature level: 11_0
[2022.10.11-18.32.51:418][  0]LogD3D11RHI: D3D11 max allowed feature level: 11_0
[2022.10.11-18.32.51:418][  0]LogD3D11RHI: D3D11 adapters:
[2022.10.11-18.32.51:558][  0]LogD3D11RHI:    0. 'NVIDIA GeForce GTX 970' (Feature Level 11_0)
[2022.10.11-18.32.51:558][  0]LogD3D11RHI:       4043/0/8166 MB DedicatedVideo/DedicatedSystem/SharedSystem, Outputs:2, VendorId:0x10de
[2022.10.11-18.32.51:563][  0]LogD3D11RHI:    1. 'Microsoft Basic Render Driver' (Feature Level 11_0)
[2022.10.11-18.32.51:563][  0]LogD3D11RHI:       0/0/8166 MB DedicatedVideo/DedicatedSystem/SharedSystem, Outputs:0, VendorId:0x1414
[2022.10.11-18.32.51:563][  0]LogD3D11RHI: Chosen D3D11 Adapter:
[2022.10.11-18.32.51:563][  0]LogD3D11RHI:     Description : NVIDIA GeForce GTX 970
[2022.10.11-18.32.51:563][  0]LogD3D11RHI:     VendorId    : 10de
[2022.10.11-18.32.51:563][  0]LogD3D11RHI:     DeviceId    : 13c2
[2022.10.11-18.32.51:563][  0]LogD3D11RHI:     SubSysId    : 85081043
[2022.10.11-18.32.51:563][  0]LogD3D11RHI:     Revision    : 00a1
[2022.10.11-18.32.51:563][  0]LogD3D11RHI:     DedicatedVideoMemory : 4239654912 bytes
[2022.10.11-18.32.51:563][  0]LogD3D11RHI:     DedicatedSystemMemory : 0 bytes
[2022.10.11-18.32.51:563][  0]LogD3D11RHI:     SharedSystemMemory : 8562921472 bytes
[2022.10.11-18.32.51:563][  0]LogD3D11RHI:     AdapterLuid : 0 77833
[2022.10.11-18.32.51:572][  0]LogD3D11RHI: Creating new Direct3DDevice
[2022.10.11-18.32.51:572][  0]LogD3D11RHI:     GPU DeviceId: 0x13c2 (for the marketing name, search the web for "GPU Device Id")
[2022.10.11-18.32.51:572][  0]LogWindows: EnumDisplayDevices:
[2022.10.11-18.32.51:572][  0]LogWindows:    0. 'NVIDIA GeForce GTX 970' (P:0 D:1)
[2022.10.11-18.32.51:573][  0]LogWindows:    1. 'NVIDIA GeForce GTX 970' (P:1 D:1)
[2022.10.11-18.32.51:573][  0]LogWindows:    2. 'NVIDIA GeForce GTX 970' (P:0 D:0)
[2022.10.11-18.32.51:573][  0]LogWindows:    3. 'NVIDIA GeForce GTX 970' (P:0 D:0)
[2022.10.11-18.32.51:574][  0]LogWindows: DebugString: FoundDriverCount:4 
[2022.10.11-18.32.51:574][  0]LogD3D11RHI:     Adapter Name: NVIDIA GeForce GTX 970
[2022.10.11-18.32.51:574][  0]LogD3D11RHI:   Driver Version: 516.94 (internal:31.0.15.1694, unified:516.94)
[2022.10.11-18.32.51:574][  0]LogD3D11RHI:      Driver Date: 7-21-2022
[2022.10.11-18.32.51:574][  0]LogRHI: Texture pool is 2830 MB (70% of 4043 MB)
[2022.10.11-18.32.51:574][  0]LogD3D11RHI: Creating D3DDevice using adapter:
[2022.10.11-18.32.51:574][  0]LogD3D11RHI:     Description : NVIDIA GeForce GTX 970
[2022.10.11-18.32.51:574][  0]LogD3D11RHI:     VendorId    : 10de
[2022.10.11-18.32.51:574][  0]LogD3D11RHI:     DeviceId    : 13c2
[2022.10.11-18.32.51:574][  0]LogD3D11RHI:     SubSysId    : 85081043
[2022.10.11-18.32.51:574][  0]LogD3D11RHI:     Revision    : 00a1
[2022.10.11-18.32.51:574][  0]LogD3D11RHI:     DedicatedVideoMemory : 4239654912 bytes
[2022.10.11-18.32.51:574][  0]LogD3D11RHI:     DedicatedSystemMemory : 0 bytes
[2022.10.11-18.32.51:574][  0]LogD3D11RHI:     SharedSystemMemory : 8562921472 bytes
[2022.10.11-18.32.51:574][  0]LogD3D11RHI:     AdapterLuid : 0 77833
[2022.10.11-18.32.51:648][  0]LogD3D11RHI: RHI has support for 64 bit atomics
[2022.10.11-18.32.51:648][  0]LogD3D11RHI: Async texture creation enabled
[2022.10.11-18.32.51:649][  0]LogD3D11RHI: Array index from any shader is supported
[2022.10.11-18.32.51:668][  0]LogD3D11RHI: GPU Timing Frequency: 1000.000000 (Debug: 2 1)
[2022.10.11-18.32.51:755][  0]LogRHI: GeForceNow SDK initialized: 1
[2022.10.11-18.32.52:316][  0]LogTargetPlatformManager: Display: Loaded TargetPlatform 'AllDesktop'
[2022.10.11-18.32.52:347][  0]LogTargetPlatformManager: Display: Loaded TargetPlatform 'Android'
[2022.10.11-18.32.52:347][  0]LogTargetPlatformManager: Display: Loaded TargetPlatform 'Android_ASTC'
[2022.10.11-18.32.52:347][  0]LogTargetPlatformManager: Display: Loaded TargetPlatform 'Android_DXT'
[2022.10.11-18.32.52:347][  0]LogTargetPlatformManager: Display: Loaded TargetPlatform 'Android_ETC2'
[2022.10.11-18.32.52:347][  0]LogTargetPlatformManager: Display: Loaded TargetPlatform 'AndroidClient'
[2022.10.11-18.32.52:347][  0]LogTargetPlatformManager: Display: Loaded TargetPlatform 'Android_ASTCClient'
[2022.10.11-18.32.52:347][  0]LogTargetPlatformManager: Display: Loaded TargetPlatform 'Android_DXTClient'
[2022.10.11-18.32.52:347][  0]LogTargetPlatformManager: Display: Loaded TargetPlatform 'Android_ETC2Client'
[2022.10.11-18.32.52:347][  0]LogTargetPlatformManager: Display: Loaded TargetPlatform 'Android_Multi'
[2022.10.11-18.32.52:347][  0]LogTargetPlatformManager: Display: Loaded TargetPlatform 'Android_MultiClient'
[2022.10.11-18.32.52:377][  0]LogTargetPlatformManager: Display: Loaded TargetPlatform 'IOSClient'
[2022.10.11-18.32.52:377][  0]LogTargetPlatformManager: Display: Loaded TargetPlatform 'IOS'
[2022.10.11-18.32.52:394][  0]LogTargetPlatformManager: Display: Loaded TargetPlatform 'Linux'
[2022.10.11-18.32.52:402][  0]LogTargetPlatformManager: Display: Loaded TargetPlatform 'LinuxNoEditor'
[2022.10.11-18.32.52:409][  0]LogTargetPlatformManager: Display: Loaded TargetPlatform 'LinuxClient'
[2022.10.11-18.32.52:416][  0]LogTargetPlatformManager: Display: Loaded TargetPlatform 'LinuxServer'
[2022.10.11-18.32.52:433][  0]LogTargetPlatformManager: Display: Loaded TargetPlatform 'LinuxAArch64NoEditor'
[2022.10.11-18.32.52:439][  0]LogTargetPlatformManager: Display: Loaded TargetPlatform 'LinuxAArch64Client'
[2022.10.11-18.32.52:447][  0]LogTargetPlatformManager: Display: Loaded TargetPlatform 'LinuxAArch64Server'
[2022.10.11-18.32.52:486][  0]LogTargetPlatformManager: Display: Loaded TargetPlatform 'Lumin'
[2022.10.11-18.32.52:486][  0]LogTargetPlatformManager: Display: Loaded TargetPlatform 'LuminClient'
[2022.10.11-18.32.52:500][  0]LogTargetPlatformManager: Display: Loaded TargetPlatform 'MacNoEditor'
[2022.10.11-18.32.52:507][  0]LogTargetPlatformManager: Display: Loaded TargetPlatform 'Mac'
[2022.10.11-18.32.52:514][  0]LogTargetPlatformManager: Display: Loaded TargetPlatform 'MacClient'
[2022.10.11-18.32.52:523][  0]LogTargetPlatformManager: Display: Loaded TargetPlatform 'MacServer'
[2022.10.11-18.32.52:539][  0]LogTargetPlatformManager: Display: Loaded TargetPlatform 'TVOSClient'
[2022.10.11-18.32.52:539][  0]LogTargetPlatformManager: Display: Loaded TargetPlatform 'TVOS'
[2022.10.11-18.32.52:554][  0]LogTargetPlatformManager: Display: Loaded TargetPlatform 'WindowsNoEditor'
[2022.10.11-18.32.52:561][  0]LogTargetPlatformManager: Display: Loaded TargetPlatform 'Windows'
[2022.10.11-18.32.52:568][  0]LogTargetPlatformManager: Display: Loaded TargetPlatform 'WindowsClient'
[2022.10.11-18.32.52:575][  0]LogTargetPlatformManager: Display: Loaded TargetPlatform 'WindowsServer'
[2022.10.11-18.32.52:575][  0]LogTargetPlatformManager: Display: Building Assets For Windows
[2022.10.11-18.32.52:589][  0]LogAudioDebug: Display: Lib vorbis DLL was dynamically loaded.
[2022.10.11-18.32.52:664][  0]LogTextureFormatOodle: Display: Oodle Texture 2.9.0 init RDO Off
[2022.10.11-18.32.52:717][  0]LogRendererCore: Ray tracing is disabled. Reason: r.RayTracing=0.
[2022.10.11-18.32.52:717][  0]LogShaderCompilers: Guid format shader working directory is -10 characters bigger than the processId version (../../../../../../../chris animation/animation-project/Intermediate/Shaders/WorkingDirectory/19228/).
[2022.10.11-18.32.52:717][  0]LogShaderCompilers: Cleaned the shader compiler working directory 'C:/Users/Liam/AppData/Local/Temp/UnrealShaderWorkingDir/E478B6CD43F5099433CBBAAE537B9C4B/'.
[2022.10.11-18.32.52:718][  0]LogXGEController: Cannot use XGE Controller as Incredibuild is not installed on this machine.
[2022.10.11-18.32.52:718][  0]LogShaderCompilers: Cannot use XGE Shader Compiler as Incredibuild is not installed on this machine.
[2022.10.11-18.32.52:718][  0]LogShaderCompilers: Display: Using Local Shader Compiler.
[2022.10.11-18.32.53:609][  0]LogDerivedDataCache: Display: Max Cache Size: 512 MB
[2022.10.11-18.32.53:687][  0]LogDerivedDataCache: Loaded boot cache 0.08s 94MB C:/Users/Liam/AppData/Local/UnrealEngine/4.27/DerivedDataCache/Boot.ddc.
[2022.10.11-18.32.53:687][  0]LogDerivedDataCache: Display: Loaded Boot cache: C:/Users/Liam/AppData/Local/UnrealEngine/4.27/DerivedDataCache/Boot.ddc
[2022.10.11-18.32.53:687][  0]LogDerivedDataCache: FDerivedDataBackendGraph:  Pak pak cache file ../../../../../../../chris animation/animation-project/DerivedDataCache/DDC.ddp not found, will not use a pak cache.
[2022.10.11-18.32.53:687][  0]LogDerivedDataCache: Unable to find inner node Pak for hierarchical cache Hierarchy.
[2022.10.11-18.32.53:687][  0]LogDerivedDataCache: FDerivedDataBackendGraph:  CompressedPak pak cache file ../../../../../../../chris animation/animation-project/DerivedDataCache/Compressed.ddp not found, will not use a pak cache.
[2022.10.11-18.32.53:687][  0]LogDerivedDataCache: Unable to find inner node CompressedPak for hierarchical cache Hierarchy.
[2022.10.11-18.32.53:709][  0]LogDerivedDataCache: Display: Pak cache opened for reading ../../../Engine/DerivedDataCache/Compressed.ddp.
[2022.10.11-18.32.53:709][  0]LogDerivedDataCache: FDerivedDataBackendGraph:  EnterprisePak pak cache file ../../../Enterprise/DerivedDataCache/Compressed.ddp not found, will not use a pak cache.
[2022.10.11-18.32.53:709][  0]LogDerivedDataCache: Unable to find inner node EnterprisePak for hierarchical cache Hierarchy.
[2022.10.11-18.32.53:722][  0]LogDerivedDataCache: Speed tests for C:/Users/Liam/AppData/Local/UnrealEngine/Common/DerivedDataCache took 0.01 seconds
[2022.10.11-18.32.53:722][  0]LogDerivedDataCache: Display: Performance to C:/Users/Liam/AppData/Local/UnrealEngine/Common/DerivedDataCache: Latency=0.11ms. RandomReadSpeed=1003.01MBs, RandomWriteSpeed=87.36MBs. Assigned SpeedClass 'Local'
[2022.10.11-18.32.53:722][  0]LogDerivedDataCache: Using Local data cache path C:/Users/Liam/AppData/Local/UnrealEngine/Common/DerivedDataCache: Writable
[2022.10.11-18.32.53:723][  0]LogDerivedDataCache: Shared data cache path not found in *engine.ini, will not use an Shared cache.
[2022.10.11-18.32.53:723][  0]LogDerivedDataCache: Unable to find inner node Shared for hierarchical cache Hierarchy.
[2022.10.11-18.32.53:773][  0]LogSlate: Using FreeType 2.10.0
[2022.10.11-18.32.53:774][  0]LogSlate: SlateFontServices - WITH_FREETYPE: 1, WITH_HARFBUZZ: 1
[2022.10.11-18.32.53:803][  0]LogAssetRegistry: FAssetRegistry took 0.0031 seconds to start up
[2022.10.11-18.32.54:106][  0]LogInit: Selected Device Profile: [Windows]
[2022.10.11-18.32.54:106][  0]LogInit: Active device profile: [00000207E4A99400][00000207D86A9840 49] Windows
[2022.10.11-18.32.54:106][  0]LogInit: Profiles: [00000207E4A99400][00000207D86A9840 49] Windows, [00000207E4A3C100][00000207DA3279C0 49] WindowsNoEditor, [00000207E4A24300][00000207DA32BB40 49] WindowsServer, [00000207E4A3E800][00000207DA32E140 49] WindowsClient, [00000207E4A25800][00000207DA3322C0 49] IOS, [00000207E4A3E000][00000207DA5AA440 49] iPadAir, [00000207E4A26100][00000207DA5AE5C0 49] iPadAir2, [00000207E49DC200][00000207DA322840 49] IPadPro, [00000207E49DC300][00000207DA5B2880 49] iPadAir3, [00000207E4A27E00][00000207DA5B69C0 49] iPadAir4, [00000207E49DFB00][00000207DA5BAB00 49] iPadMini2, [00000207E4A24100][00000207DA5C2C80 49] iPadMini3, [00000207E49DEA00][00000207DA5C6E00 49] iPadMini4, [00000207E4A26F00][00000207DA5CAF80 49] iPadMini5, [00000207E49DBA00][00000207D9B57240 49] iPhone6, [00000207E49DBB00][00000207DA5CF280 49] iPodTouch6, [00000207E49DE000][00000207D9B5F540 49] iPhone7, [00000207E49DDF00][00000207D9B5B580 49] iPodTouch7, [00000207E49D8700][00000207D9B63700 49] iPhone5S, [00000207E49DF300][00000207D9B67880 49] iPhone6Plus, [00000207E49D9400][00000207D9B6BA00 49] iPhone6S, [00000207E49DE600][00000207D9B6FB80 49] iPhone6SPlus, [00000207E49D9100][00000207D9B72180 49] iPhone7Plus, [00000207E49DCE00][00000207D9B76300 49] iPhoneSE, [00000207E49DA600][00000207D9B7A480 49] iPhone8, [00000207E49DE200][00000207D9B7E600 49] iPhone8Plus, [00000207E49DAE00][00000207D9B82780 49] iPhoneX, [00000207E49DE800][00000207D9B86900 49] iPhoneXS, [00000207E49DB600][00000207DA5BEA40 49] iPhoneXSMax, [00000207E49DC100][00000207E3416B80 49] iPhoneXR, [00000207E49D8C00][00000207E341ACC0 49] iPhone11, [00000207E49DCA00][00000207E3422E40 49] iPhone11Pro, [00000207E49D9F00][00000207E3426FC0 49] iPhone11ProMax, [00000207E49DDA00][00000207E342B140 49] iPhoneSE2, [00000207E49DA700][00000207E342F2C0 49] iPhone12Mini, [00000207E49DD300][00000207E3433440 49] iPhone12, [00000207E49D8900][00000207E34375C0 49] iPhone12Pro, [00000207E49DEC00][00000207E347F740 49] iPhone12ProMax, [00000207E49D8F00][00000207E570B8C0 49] iPadPro105, [00000207E49DF600][00000207E57B3A40 49] iPadPro129, [00000207E49DA400][00000207E57B7BC0 49] iPadPro97, [00000207E49DD800][00000207E58781C0 49] iPadPro2_129, [00000207E49D9A00][00000207E587C340 49] iPad5, [00000207E49DEB00][00000207E58804C0 49] iPad6, [00000207E49DA100][00000207E5884640 49] iPad7, [00000207E49DD600][00000207E58887C0 49] iPad8, [00000207E49D8800][00000207E588C940 49] iPadPro11, [00000207E49DD400][00000207E5890AC0 49] iPadPro2_11, [00000207E49DBD00][00000207E341EC00 49] iPadPro3_129, [00000207E49DFC00][00000207E5894D40 49] iPadPro4_129, [00000207E49D8300][00000207E5898E80 49] AppleTV, [00000207E49DC600][00000207E589CFC0 49] AppleTV4K, [00000207E49D8500][00000207D9A2B140 49] TVOS, [00000207E49DFE00][00000207D9A2F2C0 49] Mac, [00000207E49D9E00][00000207D9A33440 49] MacClient, [00000207E49DC400][00000207D9A375C0 49] MacNoEditor, [00000207E49D8D00][00000207D9A3B740 49] MacServer, [00000207E49DCC00][00000207D9A3F8C0 49] Linux, [00000207E49DBE00][00000207D9A43A40 49] LinuxAArch64, [00000207E49DE100][00000207D9A47BC0 49] LinuxNoEditor, [00000207E49D9500][00000207D9A4A1C0 49] LinuxAArch64NoEditor, [00000207E49DD500][00000207D9A4E340 49] LinuxClient, [00000207E49D8100][00000207D9A524C0 49] LinuxAArch64Client, [00000207E49DF900][00000207D9A56640 49] LinuxServer, [00000207E49DB300][00000207D9A5A7C0 49] LinuxAArch64Server, [00000207E4A3F800][00000207D9A5E940 49] Android, [00000207E4A99500][00000207D9A62AC0 49] Android_Low, [00000207E4A3FE00][00000207D9A66C40 49] Android_Mid, [00000207E4A98800][00000207D9A26D80 49] Android_High, [00000207E4A3E900][00000207D9A6AEC0 49] Android_Default, [00000207E4A99600][00000207D9A6F000 49] Android_Adreno4xx, [00000207E4A3E200][00000207D9A73140 49] Android_Adreno5xx_Low, [00000207E4A98B00][00000207E69772C0 49] Android_Adreno5xx, [00000207E4A3DC00][00000207E697B440 49] Android_Adreno6xx, [00000207E4A98D00][00000207E697F5C0 49] Android_Adreno6xx_Vulkan, [00000207E4A3EA00][00000207E6983740 49] Android_Mali_T6xx, [00000207E4A99200][00000207E69878C0 49] Android_Mali_T7xx, [00000207E4A3C800][00000207E698BA40 49] Android_Mali_T8xx, [00000207E4A99A00][00000207E698FBC0 49] Android_Mali_G71, [00000207E4A3DB00][00000207E69921C0 49] Android_Mali_G72, [00000207E4A98A00][00000207E6996340 49] Android_Mali_G72_Vulkan, [00000207E4A3EE00][00000207E699A4C0 49] Android_Mali_G76, [00000207E4A99B00][00000207E699E640 49] Android_Mali_G76_Vulkan, [00000207E4A3CB00][00000207E69A27C0 49] Android_Mali_G77, [00000207E4A9A600][00000207E69A6940 49] Android_Mali_G77_Vulkan, [00000207E4A3FF00][00000207E69AAAC0 49] Android_Mali_G78, [00000207E4A9AE00][00000207E69AEC40 49] Android_Mali_G78_Vulkan, [00000207E4A3EB00][00000207E69B2DC0 49] Android_Mali_G710, [00000207E4A98700][00000207E69B6F40 49] Android_Mali_G710_Vulkan, [00000207E4A3FD00][00000207D9A77080 49] Android_Vulkan_SM5, [00000207E4A9AD00][00000207E69BB1C0 49] Android_PowerVR_G6xxx, [00000207E49DB000][00000207E69BF300 49] Android_PowerVR_GT7xxx, [00000207E4A99800][00000207E69C7480 49] Android_PowerVR_GE8xxx, [00000207E49D8A00][00000207E69CB600 49] Android_PowerVR_GM9xxx, [00000207E4A9A100][00000207E69CF780 49] Android_PowerVR_GM9xxx_Vulkan, [00000207E49DBF00][00000207E69D3900 49] Android_TegraK1, [00000207E4A98F00][00000207E69D7A80 49] Android_Unknown_Vulkan, [00000207E49D9B00][00000207E69DBC00 49] Lumin, [00000207E4A98600][00000207E69DE200 49] Lumin_Desktop, [00000207E49D9C00][00000207E69E2380 49] HoloLens, 
[2022.10.11-18.32.55:050][  0]LogMeshReduction: Using QuadricMeshReduction for automatic static mesh reduction
[2022.10.11-18.32.55:050][  0]LogMeshReduction: Using SimplygonMeshReduction for automatic skeletal mesh reduction
[2022.10.11-18.32.55:050][  0]LogMeshReduction: Using ProxyLODMeshReduction for automatic mesh merging
[2022.10.11-18.32.55:050][  0]LogMeshReduction: No distributed automatic mesh merging module available
[2022.10.11-18.32.55:050][  0]LogMeshMerging: No distributed automatic mesh merging module available
[2022.10.11-18.32.55:073][  0]LogNetVersion: project 1.0.0, NetCL: 17155196, EngineNetVer: 17, GameNetVer: 0 (Checksum: 3814265607)
[2022.10.11-18.32.55:533][  0]LogTexture: Default maximum texture size for cubemaps generated from long-lat sources has been changed from 512 to unlimited. In order to preserve old behaiour for '/Engine/MapTemplates/Sky/DaylightAmbientCubemap.DaylightAmbientCubemap', its maximum texture size has been explicitly set to 512.
[2022.10.11-18.32.55:609][  0]LogHMD: PokeAHoleMaterial loaded successfully
[2022.10.11-18.32.55:615][  0]LogUObjectArray: 17178 objects as part of root set at end of initial load.
[2022.10.11-18.32.55:615][  0]LogUObjectAllocator: 4302048 out of 0 bytes used by permanent object pool.
[2022.10.11-18.32.55:615][  0]LogUObjectArray: CloseDisregardForGC: 0/0 objects in disregard for GC pool
[2022.10.11-18.32.56:100][  0]LogPython: Using Python 3.7.7
[2022.10.11-18.32.56:792][  0]LogNiagaraDebuggerClient: Niagara Debugger Client Initialized | Session: 0505D167493A485D0229249E13A430A8 | Instance: 7298D4D34DB8C17793C2D19D0812385F (LIAMSPC-19228).
[2022.10.11-18.32.57:029][  0]LogTcpMessaging: Initializing TcpMessaging bridge
[2022.10.11-18.32.57:056][  0]LogUdpMessaging: Initializing bridge on interface 0.0.0.0:0 to multicast group 230.0.0.1:6666.
[2022.10.11-18.32.58:582][  0]SourceControl: Source control is disabled
[2022.10.11-18.32.58:582][  0]SourceControl: Source control is disabled
[2022.10.11-18.32.58:705][  0]SourceControl: Source control is disabled
[2022.10.11-18.32.58:710][  0]SourceControl: Source control is disabled
[2022.10.11-18.32.58:722][  0]SourceControl: Source control is disabled
[2022.10.11-18.32.58:727][  0]LogUProjectInfo: Found projects:
[2022.10.11-18.32.58:742][  0]LogVSAccessor: Display: Unable to create Visual Studio setup instance: 80040154
[2022.10.11-18.32.58:742][  0]LogVSAccessor: Display: Unable to create Visual Studio setup instance: 80040154
[2022.10.11-18.32.58:743][  0]LogVSAccessor: Display: Unable to create Visual Studio setup instance: 80040154
[2022.10.11-18.32.58:993][  0]LogOpenImageDenoise: OIDN starting up
[2022.10.11-18.32.59:082][  0]LogAndroidPermission: UAndroidPermissionCallbackProxy::GetInstance
[2022.10.11-18.32.59:120][  0]LogAudioCaptureCore: Display: No Audio Capture implementations found. Audio input will be silent.
[2022.10.11-18.32.59:120][  0]LogAudioCaptureCore: Display: No Audio Capture implementations found. Audio input will be silent.
[2022.10.11-18.32.59:297][  0]LogCollectionManager: Loaded 0 collections in 0.001195 seconds
[2022.10.11-18.32.59:342][  0]LogFileCache: Scanning file cache for directory 'E:/chris animation/animation-project/Saved/Collections/' took 0.00s
[2022.10.11-18.32.59:342][  0]LogFileCache: Scanning file cache for directory 'E:/chris animation/animation-project/Content/Developers/Liam/Collections/' took 0.00s
[2022.10.11-18.32.59:342][  0]LogFileCache: Scanning file cache for directory 'E:/chris animation/animation-project/Content/Collections/' took 0.00s
[2022.10.11-18.32.59:342][  0]LogOcInput: OculusInput pre-init called
[2022.10.11-18.32.59:610][  0]LogEngine: Initializing Engine...
[2022.10.11-18.32.59:613][  0]LogHMD: Failed to enumerate extensions. Please check that you have a valid OpenXR runtime installed.
[2022.10.11-18.32.59:614][  0]LogHMD: Failed to initialize OpenVR with code 110
[2022.10.11-18.32.59:614][  0]LogMagicLeap: Warning: VR disabled because ZI is not enabled.  To enable, in the editor, Edit -> Project Settings -> Plugins -> Magic Leap Plugin -> Enable Zero Iteration
[2022.10.11-18.32.59:615][  0]LogStats: UGameplayTagsManager::InitializeManager -  0.000 s
[2022.10.11-18.32.59:750][  0]LogInit: Initializing FReadOnlyCVARCache
[2022.10.11-18.32.59:763][  0]LogAIModule: Creating AISystem for world Untitled
[2022.10.11-18.32.59:772][  0]LogAudio: Display: Initializing Audio Device Manager...
[2022.10.11-18.32.59:778][  0]LogAudio: Display: Loading Default Audio Settings Objects...
[2022.10.11-18.32.59:779][  0]LogAudio: Display: No default SoundConcurrencyObject specified (or failed to load).
[2022.10.11-18.32.59:779][  0]LogAudio: Display: Audio Device Manager Initialized
[2022.10.11-18.32.59:779][  0]LogAudio: Display: Creating Audio Device:                 Id: 1, Scope: Shared, Realtime: True
[2022.10.11-18.32.59:779][  0]LogAudioMixer: Display: Audio Mixer Platform Settings:
[2022.10.11-18.32.59:779][  0]LogAudioMixer: Display: 	Sample Rate:						  48000
[2022.10.11-18.32.59:779][  0]LogAudioMixer: Display: 	Callback Buffer Frame Size Requested: 1024
[2022.10.11-18.32.59:779][  0]LogAudioMixer: Display: 	Callback Buffer Frame Size To Use:	  1024
[2022.10.11-18.32.59:780][  0]LogAudioMixer: Display: 	Number of buffers to queue:			  2
[2022.10.11-18.32.59:780][  0]LogAudioMixer: Display: 	Max Channels (voices):				  32
[2022.10.11-18.32.59:780][  0]LogAudioMixer: Display: 	Number of Async Source Workers:		  0
[2022.10.11-18.32.59:780][  0]LogAudio: Display: AudioDevice MaxSources: 32
[2022.10.11-18.32.59:780][  0]LogAudio: Display: Audio Spatialization Plugin: None (built-in).
[2022.10.11-18.32.59:780][  0]LogAudio: Display: Audio Reverb Plugin: None (built-in).
[2022.10.11-18.32.59:780][  0]LogAudio: Display: Audio Occlusion Plugin: None (built-in).
[2022.10.11-18.32.59:780][  0]LogAudioMixer: Display: Initializing audio mixer.
[2022.10.11-18.32.59:816][  0]LogAudioMixer: Display: 0: FrontLeft
[2022.10.11-18.32.59:816][  0]LogAudioMixer: Display: 1: FrontRight
[2022.10.11-18.32.59:845][  0]LogAudioMixer: Display: Using Audio Device Speakers (HyperX Quadcast)
[2022.10.11-18.32.59:849][  0]LogAudioMixer: Display: Initializing Sound Submixes...
[2022.10.11-18.32.59:853][  0]LogAudioMixer: Display: Creating Master Submix 'MasterSubmixDefault'
[2022.10.11-18.32.59:853][  0]LogAudioMixer: Display: Creating Master Submix 'MasterReverbSubmixDefault'
[2022.10.11-18.32.59:854][  0]LogAudioMixer: Display: Creating Master Submix 'MasterEQSubmixDefault'
[2022.10.11-18.32.59:854][  0]LogAudioMixer: FMixerPlatformXAudio2::StartAudioStream() called
[2022.10.11-18.32.59:854][  0]LogAudioMixer: Display: Output buffers initialized: Frames=1024, Channels=2, Samples=2048
[2022.10.11-18.32.59:855][  0]LogAudioMixer: Display: Starting AudioMixerPlatformInterface::RunInternal()
[2022.10.11-18.32.59:855][  0]LogAudioMixer: Display: FMixerPlatformXAudio2::SubmitBuffer() called for the first time
[2022.10.11-18.32.59:855][  0]LogInit: FAudioDevice initialized.
[2022.10.11-18.32.59:855][  0]LogAudio: Display: Audio Device (ID: 1) registered with world 'Untitled'.
[2022.10.11-18.32.59:855][  0]LogNetVersion: Set ProjectVersion to 1.0.0.0. Version Checksum will be recalculated on next use.
[2022.10.11-18.33.00:150][  0]LogDerivedDataCache: Saved boot cache 0.30s 94MB C:/Users/Liam/AppData/Local/UnrealEngine/4.27/DerivedDataCache/Boot.ddc.
[2022.10.11-18.33.00:151][  0]LogInit: Texture streaming: Enabled
[2022.10.11-18.33.00:170][  0]LogAnalytics: Display: [UEEditor.Rocket.Release] APIServer = https://datarouter.ol.epicgames.com/. AppVersion = 4.27.2-18319896+++UE4+Release-4.27
[2022.10.11-18.33.00:177][  0]LogEngineSessionManager: EngineSessionManager initialized
[2022.10.11-18.33.00:177][  0]LogEditorSessionSummary: Verbose: Initializing EditorSessionSummaryWriter for editor session tracking
[2022.10.11-18.33.00:181][  0]LogEditorSessionSummary: EditorSessionSummaryWriter initialized
[2022.10.11-18.33.00:213][  0]LogInit: Transaction tracking system initialized
[2022.10.11-18.33.00:249][  0]BlueprintLog: New page: Editor Load
[2022.10.11-18.33.00:354][  0]LocalizationService: Localization service is disabled
[2022.10.11-18.33.00:393][  0]TimingProfiler: Initialize
[2022.10.11-18.33.00:393][  0]TimingProfiler: OnSessionChanged
[2022.10.11-18.33.00:393][  0]LoadingProfiler: Initialize
[2022.10.11-18.33.00:393][  0]LoadingProfiler: OnSessionChanged
[2022.10.11-18.33.00:393][  0]NetworkingProfiler: Initialize
[2022.10.11-18.33.00:393][  0]NetworkingProfiler: OnSessionChanged
[2022.10.11-18.33.00:393][  0]MemoryProfiler: Initialize
[2022.10.11-18.33.00:394][  0]MemoryProfiler: OnSessionChanged
[2022.10.11-18.33.00:486][  0]LogVSAccessor: Display: Unable to create Visual Studio setup instance: 80040154
[2022.10.11-18.33.00:486][  0]LogVSAccessor: Display: Unable to create Visual Studio setup instance: 80040154
[2022.10.11-18.33.00:487][  0]LogVSAccessor: Display: Unable to create Visual Studio setup instance: 80040154
[2022.10.11-18.33.00:633][  0]LogCook: Display: CookSettings for Memory: MemoryMaxUsedVirtual 0MiB, MemoryMaxUsedPhysical 16384MiB, MemoryMinFreeVirtual 0MiB, MemoryMinFreePhysical 1024MiB
[2022.10.11-18.33.00:633][  0]LogCook: Display: Mobile HDR setting 1
[2022.10.11-18.33.00:662][  0]LogFileCache: Scanning file cache for directory 'E:/chris animation/animation-project/Content/' took 0.00s
[2022.10.11-18.33.01:106][  0]LogInit: Display: Engine is initialized. Leaving FEngineLoop::Init()
[2022.10.11-18.33.01:112][  0]SourceControl: Source control is disabled
[2022.10.11-18.33.01:112][  0]LogUnrealEdMisc: Loading editor; pre map load, took 14.744
[2022.10.11-18.33.01:112][  0]Cmd: MAP LOAD FILE="../../../../../../../chris animation/animation-project/Content/ThirdPersonBP/Maps/ThirdPersonExampleMap.umap" TEMPLATE=0 SHOWPROGRESS=1 FEATURELEVEL=3
[2022.10.11-18.33.01:113][  0]LightingResults: New page: Lighting Build
[2022.10.11-18.33.01:115][  0]LogWorld: UWorld::CleanupWorld for Untitled, bSessionEnded=true, bCleanupResources=true
[2022.10.11-18.33.01:115][  0]LogSlate: InvalidateAllWidgets triggered.  All widgets were invalidated
[2022.10.11-18.33.01:115][  0]MapCheck: New page: Map Check
[2022.10.11-18.33.01:115][  0]LightingResults: New page: Lighting Build
[2022.10.11-18.33.01:119][  0]LogAudio: Display: Audio Device unregistered from world 'None'.
[2022.10.11-18.33.01:122][  0]LogUObjectHash: Compacting FUObjectHashTables data took   1.03ms
[2022.10.11-18.33.01:496][  0]LogAudio: Display: Audio Device (ID: 1) registered with world 'ThirdPersonExampleMap'.
[2022.10.11-18.33.01:497][  0]LogAIModule: Creating AISystem for world ThirdPersonExampleMap
[2022.10.11-18.33.01:504][  0]LogEditorServer: Finished looking for orphan Actors (0.000 secs)
[2022.10.11-18.33.01:512][  0]LogUObjectHash: Compacting FUObjectHashTables data took   0.99ms
[2022.10.11-18.33.01:513][  0]Cmd: MAP CHECKDEP NOCLEARLOG
[2022.10.11-18.33.01:513][  0]MapCheck: Map check complete: 0 Error(s), 0 Warning(s), took 0.316ms to complete.
[2022.10.11-18.33.01:513][  0]LogFileHelpers: Loading map 'ThirdPersonExampleMap' took 0.401
[2022.10.11-18.33.01:515][  0]LogUnrealEdMisc: Total Editor Startup Time, took 15.147
[2022.10.11-18.33.01:753][  0]LogSlate: Updating window title bar state: overlay mode, drag disabled, window buttons hidden, title bar hidden
[2022.10.11-18.33.01:760][  0]LogSlate: Updating window title bar state: overlay mode, drag disabled, window buttons hidden, title bar hidden
[2022.10.11-18.33.01:769][  0]LogSlate: Updating window title bar state: overlay mode, drag disabled, window buttons hidden, title bar hidden
[2022.10.11-18.33.01:779][  0]LogSlate: Updating window title bar state: overlay mode, drag disabled, window buttons hidden, title bar hidden
[2022.10.11-18.33.01:798][  0]LogNativeClassHierarchy: Verbose: Native class hierarchy populated in 0.0113 seconds. Added 3822 classes and 928 folders.
[2022.10.11-18.33.01:802][  0]LogNativeClassHierarchy: Verbose: Native class hierarchy updated for 'WidgetCarousel' in 0.0003 seconds. Added 0 classes and 0 folders.
[2022.10.11-18.33.01:804][  0]LogPakFile: PakFile PrimaryIndexSize=187
[2022.10.11-18.33.01:804][  0]LogPakFile: PakFile PathHashIndexSize=101
[2022.10.11-18.33.01:804][  0]LogPakFile: PakFile FullDirectoryIndexSize=148
[2022.10.11-18.33.01:804][  0]LogShaderLibrary: Display: ShaderCodeLibraryPakFileMountedCallback: PakFile 'E:/New folder/New folder/unreal/UE_4.27/FeaturePacks/FP_FirstPerson.upack' (chunk index -1, root 'root:/') mounted
[2022.10.11-18.33.01:804][  0]LogShaderLibrary: Display: ShaderCodeLibraryPakFileMountedCallback: pending pak file info (ChunkID:-1 Root:root:/ File:E:/New folder/New folder/unreal/UE_4.27/FeaturePacks/FP_FirstPerson.upack)
[2022.10.11-18.33.01:804][  0]LogPakFile: OnPakFileMounted2Time == 0.000060
[2022.10.11-18.33.01:806][  0]LogPakFile: PakFile PrimaryIndexSize=189
[2022.10.11-18.33.01:806][  0]LogPakFile: PakFile PathHashIndexSize=101
[2022.10.11-18.33.01:806][  0]LogPakFile: PakFile FullDirectoryIndexSize=152
[2022.10.11-18.33.01:806][  0]LogShaderLibrary: Display: ShaderCodeLibraryPakFileMountedCallback: PakFile 'E:/New folder/New folder/unreal/UE_4.27/FeaturePacks/FP_FirstPersonBP.upack' (chunk index -1, root 'root:/') mounted
[2022.10.11-18.33.01:806][  0]LogShaderLibrary: Display: ShaderCodeLibraryPakFileMountedCallback: pending pak file info (ChunkID:-1 Root:root:/ File:E:/New folder/New folder/unreal/UE_4.27/FeaturePacks/FP_FirstPersonBP.upack)
[2022.10.11-18.33.01:806][  0]LogPakFile: OnPakFileMounted2Time == 0.000041
[2022.10.11-18.33.01:807][  0]LogPakFile: PakFile PrimaryIndexSize=191
[2022.10.11-18.33.01:807][  0]LogPakFile: PakFile PathHashIndexSize=101
[2022.10.11-18.33.01:807][  0]LogPakFile: PakFile FullDirectoryIndexSize=160
[2022.10.11-18.33.01:807][  0]LogShaderLibrary: Display: ShaderCodeLibraryPakFileMountedCallback: PakFile 'E:/New folder/New folder/unreal/UE_4.27/FeaturePacks/MobileStarterContent.upack' (chunk index -1, root 'root:/') mounted
[2022.10.11-18.33.01:807][  0]LogShaderLibrary: Display: ShaderCodeLibraryPakFileMountedCallback: pending pak file info (ChunkID:-1 Root:root:/ File:E:/New folder/New folder/unreal/UE_4.27/FeaturePacks/MobileStarterContent.upack)
[2022.10.11-18.33.01:807][  0]LogPakFile: OnPakFileMounted2Time == 0.000037
[2022.10.11-18.33.01:808][  0]LogPakFile: PakFile PrimaryIndexSize=185
[2022.10.11-18.33.01:808][  0]LogPakFile: PakFile PathHashIndexSize=101
[2022.10.11-18.33.01:808][  0]LogPakFile: PakFile FullDirectoryIndexSize=148
[2022.10.11-18.33.01:808][  0]LogShaderLibrary: Display: ShaderCodeLibraryPakFileMountedCallback: PakFile 'E:/New folder/New folder/unreal/UE_4.27/FeaturePacks/StarterContent.upack' (chunk index -1, root 'root:/') mounted
[2022.10.11-18.33.01:808][  0]LogShaderLibrary: Display: ShaderCodeLibraryPakFileMountedCallback: pending pak file info (ChunkID:-1 Root:root:/ File:E:/New folder/New folder/unreal/UE_4.27/FeaturePacks/StarterContent.upack)
[2022.10.11-18.33.01:808][  0]LogPakFile: OnPakFileMounted2Time == 0.000039
[2022.10.11-18.33.01:809][  0]LogPakFile: PakFile PrimaryIndexSize=190
[2022.10.11-18.33.01:809][  0]LogPakFile: PakFile PathHashIndexSize=101
[2022.10.11-18.33.01:809][  0]LogPakFile: PakFile FullDirectoryIndexSize=154
[2022.10.11-18.33.01:809][  0]LogShaderLibrary: Display: ShaderCodeLibraryPakFileMountedCallback: PakFile 'E:/New folder/New folder/unreal/UE_4.27/FeaturePacks/TP_2DSideScroller.upack' (chunk index -1, root 'root:/') mounted
[2022.10.11-18.33.01:809][  0]LogShaderLibrary: Display: ShaderCodeLibraryPakFileMountedCallback: pending pak file info (ChunkID:-1 Root:root:/ File:E:/New folder/New folder/unreal/UE_4.27/FeaturePacks/TP_2DSideScroller.upack)
[2022.10.11-18.33.01:809][  0]LogPakFile: OnPakFileMounted2Time == 0.000037
[2022.10.11-18.33.01:810][  0]LogPakFile: PakFile PrimaryIndexSize=192
[2022.10.11-18.33.01:810][  0]LogPakFile: PakFile PathHashIndexSize=101
[2022.10.11-18.33.01:810][  0]LogPakFile: PakFile FullDirectoryIndexSize=158
[2022.10.11-18.33.01:810][  0]LogShaderLibrary: Display: ShaderCodeLibraryPakFileMountedCallback: PakFile 'E:/New folder/New folder/unreal/UE_4.27/FeaturePacks/TP_2DSideScrollerBP.upack' (chunk index -1, root 'root:/') mounted
[2022.10.11-18.33.01:810][  0]LogShaderLibrary: Display: ShaderCodeLibraryPakFileMountedCallback: pending pak file info (ChunkID:-1 Root:root:/ File:E:/New folder/New folder/unreal/UE_4.27/FeaturePacks/TP_2DSideScrollerBP.upack)
[2022.10.11-18.33.01:810][  0]LogPakFile: OnPakFileMounted2Time == 0.000037
[2022.10.11-18.33.01:812][  0]LogPakFile: PakFile PrimaryIndexSize=182
[2022.10.11-18.33.01:812][  0]LogPakFile: PakFile PathHashIndexSize=101
[2022.10.11-18.33.01:812][  0]LogPakFile: PakFile FullDirectoryIndexSize=138
[2022.10.11-18.33.01:812][  0]LogShaderLibrary: Display: ShaderCodeLibraryPakFileMountedCallback: PakFile 'E:/New folder/New folder/unreal/UE_4.27/FeaturePacks/TP_Flying.upack' (chunk index -1, root 'root:/') mounted
[2022.10.11-18.33.01:812][  0]LogShaderLibrary: Display: ShaderCodeLibraryPakFileMountedCallback: pending pak file info (ChunkID:-1 Root:root:/ File:E:/New folder/New folder/unreal/UE_4.27/FeaturePacks/TP_Flying.upack)
[2022.10.11-18.33.01:812][  0]LogPakFile: OnPakFileMounted2Time == 0.000037
[2022.10.11-18.33.01:813][  0]LogPakFile: PakFile PrimaryIndexSize=184
[2022.10.11-18.33.01:813][  0]LogPakFile: PakFile PathHashIndexSize=101
[2022.10.11-18.33.01:813][  0]LogPakFile: PakFile FullDirectoryIndexSize=142
[2022.10.11-18.33.01:813][  0]LogShaderLibrary: Display: ShaderCodeLibraryPakFileMountedCallback: PakFile 'E:/New folder/New folder/unreal/UE_4.27/FeaturePacks/TP_FlyingBP.upack' (chunk index -1, root 'root:/') mounted
[2022.10.11-18.33.01:813][  0]LogShaderLibrary: Display: ShaderCodeLibraryPakFileMountedCallback: pending pak file info (ChunkID:-1 Root:root:/ File:E:/New folder/New folder/unreal/UE_4.27/FeaturePacks/TP_FlyingBP.upack)
[2022.10.11-18.33.01:813][  0]LogPakFile: OnPakFileMounted2Time == 0.000036
[2022.10.11-18.33.01:814][  0]LogPakFile: PakFile PrimaryIndexSize=188
[2022.10.11-18.33.01:814][  0]LogPakFile: PakFile PathHashIndexSize=101
[2022.10.11-18.33.01:814][  0]LogPakFile: PakFile FullDirectoryIndexSize=150
[2022.10.11-18.33.01:814][  0]LogShaderLibrary: Display: ShaderCodeLibraryPakFileMountedCallback: PakFile 'E:/New folder/New folder/unreal/UE_4.27/FeaturePacks/TP_HandheldARBP.upack' (chunk index -1, root 'root:/') mounted
[2022.10.11-18.33.01:814][  0]LogShaderLibrary: Display: ShaderCodeLibraryPakFileMountedCallback: pending pak file info (ChunkID:-1 Root:root:/ File:E:/New folder/New folder/unreal/UE_4.27/FeaturePacks/TP_HandheldARBP.upack)
[2022.10.11-18.33.01:814][  0]LogPakFile: OnPakFileMounted2Time == 0.000037
[2022.10.11-18.33.01:815][  0]LogPakFile: PakFile PrimaryIndexSize=182
[2022.10.11-18.33.01:815][  0]LogPakFile: PakFile PathHashIndexSize=101
[2022.10.11-18.33.01:815][  0]LogPakFile: PakFile FullDirectoryIndexSize=138
[2022.10.11-18.33.01:815][  0]LogShaderLibrary: Display: ShaderCodeLibraryPakFileMountedCallback: PakFile 'E:/New folder/New folder/unreal/UE_4.27/FeaturePacks/TP_Puzzle.upack' (chunk index -1, root 'root:/') mounted
[2022.10.11-18.33.01:815][  0]LogShaderLibrary: Display: ShaderCodeLibraryPakFileMountedCallback: pending pak file info (ChunkID:-1 Root:root:/ File:E:/New folder/New folder/unreal/UE_4.27/FeaturePacks/TP_Puzzle.upack)
[2022.10.11-18.33.01:815][  0]LogPakFile: OnPakFileMounted2Time == 0.000037
[2022.10.11-18.33.01:816][  0]LogPakFile: PakFile PrimaryIndexSize=184
[2022.10.11-18.33.01:816][  0]LogPakFile: PakFile PathHashIndexSize=101
[2022.10.11-18.33.01:816][  0]LogPakFile: PakFile FullDirectoryIndexSize=142
[2022.10.11-18.33.01:816][  0]LogShaderLibrary: Display: ShaderCodeLibraryPakFileMountedCallback: PakFile 'E:/New folder/New folder/unreal/UE_4.27/FeaturePacks/TP_PuzzleBP.upack' (chunk index -1, root 'root:/') mounted
[2022.10.11-18.33.01:817][  0]LogShaderLibrary: Display: ShaderCodeLibraryPakFileMountedCallback: pending pak file info (ChunkID:-1 Root:root:/ File:E:/New folder/New folder/unreal/UE_4.27/FeaturePacks/TP_PuzzleBP.upack)
[2022.10.11-18.33.01:817][  0]LogPakFile: OnPakFileMounted2Time == 0.000040
[2022.10.11-18.33.01:818][  0]LogPakFile: PakFile PrimaryIndexSize=183
[2022.10.11-18.33.01:818][  0]LogPakFile: PakFile PathHashIndexSize=101
[2022.10.11-18.33.01:818][  0]LogPakFile: PakFile FullDirectoryIndexSize=140
[2022.10.11-18.33.01:818][  0]LogShaderLibrary: Display: ShaderCodeLibraryPakFileMountedCallback: PakFile 'E:/New folder/New folder/unreal/UE_4.27/FeaturePacks/TP_Rolling.upack' (chunk index -1, root 'root:/') mounted
[2022.10.11-18.33.01:818][  0]LogShaderLibrary: Display: ShaderCodeLibraryPakFileMountedCallback: pending pak file info (ChunkID:-1 Root:root:/ File:E:/New folder/New folder/unreal/UE_4.27/FeaturePacks/TP_Rolling.upack)
[2022.10.11-18.33.01:818][  0]LogPakFile: OnPakFileMounted2Time == 0.000037
[2022.10.11-18.33.01:819][  0]LogPakFile: PakFile PrimaryIndexSize=185
[2022.10.11-18.33.01:819][  0]LogPakFile: PakFile PathHashIndexSize=101
[2022.10.11-18.33.01:819][  0]LogPakFile: PakFile FullDirectoryIndexSize=144
[2022.10.11-18.33.01:819][  0]LogShaderLibrary: Display: ShaderCodeLibraryPakFileMountedCallback: PakFile 'E:/New folder/New folder/unreal/UE_4.27/FeaturePacks/TP_RollingBP.upack' (chunk index -1, root 'root:/') mounted
[2022.10.11-18.33.01:819][  0]LogShaderLibrary: Display: ShaderCodeLibraryPakFileMountedCallback: pending pak file info (ChunkID:-1 Root:root:/ File:E:/New folder/New folder/unreal/UE_4.27/FeaturePacks/TP_RollingBP.upack)
[2022.10.11-18.33.01:819][  0]LogPakFile: OnPakFileMounted2Time == 0.000037
[2022.10.11-18.33.01:820][  0]LogPakFile: PakFile PrimaryIndexSize=188
[2022.10.11-18.33.01:820][  0]LogPakFile: PakFile PathHashIndexSize=101
[2022.10.11-18.33.01:820][  0]LogPakFile: PakFile FullDirectoryIndexSize=150
[2022.10.11-18.33.01:820][  0]LogShaderLibrary: Display: ShaderCodeLibraryPakFileMountedCallback: PakFile 'E:/New folder/New folder/unreal/UE_4.27/FeaturePacks/TP_SideScroller.upack' (chunk index -1, root 'root:/') mounted
[2022.10.11-18.33.01:820][  0]LogShaderLibrary: Display: ShaderCodeLibraryPakFileMountedCallback: pending pak file info (ChunkID:-1 Root:root:/ File:E:/New folder/New folder/unreal/UE_4.27/FeaturePacks/TP_SideScroller.upack)
[2022.10.11-18.33.01:820][  0]LogPakFile: OnPakFileMounted2Time == 0.000039
[2022.10.11-18.33.01:821][  0]LogPakFile: PakFile PrimaryIndexSize=190
[2022.10.11-18.33.01:821][  0]LogPakFile: PakFile PathHashIndexSize=101
[2022.10.11-18.33.01:821][  0]LogPakFile: PakFile FullDirectoryIndexSize=154
[2022.10.11-18.33.01:821][  0]LogShaderLibrary: Display: ShaderCodeLibraryPakFileMountedCallback: PakFile 'E:/New folder/New folder/unreal/UE_4.27/FeaturePacks/TP_SideScrollerBP.upack' (chunk index -1, root 'root:/') mounted
[2022.10.11-18.33.01:821][  0]LogShaderLibrary: Display: ShaderCodeLibraryPakFileMountedCallback: pending pak file info (ChunkID:-1 Root:root:/ File:E:/New folder/New folder/unreal/UE_4.27/FeaturePacks/TP_SideScrollerBP.upack)
[2022.10.11-18.33.01:821][  0]LogPakFile: OnPakFileMounted2Time == 0.000037
[2022.10.11-18.33.01:822][  0]LogPakFile: PakFile PrimaryIndexSize=187
[2022.10.11-18.33.01:822][  0]LogPakFile: PakFile PathHashIndexSize=101
[2022.10.11-18.33.01:822][  0]LogPakFile: PakFile FullDirectoryIndexSize=148
[2022.10.11-18.33.01:823][  0]LogShaderLibrary: Display: ShaderCodeLibraryPakFileMountedCallback: PakFile 'E:/New folder/New folder/unreal/UE_4.27/FeaturePacks/TP_ThirdPerson.upack' (chunk index -1, root 'root:/') mounted
[2022.10.11-18.33.01:823][  0]LogShaderLibrary: Display: ShaderCodeLibraryPakFileMountedCallback: pending pak file info (ChunkID:-1 Root:root:/ File:E:/New folder/New folder/unreal/UE_4.27/FeaturePacks/TP_ThirdPerson.upack)
[2022.10.11-18.33.01:823][  0]LogPakFile: OnPakFileMounted2Time == 0.000048
[2022.10.11-18.33.01:824][  0]LogPakFile: PakFile PrimaryIndexSize=189
[2022.10.11-18.33.01:824][  0]LogPakFile: PakFile PathHashIndexSize=101
[2022.10.11-18.33.01:824][  0]LogPakFile: PakFile FullDirectoryIndexSize=152
[2022.10.11-18.33.01:824][  0]LogShaderLibrary: Display: ShaderCodeLibraryPakFileMountedCallback: PakFile 'E:/New folder/New folder/unreal/UE_4.27/FeaturePacks/TP_ThirdPersonBP.upack' (chunk index -1, root 'root:/') mounted
[2022.10.11-18.33.01:824][  0]LogShaderLibrary: Display: ShaderCodeLibraryPakFileMountedCallback: pending pak file info (ChunkID:-1 Root:root:/ File:E:/New folder/New folder/unreal/UE_4.27/FeaturePacks/TP_ThirdPersonBP.upack)
[2022.10.11-18.33.01:824][  0]LogPakFile: OnPakFileMounted2Time == 0.000037
[2022.10.11-18.33.01:825][  0]LogPakFile: PakFile PrimaryIndexSize=183
[2022.10.11-18.33.01:825][  0]LogPakFile: PakFile PathHashIndexSize=101
[2022.10.11-18.33.01:825][  0]LogPakFile: PakFile FullDirectoryIndexSize=140
[2022.10.11-18.33.01:825][  0]LogShaderLibrary: Display: ShaderCodeLibraryPakFileMountedCallback: PakFile 'E:/New folder/New folder/unreal/UE_4.27/FeaturePacks/TP_TopDown.upack' (chunk index -1, root 'root:/') mounted
[2022.10.11-18.33.01:825][  0]LogShaderLibrary: Display: ShaderCodeLibraryPakFileMountedCallback: pending pak file info (ChunkID:-1 Root:root:/ File:E:/New folder/New folder/unreal/UE_4.27/FeaturePacks/TP_TopDown.upack)
[2022.10.11-18.33.01:825][  0]LogPakFile: OnPakFileMounted2Time == 0.000046
[2022.10.11-18.33.01:826][  0]LogPakFile: PakFile PrimaryIndexSize=185
[2022.10.11-18.33.01:826][  0]LogPakFile: PakFile PathHashIndexSize=101
[2022.10.11-18.33.01:826][  0]LogPakFile: PakFile FullDirectoryIndexSize=144
[2022.10.11-18.33.01:826][  0]LogShaderLibrary: Display: ShaderCodeLibraryPakFileMountedCallback: PakFile 'E:/New folder/New folder/unreal/UE_4.27/FeaturePacks/TP_TopDownBP.upack' (chunk index -1, root 'root:/') mounted
[2022.10.11-18.33.01:826][  0]LogShaderLibrary: Display: ShaderCodeLibraryPakFileMountedCallback: pending pak file info (ChunkID:-1 Root:root:/ File:E:/New folder/New folder/unreal/UE_4.27/FeaturePacks/TP_TopDownBP.upack)
[2022.10.11-18.33.01:826][  0]LogPakFile: OnPakFileMounted2Time == 0.000037
[2022.10.11-18.33.01:827][  0]LogPakFile: PakFile PrimaryIndexSize=185
[2022.10.11-18.33.01:827][  0]LogPakFile: PakFile PathHashIndexSize=101
[2022.10.11-18.33.01:827][  0]LogPakFile: PakFile FullDirectoryIndexSize=144
[2022.10.11-18.33.01:827][  0]LogShaderLibrary: Display: ShaderCodeLibraryPakFileMountedCallback: PakFile 'E:/New folder/New folder/unreal/UE_4.27/FeaturePacks/TP_TwinStick.upack' (chunk index -1, root 'root:/') mounted
[2022.10.11-18.33.01:827][  0]LogShaderLibrary: Display: ShaderCodeLibraryPakFileMountedCallback: pending pak file info (ChunkID:-1 Root:root:/ File:E:/New folder/New folder/unreal/UE_4.27/FeaturePacks/TP_TwinStick.upack)
[2022.10.11-18.33.01:827][  0]LogPakFile: OnPakFileMounted2Time == 0.000036
[2022.10.11-18.33.01:828][  0]LogPakFile: PakFile PrimaryIndexSize=187
[2022.10.11-18.33.01:828][  0]LogPakFile: PakFile PathHashIndexSize=101
[2022.10.11-18.33.01:828][  0]LogPakFile: PakFile FullDirectoryIndexSize=148
[2022.10.11-18.33.01:828][  0]LogShaderLibrary: Display: ShaderCodeLibraryPakFileMountedCallback: PakFile 'E:/New folder/New folder/unreal/UE_4.27/FeaturePacks/TP_TwinStickBP.upack' (chunk index -1, root 'root:/') mounted
[2022.10.11-18.33.01:828][  0]LogShaderLibrary: Display: ShaderCodeLibraryPakFileMountedCallback: pending pak file info (ChunkID:-1 Root:root:/ File:E:/New folder/New folder/unreal/UE_4.27/FeaturePacks/TP_TwinStickBP.upack)
[2022.10.11-18.33.01:828][  0]LogPakFile: OnPakFileMounted2Time == 0.000037
[2022.10.11-18.33.01:830][  0]LogPakFile: PakFile PrimaryIndexSize=183
[2022.10.11-18.33.01:830][  0]LogPakFile: PakFile PathHashIndexSize=101
[2022.10.11-18.33.01:830][  0]LogPakFile: PakFile FullDirectoryIndexSize=140
[2022.10.11-18.33.01:830][  0]LogShaderLibrary: Display: ShaderCodeLibraryPakFileMountedCallback: PakFile 'E:/New folder/New folder/unreal/UE_4.27/FeaturePacks/TP_Vehicle.upack' (chunk index -1, root 'root:/') mounted
[2022.10.11-18.33.01:830][  0]LogShaderLibrary: Display: ShaderCodeLibraryPakFileMountedCallback: pending pak file info (ChunkID:-1 Root:root:/ File:E:/New folder/New folder/unreal/UE_4.27/FeaturePacks/TP_Vehicle.upack)
[2022.10.11-18.33.01:830][  0]LogPakFile: OnPakFileMounted2Time == 0.000037
[2022.10.11-18.33.01:831][  0]LogPakFile: PakFile PrimaryIndexSize=186
[2022.10.11-18.33.01:831][  0]LogPakFile: PakFile PathHashIndexSize=101
[2022.10.11-18.33.01:831][  0]LogPakFile: PakFile FullDirectoryIndexSize=146
[2022.10.11-18.33.01:831][  0]LogShaderLibrary: Display: ShaderCodeLibraryPakFileMountedCallback: PakFile 'E:/New folder/New folder/unreal/UE_4.27/FeaturePacks/TP_VehicleAdv.upack' (chunk index -1, root 'root:/') mounted
[2022.10.11-18.33.01:831][  0]LogShaderLibrary: Display: ShaderCodeLibraryPakFileMountedCallback: pending pak file info (ChunkID:-1 Root:root:/ File:E:/New folder/New folder/unreal/UE_4.27/FeaturePacks/TP_VehicleAdv.upack)
[2022.10.11-18.33.01:831][  0]LogPakFile: OnPakFileMounted2Time == 0.000038
[2022.10.11-18.33.01:832][  0]LogPakFile: PakFile PrimaryIndexSize=188
[2022.10.11-18.33.01:832][  0]LogPakFile: PakFile PathHashIndexSize=101
[2022.10.11-18.33.01:832][  0]LogPakFile: PakFile FullDirectoryIndexSize=150
[2022.10.11-18.33.01:832][  0]LogShaderLibrary: Display: ShaderCodeLibraryPakFileMountedCallback: PakFile 'E:/New folder/New folder/unreal/UE_4.27/FeaturePacks/TP_VehicleAdvBP.upack' (chunk index -1, root 'root:/') mounted
[2022.10.11-18.33.01:832][  0]LogShaderLibrary: Display: ShaderCodeLibraryPakFileMountedCallback: pending pak file info (ChunkID:-1 Root:root:/ File:E:/New folder/New folder/unreal/UE_4.27/FeaturePacks/TP_VehicleAdvBP.upack)
[2022.10.11-18.33.01:832][  0]LogPakFile: OnPakFileMounted2Time == 0.000037
[2022.10.11-18.33.01:833][  0]LogPakFile: PakFile PrimaryIndexSize=185
[2022.10.11-18.33.01:833][  0]LogPakFile: PakFile PathHashIndexSize=101
[2022.10.11-18.33.01:833][  0]LogPakFile: PakFile FullDirectoryIndexSize=144
[2022.10.11-18.33.01:833][  0]LogShaderLibrary: Display: ShaderCodeLibraryPakFileMountedCallback: PakFile 'E:/New folder/New folder/unreal/UE_4.27/FeaturePacks/TP_VehicleBP.upack' (chunk index -1, root 'root:/') mounted
[2022.10.11-18.33.01:833][  0]LogShaderLibrary: Display: ShaderCodeLibraryPakFileMountedCallback: pending pak file info (ChunkID:-1 Root:root:/ File:E:/New folder/New folder/unreal/UE_4.27/FeaturePacks/TP_VehicleBP.upack)
[2022.10.11-18.33.01:833][  0]LogPakFile: OnPakFileMounted2Time == 0.000037
[2022.10.11-18.33.01:834][  0]LogPakFile: PakFile PrimaryIndexSize=192
[2022.10.11-18.33.01:834][  0]LogPakFile: PakFile PathHashIndexSize=101
[2022.10.11-18.33.01:834][  0]LogPakFile: PakFile FullDirectoryIndexSize=158
[2022.10.11-18.33.01:834][  0]LogShaderLibrary: Display: ShaderCodeLibraryPakFileMountedCallback: PakFile 'E:/New folder/New folder/unreal/UE_4.27/FeaturePacks/TP_VirtualRealityBP.upack' (chunk index -1, root 'root:/') mounted
[2022.10.11-18.33.01:834][  0]LogShaderLibrary: Display: ShaderCodeLibraryPakFileMountedCallback: pending pak file info (ChunkID:-1 Root:root:/ File:E:/New folder/New folder/unreal/UE_4.27/FeaturePacks/TP_VirtualRealityBP.upack)
[2022.10.11-18.33.01:834][  0]LogPakFile: OnPakFileMounted2Time == 0.000037
[2022.10.11-18.33.01:927][  0]LogNativeClassHierarchy: Verbose: Native class hierarchy updated for 'AddContentDialog' in 0.0003 seconds. Added 0 classes and 0 folders.
[2022.10.11-18.33.01:929][  0]LogNativeClassHierarchy: Verbose: Native class hierarchy updated for 'SceneOutliner' in 0.0002 seconds. Added 2 classes and 0 folders.
[2022.10.11-18.33.02:037][  0]LogSlate: Took 0.000279 seconds to synchronously load lazily loaded font '../../../Engine/Content/Slate/Fonts/Roboto-Regular.ttf' (155K)
[2022.10.11-18.33.02:039][  0]LogSlate: Took 0.000178 seconds to synchronously load lazily loaded font '../../../Engine/Content/Editor/Slate/Fonts/FontAwesome.ttf' (139K)
[2022.10.11-18.33.02:040][  0]LogSlate: Took 0.000166 seconds to synchronously load lazily loaded font '../../../Engine/Content/Slate/Fonts/Roboto-Bold.ttf' (160K)
[2022.10.11-18.33.02:137][  0]LogRenderer: Reallocating scene render targets to support 1124x572 Format 10 NumSamples 1 (Frame:1).
[2022.10.11-18.33.03:886][  0]LogNativeClassHierarchy: Verbose: Native class hierarchy updated for 'HierarchicalLODOutliner' in 0.0003 seconds. Added 0 classes and 0 folders.
[2022.10.11-18.33.03:886][  0]LogInput: Warning: Action Jump uses invalid key OculusGo_Left_Trigger_Click.
[2022.10.11-18.33.03:886][  0]LogInput: Warning: Action ResetVR uses invalid key OculusGo_Left_Trackpad_Click.
[2022.10.11-18.33.03:886][  0]LogInput: Warning: Use -RemoveInvalidKeys to remove instances of these keys from the action mapping.
[2022.10.11-18.33.03:886][  0]LogLoad: (Engine Initialization) Total time: 17.52 seconds
[2022.10.11-18.33.03:886][  0]LogLoad: (Engine Initialization) Total Blueprint compile time: 0.00 seconds
[2022.10.11-18.33.03:937][  0]LogAssetRegistry: Asset discovery search completed in 10.1357 seconds
[2022.10.11-18.33.03:945][  0]LogCollectionManager: Fixed up redirectors for 0 collections in 0.000003 seconds (updated 0 objects)
[2022.10.11-18.33.03:947][  0]LogContentStreaming: Texture pool size now 1000 MB
[2022.10.11-18.33.04:086][  3]LogSlate: Took 0.000329 seconds to synchronously load lazily loaded font '../../../Engine/Content/Slate/Fonts/Roboto-Light.ttf' (167K)
[2022.10.11-18.33.09:090][384]LogTemp: Repeating last play command: Selected Viewport
[2022.10.11-18.33.09:687][384]LogPlayLevel: PlayLevel: No blueprints needed recompiling
[2022.10.11-18.33.10:124][384]PIE: New page: PIE session: ThirdPersonExampleMap (11 Oct 2022, 20:33:09)
[2022.10.11-18.33.10:718][384]LogOnline: OSS: Creating online subsystem instance for: NULL
[2022.10.11-18.33.10:720][384]LogOnline: OSS: TryLoadSubsystemAndSetDefault: Loaded subsystem for module [NULL]
[2022.10.11-18.33.10:864][384]LogPlayLevel: Creating play world package: /Game/ThirdPersonBP/Maps/UEDPIE_0_ThirdPersonExampleMap
[2022.10.11-18.33.11:242][384]LogPlayLevel: PIE: StaticDuplicateObject took: (0.377377s)
[2022.10.11-18.33.11:257][384]LogAIModule: Creating AISystem for world ThirdPersonExampleMap
[2022.10.11-18.33.11:275][384]LogPlayLevel: PIE: World Init took: (0.032423s)
[2022.10.11-18.33.11:285][384]LogPlayLevel: PIE: Created PIE world by copying editor world from /Game/ThirdPersonBP/Maps/ThirdPersonExampleMap.ThirdPersonExampleMap to /Game/ThirdPersonBP/Maps/UEDPIE_0_ThirdPersonExampleMap.ThirdPersonExampleMap (0.420230s)
[2022.10.11-18.33.11:315][384]LogUObjectHash: Compacting FUObjectHashTables data took   0.72ms
[2022.10.11-18.33.11:318][384]LogAudio: Display: Creating Audio Device:                 Id: 2, Scope: Unique, Realtime: True
[2022.10.11-18.33.11:318][384]LogAudioMixer: Display: Audio Mixer Platform Settings:
[2022.10.11-18.33.11:318][384]LogAudioMixer: Display: 	Sample Rate:						  48000
[2022.10.11-18.33.11:318][384]LogAudioMixer: Display: 	Callback Buffer Frame Size Requested: 1024
[2022.10.11-18.33.11:318][384]LogAudioMixer: Display: 	Callback Buffer Frame Size To Use:	  1024
[2022.10.11-18.33.11:318][384]LogAudioMixer: Display: 	Number of buffers to queue:			  2
[2022.10.11-18.33.11:318][384]LogAudioMixer: Display: 	Max Channels (voices):				  32
[2022.10.11-18.33.11:318][384]LogAudioMixer: Display: 	Number of Async Source Workers:		  0
[2022.10.11-18.33.11:318][384]LogAudio: Display: AudioDevice MaxSources: 32
[2022.10.11-18.33.11:318][384]LogAudio: Display: Audio Spatialization Plugin: None (built-in).
[2022.10.11-18.33.11:318][384]LogAudio: Display: Audio Reverb Plugin: None (built-in).
[2022.10.11-18.33.11:318][384]LogAudio: Display: Audio Occlusion Plugin: None (built-in).
[2022.10.11-18.33.11:318][384]LogAudioMixer: Display: Initializing audio mixer.
[2022.10.11-18.33.11:331][384]LogAudioMixer: Display: 0: FrontLeft
[2022.10.11-18.33.11:331][384]LogAudioMixer: Display: 1: FrontRight
[2022.10.11-18.33.11:386][384]LogAudioMixer: Display: Using Audio Device Speakers (HyperX Quadcast)
[2022.10.11-18.33.11:386][384]LogAudioMixer: Display: Initializing Sound Submixes...
[2022.10.11-18.33.11:386][384]LogAudioMixer: Display: Creating Master Submix 'MasterSubmixDefault'
[2022.10.11-18.33.11:386][384]LogAudioMixer: Display: Creating Master Submix 'MasterReverbSubmixDefault'
[2022.10.11-18.33.11:387][384]LogAudioMixer: Display: Creating Master Submix 'MasterEQSubmixDefault'
[2022.10.11-18.33.11:387][384]LogAudioMixer: FMixerPlatformXAudio2::StartAudioStream() called
[2022.10.11-18.33.11:387][384]LogAudioMixer: Display: Output buffers initialized: Frames=1024, Channels=2, Samples=2048
[2022.10.11-18.33.11:388][384]LogAudioMixer: Display: Starting AudioMixerPlatformInterface::RunInternal()
[2022.10.11-18.33.11:388][384]LogAudioMixer: Display: FMixerPlatformXAudio2::SubmitBuffer() called for the first time
[2022.10.11-18.33.11:388][384]LogInit: FAudioDevice initialized.
[2022.10.11-18.33.11:388][384]LogAudio: Display: Audio Device (ID: 2) registered with world 'ThirdPersonExampleMap'.
[2022.10.11-18.33.11:537][384]LogLoad: Game class is 'ThirdPersonGameMode_C'
[2022.10.11-18.33.11:744][384]LogWorld: Bringing World /Game/ThirdPersonBP/Maps/UEDPIE_0_ThirdPersonExampleMap.ThirdPersonExampleMap up for play (max tick rate 0) at 2022.10.11-19.33.11
[2022.10.11-18.33.11:783][384]LogWorld: Bringing up level for play took: 0.137030
[2022.10.11-18.33.11:785][384]LogOnline: OSS: Creating online subsystem instance for: :Context_4
[2022.10.11-18.33.12:191][384]LogNativeClassHierarchy: Verbose: Native class hierarchy updated for 'MovieSceneCapture' in 0.0004 seconds. Added 20 classes and 0 folders.
[2022.10.11-18.33.12:274][384]PIE: Server logged in
[2022.10.11-18.33.12:275][384]PIE: Play in editor total start time 3.08 seconds.
[2022.10.11-18.33.20:284][ 18]LogSlate: Updating window title bar state: overlay mode, drag disabled, window buttons hidden, title bar hidden
[2022.10.11-18.33.20:284][ 18]LogWorld: BeginTearingDown for /Game/ThirdPersonBP/Maps/UEDPIE_0_ThirdPersonExampleMap
[2022.10.11-18.33.20:370][ 18]LogWorld: UWorld::CleanupWorld for ThirdPersonExampleMap, bSessionEnded=true, bCleanupResources=true
[2022.10.11-18.33.20:377][ 18]LogSlate: InvalidateAllWidgets triggered.  All widgets were invalidated
[2022.10.11-18.33.20:463][ 18]LogPlayLevel: Display: Shutting down PIE online subsystems
[2022.10.11-18.33.20:528][ 18]LogSlate: InvalidateAllWidgets triggered.  All widgets were invalidated
[2022.10.11-18.33.20:615][ 18]LogAudio: Display: Audio Device unregistered from world 'None'.
[2022.10.11-18.33.20:659][ 18]LogAudioMixer: FMixerPlatformXAudio2::StopAudioStream() called
[2022.10.11-18.33.20:919][ 18]LogAudioMixer: FMixerPlatformXAudio2::StopAudioStream() called
[2022.10.11-18.33.20:935][ 18]LogSlate: Updating window title bar state: overlay mode, drag disabled, window buttons hidden, title bar hidden
[2022.10.11-18.33.21:066][ 18]LogUObjectHash: Compacting FUObjectHashTables data took   0.97ms
[2022.10.11-18.33.21:141][ 19]LogPlayLevel: Display: Destroying online subsystem :Context_4
[2022.10.11-18.33.23:610][180]LogSlate: Took 0.159608 seconds to synchronously load lazily loaded font '../../../Engine/Content/Slate/Fonts/Roboto-Italic.ttf' (157K)
[2022.10.11-18.33.24:974][338]LogUObjectHash: Compacting FUObjectHashTables data took   0.71ms
[2022.10.11-18.33.26:280][338]LogSlate: Window 'project - Unreal Editor' being destroyed
[2022.10.11-18.33.27:158][339]Cmd: QUIT_EDITOR
[2022.10.11-18.33.27:158][339]LogCore: Engine exit requested (reason: UUnrealEdEngine::CloseEditor())
[2022.10.11-18.33.27:245][339]LogCore: Engine exit requested (reason: EngineExit() was called; note: exit was already requested)
[2022.10.11-18.33.27:916][339]LogAudio: Display: Beginning Audio Device Manager Shutdown (Module: AudioMixerXAudio2)...
[2022.10.11-18.33.27:916][339]LogAudio: Display: Destroying 1 Remaining Audio Device(s)...
[2022.10.11-18.33.27:916][339]LogAudio: Display: Audio Device unregistered from world 'ThirdPersonExampleMap'.
[2022.10.11-18.33.27:931][339]LogAudioMixer: FMixerPlatformXAudio2::StopAudioStream() called
[2022.10.11-18.33.27:933][339]LogAudioMixer: FMixerPlatformXAudio2::StopAudioStream() called
[2022.10.11-18.33.27:940][339]LogAudio: Display: Audio Device Manager Shutdown
[2022.10.11-18.33.27:943][339]LogWindowsTextInputMethodSystem: Display: IME system deactivated.
[2022.10.11-18.33.27:949][339]LogExit: Preparing to exit.
[2022.10.11-18.33.28:267][339]LogUObjectHash: Compacting FUObjectHashTables data took   1.15ms
[2022.10.11-18.33.29:130][339]LogWorld: UWorld::CleanupWorld for World_1, bSessionEnded=true, bCleanupResources=true
[2022.10.11-18.33.29:130][339]LogWorld: UWorld::CleanupWorld for World_2, bSessionEnded=true, bCleanupResources=true
[2022.10.11-18.33.29:130][339]LogWorld: UWorld::CleanupWorld for World_0, bSessionEnded=true, bCleanupResources=true
[2022.10.11-18.33.30:280][339]LogWorld: UWorld::CleanupWorld for None, bSessionEnded=true, bCleanupResources=true
[2022.10.11-18.33.30:280][339]LogExit: Editor shut down
[2022.10.11-18.33.30:281][339]LogExit: Transaction tracking system shut down
[2022.10.11-18.33.30:307][339]LogDemo: Cleaned up 0 splitscreen connections with owner deletion
[2022.10.11-18.33.33:828][339]LogExit: Object subsystem successfully closed.
[2022.10.11-18.33.33:843][339]LogShaderCompilers: Display: === FShaderJobCache stats ===
[2022.10.11-18.33.33:843][339]LogShaderCompilers: Display: Total job queries 0, among them cache hits 0 (0.00%)
[2022.10.11-18.33.33:843][339]LogShaderCompilers: Display: Tracking 0 distinct input hashes that result in 0 distinct outputs (0.00%)
[2022.10.11-18.33.34:336][339]LogShaderCompilers: Display: RAM used: 0.00 MB (0.00 GB) of 819.20 MB (0.80 GB) budget. Usage: 0.00%
[2022.10.11-18.33.34:336][339]LogShaderCompilers: Display: ================================================
[2022.10.11-18.33.35:015][339]LogShaderCompilers: Display: Shaders left to compile 0
