Log file open, 10/11/22 19:28:45
LogWindows: Failed to load 'aqProf.dll' (GetLastError=126)
LogWindows: File 'aqProf.dll' does not exist
LogWindows: Failed to load 'VtuneApi.dll' (GetLastError=126)
LogWindows: File 'VtuneApi.dll' does not exist
LogWindows: Failed to load 'VtuneApi32e.dll' (GetLastError=126)
LogWindows: File 'VtuneApi32e.dll' does not exist
LogConsoleResponse: Display: Failed to find resolution value strings in scalability ini. Falling back to default.
LogConsoleResponse: Display: Failed to find resolution value strings in scalability ini. Falling back to default.
LogInit: Display: Running engine for game: project
LogPlatformFile: Not using cached read wrapper
LogTaskGraph: Started task graph with 5 named threads and 35 total threads with 3 sets of task threads.
LogStats: Stats thread started at 11.722419
LogICUInternationalization: ICU TimeZone Detection - Raw Offset: +0:00, Platform Override: ''
LogInit: Display: Loading text-based GConfig....
LogPluginManager: Mounting plugin MeshPainting
LogPluginManager: Mounting plugin XGEController
LogPluginManager: Mounting plugin AISupport
LogPluginManager: Mounting plugin LightPropagationVolume
LogPluginManager: Mounting plugin EnvironmentQueryEditor
LogPluginManager: Mounting plugin CameraShakePreviewer
LogPluginManager: Mounting plugin AnimationSharing
LogPluginManager: Mounting plugin GameplayCameras
LogPluginManager: Mounting plugin CLionSourceCodeAccess
LogPluginManager: Mounting plugin CodeLiteSourceCodeAccess
LogPluginManager: Mounting plugin GitSourceControl
LogPluginManager: Mounting plugin KDevelopSourceCodeAccess
LogPluginManager: Mounting plugin NullSourceCodeAccess
LogPluginManager: Mounting plugin PixWinPlugin
LogPluginManager: Mounting plugin PerforceSourceControl
LogPluginManager: Mounting plugin PlasticSourceControl
LogPluginManager: Mounting plugin PluginUtils
LogPluginManager: Mounting plugin PropertyAccessNode
LogPluginManager: Mounting plugin RiderSourceCodeAccess
LogPluginManager: Mounting plugin SubversionSourceControl
LogPluginManager: Mounting plugin TextureFormatOodle
LogPluginManager: Mounting plugin Paper2D
LogPluginManager: Mounting plugin AssetManagerEditor
LogPluginManager: Mounting plugin UObjectPlugin
LogPluginManager: Mounting plugin VisualStudioCodeSourceCodeAccess
LogPluginManager: Mounting plugin VisualStudioSourceCodeAccess
LogPluginManager: Mounting plugin XCodeSourceCodeAccess
LogPluginManager: Mounting plugin CurveEditorTools
LogPluginManager: Mounting plugin CryptoKeys
LogPluginManager: Mounting plugin DataValidation
LogPluginManager: Mounting plugin FacialAnimation
LogPluginManager: Mounting plugin GeometryMode
LogPluginManager: Mounting plugin GameplayTagsEditor
LogPluginManager: Mounting plugin LiveLink
LogPluginManager: Mounting plugin MacGraphicsSwitching
LogPluginManager: Mounting plugin Niagara
LogPluginManager: Mounting plugin MaterialAnalyzer
LogPluginManager: Mounting plugin DatasmithContent
LogPluginManager: Mounting plugin MobileLauncherProfileWizard
LogPluginManager: Mounting plugin AlembicImporter
LogPluginManager: Mounting plugin PluginBrowser
LogPluginManager: Mounting plugin SpeedTreeImporter
LogPluginManager: Mounting plugin AutomationUtils
LogPluginManager: Mounting plugin VariantManagerContent
LogPluginManager: Mounting plugin BackChannel
LogPluginManager: Mounting plugin ChaosCloth
LogPluginManager: Mounting plugin ChaosEditor
LogPluginManager: Mounting plugin ChaosClothEditor
LogPluginManager: Mounting plugin ChaosNiagara
LogPluginManager: Mounting plugin ChaosSolverPlugin
LogPluginManager: Mounting plugin CharacterAI
LogPluginManager: Mounting plugin GeometryCache
LogPluginManager: Mounting plugin GeometryCollectionPlugin
LogPluginManager: Mounting plugin GeometryProcessing
LogPluginManager: Mounting plugin MotoSynth
LogPluginManager: Mounting plugin OpenImageDenoise
LogPluginManager: Mounting plugin PlanarCut
LogPluginManager: Mounting plugin PlatformCrypto
LogPluginManager: Mounting plugin ProxyLODPlugin
LogPluginManager: Mounting plugin PythonScriptPlugin
LogPluginManager: Mounting plugin SkeletalReduction
LogPluginManager: Mounting plugin OodleData
LogPluginManager: Mounting plugin OodleNetwork
LogPluginManager: Mounting plugin LuminPlatformFeatures
LogPluginManager: Mounting plugin MagicLeapLightEstimation
LogPluginManager: Mounting plugin MagicLeapMedia
LogPluginManager: Mounting plugin MagicLeap
LogPluginManager: Mounting plugin MagicLeapPassableWorld
LogPluginManager: Mounting plugin AndroidMedia
LogPluginManager: Mounting plugin AvfMedia
LogPluginManager: Mounting plugin MLSDK
LogPluginManager: Mounting plugin ImgMedia
LogPluginManager: Mounting plugin MediaCompositing
LogPluginManager: Mounting plugin MediaPlayerEditor
LogPluginManager: Mounting plugin ActorSequence
LogPluginManager: Mounting plugin TcpMessaging
LogPluginManager: Mounting plugin WebMMedia
LogPluginManager: Mounting plugin WmfMedia
LogPluginManager: Mounting plugin UdpMessaging
LogPluginManager: Mounting plugin LevelSequenceEditor
LogPluginManager: Mounting plugin MatineeToLevelSequence
LogPluginManager: Mounting plugin TemplateSequence
LogPluginManager: Mounting plugin OnlineSubsystem
LogPluginManager: Mounting plugin LauncherChunkInstaller
LogPluginManager: Mounting plugin OnlineSubsystemNull
LogPluginManager: Mounting plugin ActorLayerUtilities
LogPluginManager: Mounting plugin OnlineSubsystemUtils
LogPluginManager: Mounting plugin AndroidDeviceProfileSelector
LogPluginManager: Mounting plugin AndroidMoviePlayer
LogPluginManager: Mounting plugin AndroidPermission
LogPluginManager: Mounting plugin AppleImageUtils
LogPluginManager: Mounting plugin AppleMoviePlayer
LogPluginManager: Mounting plugin ArchVisCharacter
LogPluginManager: Mounting plugin AudioCapture
LogPluginManager: Mounting plugin AssetTags
LogPluginManager: Mounting plugin AudioSynesthesia
LogPluginManager: Mounting plugin CableComponent
LogPluginManager: Mounting plugin CustomMeshComponent
LogPluginManager: Mounting plugin ChunkDownloader
LogPluginManager: Mounting plugin EditableMesh
LogPluginManager: Mounting plugin ExampleDeviceProfileSelector
LogPluginManager: Mounting plugin GoogleCloudMessaging
LogPluginManager: Mounting plugin GooglePAD
LogPluginManager: Mounting plugin ScreenshotTools
LogPluginManager: Mounting plugin Takes
LogPluginManager: Mounting plugin LinuxDeviceProfileSelector
LogPluginManager: Mounting plugin IOSDeviceProfileSelector
LogPluginManager: Mounting plugin LocationServicesBPLibrary
LogPluginManager: Mounting plugin MobilePatchingUtils
LogPluginManager: Mounting plugin OpenXR
LogPluginManager: Mounting plugin OpenXREyeTracker
LogPluginManager: Mounting plugin OpenXRHandTracking
LogPluginManager: Mounting plugin PhysXVehicles
LogPluginManager: Mounting plugin PostSplashScreen
LogPluginManager: Mounting plugin ProceduralMeshComponent
LogPluginManager: Mounting plugin PropertyAccessEditor
LogPluginManager: Mounting plugin RuntimePhysXCooking
LogPluginManager: Mounting plugin SignificanceManager
LogPluginManager: Mounting plugin SoundFields
LogPluginManager: Mounting plugin WebMMoviePlayer
LogPluginManager: Mounting plugin WindowsMoviePlayer
LogPluginManager: Mounting plugin Synthesis
LogPluginManager: Mounting plugin ContentBrowserAssetDataSource
LogPluginManager: Mounting plugin ContentBrowserClassDataSource
LogPluginManager: Mounting plugin ContentBrowserFileDataSource
LogPluginManager: Mounting plugin OnlineSubsystemGooglePlay
LogPluginManager: Mounting plugin OnlineSubsystemIOS
LogPluginManager: Mounting plugin OculusVR
LogPluginManager: Mounting plugin SteamVR
PixWinPlugin: PIX capture plugin failed to initialize! Check that the process is launched from PIX.
LogInit: Using libcurl 7.55.1-DEV
LogInit:  - built for x86_64-pc-win32
LogInit:  - supports SSL with OpenSSL/1.1.1
LogInit:  - supports HTTP deflate (compression) using libz 1.2.8
LogInit:  - other features:
LogInit:      CURL_VERSION_SSL
LogInit:      CURL_VERSION_LIBZ
LogInit:      CURL_VERSION_IPV6
LogInit:      CURL_VERSION_ASYNCHDNS
LogInit:      CURL_VERSION_LARGEFILE
LogInit:      CURL_VERSION_IDN
LogInit:  CurlRequestOptions (configurable via config and command line):
LogInit:  - bVerifyPeer = true  - Libcurl will verify peer certificate
LogInit:  - bUseHttpProxy = false  - Libcurl will NOT use HTTP proxy
LogInit:  - bDontReuseConnections = false  - Libcurl will reuse connections
LogInit:  - MaxHostConnections = 16  - Libcurl will limit the number of connections to a host
LogInit:  - LocalHostAddr = Default
LogInit:  - BufferSize = 65536
LogOnline: OSS: Creating online subsystem instance for: NULL
LogInit: WinSock: version 1.1 (2.2), MaxSocks=32767, MaxUdp=65467
LogOnline: OSS: TryLoadSubsystemAndSetDefault: Loaded subsystem for module [NULL]
LogOculusPluginWrapper: OculusPlugin initialized successfully
LogHMD: Failed initializing OVRPlugin 1.59.0
LogInit: Build: ++UE4+Release-4.27-CL-18319896
LogInit: Engine Version: 4.27.2-18319896+++UE4+Release-4.27
LogInit: Compatible Engine Version: 4.27.0-17155196+++UE4+Release-4.27
LogInit: Net CL: 17155196
LogInit: OS: Windows 10 (Release 2009) (), CPU: AMD Ryzen 5 2600 Six-Core Processor            , GPU: NVIDIA GeForce GTX 970
LogInit: Compiled (64-bit): Nov 30 2021 07:12:08
LogInit: Compiled with Visual C++: 19.24.28315.00
LogInit: Build Configuration: Development
LogInit: Branch Name: ++UE4+Release-4.27
LogInit: Command Line: 
LogInit: Base Directory: E:/New folder/New folder/unreal/UE_4.27/Engine/Binaries/Win64/
LogInit: Allocator: TBB
LogInit: Installed Engine Build: 1
LogDevObjectVersion: Number of dev versions registered: 29
LogDevObjectVersion:   Dev-Blueprints (B0D832E4-1F89-4F0D-ACCF-7EB736FD4AA2): 10
LogDevObjectVersion:   Dev-Build (E1C64328-A22C-4D53-A36C-8E866417BD8C): 0
LogDevObjectVersion:   Dev-Core (375EC13C-06E4-48FB-B500-84F0262A717E): 4
LogDevObjectVersion:   Dev-Editor (E4B068ED-F494-42E9-A231-DA0B2E46BB41): 40
LogDevObjectVersion:   Dev-Framework (CFFC743F-43B0-4480-9391-14DF171D2073): 37
LogDevObjectVersion:   Dev-Mobile (B02B49B5-BB20-44E9-A304-32B752E40360): 3
LogDevObjectVersion:   Dev-Networking (A4E4105C-59A1-49B5-A7C5-40C4547EDFEE): 0
LogDevObjectVersion:   Dev-Online (39C831C9-5AE6-47DC-9A44-9C173E1C8E7C): 0
LogDevObjectVersion:   Dev-Physics (78F01B33-EBEA-4F98-B9B4-84EACCB95AA2): 14
LogDevObjectVersion:   Dev-Platform (6631380F-2D4D-43E0-8009-CF276956A95A): 0
LogDevObjectVersion:   Dev-Rendering (12F88B9F-8875-4AFC-A67C-D90C383ABD29): 45
LogDevObjectVersion:   Dev-Sequencer (7B5AE74C-D270-4C10-A958-57980B212A5A): 13
LogDevObjectVersion:   Dev-VR (D7296918-1DD6-4BDD-9DE2-64A83CC13884): 3
LogDevObjectVersion:   Dev-LoadTimes (C2A15278-BFE7-4AFE-6C17-90FF531DF755): 1
LogDevObjectVersion:   Private-Geometry (6EACA3D4-40EC-4CC1-B786-8BED09428FC5): 3
LogDevObjectVersion:   Dev-AnimPhys (29E575DD-E0A3-4627-9D10-D276232CDCEA): 17
LogDevObjectVersion:   Dev-Anim (AF43A65D-7FD3-4947-9873-3E8ED9C1BB05): 15
LogDevObjectVersion:   Dev-ReflectionCapture (6B266CEC-1EC7-4B8F-A30B-E4D90942FC07): 1
LogDevObjectVersion:   Dev-Automation (0DF73D61-A23F-47EA-B727-89E90C41499A): 1
LogDevObjectVersion:   FortniteMain (601D1886-AC64-4F84-AA16-D3DE0DEAC7D6): 47
LogDevObjectVersion:   FortniteRelease (E7086368-6B23-4C58-8439-1B7016265E91): 1
LogDevObjectVersion:   Dev-Enterprise (9DFFBCD6-494F-0158-E221-12823C92A888): 10
LogDevObjectVersion:   Dev-Niagara (F2AED0AC-9AFE-416F-8664-AA7FFA26D6FC): 1
LogDevObjectVersion:   Dev-Destruction (174F1F0B-B4C6-45A5-B13F-2EE8D0FB917D): 10
LogDevObjectVersion:   Dev-Physics-Ext (35F94A83-E258-406C-A318-09F59610247C): 41
LogDevObjectVersion:   Dev-PhysicsMaterial-Chaos (B68FC16E-8B1B-42E2-B453-215C058844FE): 1
LogDevObjectVersion:   Dev-CineCamera (B2E18506-4273-CFC2-A54E-F4BB758BBA07): 1
LogDevObjectVersion:   Dev-VirtualProduction (64F58936-FD1B-42BA-BA96-7289D5D0FA4E): 1
LogDevObjectVersion:   Dev-MediaFramework (6F0ED827-A609-4895-9C91-998D90180EA4): 2
LogInit: Presizing for max 25165824 objects, including 0 objects not considered by GC, pre-allocating 0 bytes for permanent pool.
LogConfig: Applying CVar settings from Section [/Script/Engine.StreamingSettings] File [E:/chris animation/animation-project/Saved/Config/Windows/Engine.ini]
LogConfig: Setting CVar [[s.MinBulkDataSizeForAsyncLoading:131072]]
LogConfig: Setting CVar [[s.AsyncLoadingThreadEnabled:0]]
LogConfig: Setting CVar [[s.EventDrivenLoaderEnabled:1]]
LogConfig: Setting CVar [[s.WarnIfTimeLimitExceeded:0]]
LogConfig: Setting CVar [[s.TimeLimitExceededMultiplier:1.5]]
LogConfig: Setting CVar [[s.TimeLimitExceededMinTime:0.005]]
LogConfig: Setting CVar [[s.UseBackgroundLevelStreaming:1]]
LogConfig: Setting CVar [[s.PriorityAsyncLoadingExtraTime:15.0]]
LogConfig: Setting CVar [[s.LevelStreamingActorsUpdateTimeLimit:5.0]]
LogConfig: Setting CVar [[s.PriorityLevelStreamingActorsUpdateExtraTime:5.0]]
LogConfig: Setting CVar [[s.LevelStreamingComponentsRegistrationGranularity:10]]
LogConfig: Setting CVar [[s.UnregisterComponentsTimeLimit:1.0]]
LogConfig: Setting CVar [[s.LevelStreamingComponentsUnregistrationGranularity:5]]
LogConfig: Setting CVar [[s.FlushStreamingOnExit:1]]
LogInit: Object subsystem initialized
LogConfig: Setting CVar [[con.DebugEarlyDefault:1]]
LogConfig: Setting CVar [[r.setres:1280x720]]
[2022.10.11-18.28.55:339][  0]LogConfig: Setting CVar [[r.VSync:0]]
[2022.10.11-18.28.55:339][  0]LogConfig: Setting CVar [[r.RHICmdBypass:0]]
[2022.10.11-18.28.55:340][  0]LogConfig: Applying CVar settings from Section [/Script/Engine.RendererSettings] File [E:/chris animation/animation-project/Saved/Config/Windows/Engine.ini]
[2022.10.11-18.28.55:340][  0]LogConfig: Setting CVar [[r.GPUCrashDebugging:0]]
[2022.10.11-18.28.55:340][  0]LogConfig: Applying CVar settings from Section [/Script/Engine.RendererOverrideSettings] File [E:/chris animation/animation-project/Saved/Config/Windows/Engine.ini]
[2022.10.11-18.28.55:340][  0]LogConfig: Applying CVar settings from Section [/Script/Engine.StreamingSettings] File [E:/chris animation/animation-project/Saved/Config/Windows/Engine.ini]
[2022.10.11-18.28.55:340][  0]LogConfig: Setting CVar [[s.MinBulkDataSizeForAsyncLoading:131072]]
[2022.10.11-18.28.55:340][  0]LogConfig: Setting CVar [[s.AsyncLoadingThreadEnabled:0]]
[2022.10.11-18.28.55:340][  0]LogConfig: Setting CVar [[s.EventDrivenLoaderEnabled:1]]
[2022.10.11-18.28.55:340][  0]LogConfig: Setting CVar [[s.WarnIfTimeLimitExceeded:0]]
[2022.10.11-18.28.55:340][  0]LogConfig: Setting CVar [[s.TimeLimitExceededMultiplier:1.5]]
[2022.10.11-18.28.55:340][  0]LogConfig: Setting CVar [[s.TimeLimitExceededMinTime:0.005]]
[2022.10.11-18.28.55:340][  0]LogConfig: Setting CVar [[s.UseBackgroundLevelStreaming:1]]
[2022.10.11-18.28.55:340][  0]LogConfig: Setting CVar [[s.PriorityAsyncLoadingExtraTime:15.0]]
[2022.10.11-18.28.55:340][  0]LogConfig: Setting CVar [[s.LevelStreamingActorsUpdateTimeLimit:5.0]]
[2022.10.11-18.28.55:340][  0]LogConfig: Setting CVar [[s.PriorityLevelStreamingActorsUpdateExtraTime:5.0]]
[2022.10.11-18.28.55:340][  0]LogConfig: Setting CVar [[s.LevelStreamingComponentsRegistrationGranularity:10]]
[2022.10.11-18.28.55:340][  0]LogConfig: Setting CVar [[s.UnregisterComponentsTimeLimit:1.0]]
[2022.10.11-18.28.55:340][  0]LogConfig: Setting CVar [[s.LevelStreamingComponentsUnregistrationGranularity:5]]
[2022.10.11-18.28.55:340][  0]LogConfig: Setting CVar [[s.FlushStreamingOnExit:1]]
[2022.10.11-18.28.55:340][  0]LogConfig: Applying CVar settings from Section [/Script/Engine.GarbageCollectionSettings] File [E:/chris animation/animation-project/Saved/Config/Windows/Engine.ini]
[2022.10.11-18.28.55:340][  0]LogConfig: Setting CVar [[gc.MaxObjectsNotConsideredByGC:1]]
[2022.10.11-18.28.55:340][  0]LogConfig: Setting CVar [[gc.SizeOfPermanentObjectPool:0]]
[2022.10.11-18.28.55:340][  0]LogConfig: Setting CVar [[gc.FlushStreamingOnGC:0]]
[2022.10.11-18.28.55:340][  0]LogConfig: Setting CVar [[gc.NumRetriesBeforeForcingGC:10]]
[2022.10.11-18.28.55:340][  0]LogConfig: Setting CVar [[gc.AllowParallelGC:1]]
[2022.10.11-18.28.55:340][  0]LogConfig: Setting CVar [[gc.TimeBetweenPurgingPendingKillObjects:61.1]]
[2022.10.11-18.28.55:340][  0]LogConfig: Setting CVar [[gc.MaxObjectsInEditor:25165824]]
[2022.10.11-18.28.55:340][  0]LogConfig: Setting CVar [[gc.IncrementalBeginDestroyEnabled:1]]
[2022.10.11-18.28.55:340][  0]LogConfig: Setting CVar [[gc.CreateGCClusters:1]]
[2022.10.11-18.28.55:340][  0]LogConfig: Setting CVar [[gc.MinGCClusterSize:5]]
[2022.10.11-18.28.55:340][  0]LogConfig: Setting CVar [[gc.ActorClusteringEnabled:0]]
[2022.10.11-18.28.55:340][  0]LogConfig: Setting CVar [[gc.BlueprintClusteringEnabled:0]]
[2022.10.11-18.28.55:340][  0]LogConfig: Setting CVar [[gc.UseDisregardForGCOnDedicatedServers:0]]
[2022.10.11-18.28.55:340][  0]LogConfig: Setting CVar [[gc.MultithreadedDestructionEnabled:1]]
[2022.10.11-18.28.55:340][  0]LogConfig: Applying CVar settings from Section [/Script/Engine.NetworkSettings] File [E:/chris animation/animation-project/Saved/Config/Windows/Engine.ini]
[2022.10.11-18.28.55:340][  0]LogConfig: Applying CVar settings from Section [/Script/UnrealEd.CookerSettings] File [E:/chris animation/animation-project/Saved/Config/Windows/Engine.ini]
[2022.10.11-18.28.55:479][  0]LogConfig: Applying CVar settings from Section [ViewDistanceQuality@3] File [E:/chris animation/animation-project/Saved/Config/Windows/Scalability.ini]
[2022.10.11-18.28.55:479][  0]LogConfig: Setting CVar [[r.SkeletalMeshLODBias:0]]
[2022.10.11-18.28.55:479][  0]LogConfig: Setting CVar [[r.ViewDistanceScale:1.0]]
[2022.10.11-18.28.55:480][  0]LogConfig: Applying CVar settings from Section [AntiAliasingQuality@3] File [E:/chris animation/animation-project/Saved/Config/Windows/Scalability.ini]
[2022.10.11-18.28.55:480][  0]LogConfig: Setting CVar [[r.PostProcessAAQuality:4]]
[2022.10.11-18.28.55:480][  0]LogConfig: Applying CVar settings from Section [ShadowQuality@3] File [E:/chris animation/animation-project/Saved/Config/Windows/Scalability.ini]
[2022.10.11-18.28.55:480][  0]LogConfig: Setting CVar [[r.LightFunctionQuality:1]]
[2022.10.11-18.28.55:480][  0]LogConfig: Setting CVar [[r.ShadowQuality:5]]
[2022.10.11-18.28.55:480][  0]LogConfig: Setting CVar [[r.Shadow.CSM.MaxCascades:10]]
[2022.10.11-18.28.55:480][  0]LogConfig: Setting CVar [[r.Shadow.MaxResolution:2048]]
[2022.10.11-18.28.55:480][  0]LogConfig: Setting CVar [[r.Shadow.MaxCSMResolution:2048]]
[2022.10.11-18.28.55:480][  0]LogConfig: Setting CVar [[r.Shadow.RadiusThreshold:0.01]]
[2022.10.11-18.28.55:480][  0]LogConfig: Setting CVar [[r.Shadow.DistanceScale:1.0]]
[2022.10.11-18.28.55:480][  0]LogConfig: Setting CVar [[r.Shadow.CSM.TransitionScale:1.0]]
[2022.10.11-18.28.55:480][  0]LogConfig: Setting CVar [[r.Shadow.PreShadowResolutionFactor:1.0]]
[2022.10.11-18.28.55:480][  0]LogConfig: Setting CVar [[r.DistanceFieldShadowing:1]]
[2022.10.11-18.28.55:480][  0]LogConfig: Setting CVar [[r.DistanceFieldAO:1]]
[2022.10.11-18.28.55:480][  0]LogConfig: Setting CVar [[r.AOQuality:2]]
[2022.10.11-18.28.55:480][  0]LogConfig: Setting CVar [[r.VolumetricFog:1]]
[2022.10.11-18.28.55:480][  0]LogConfig: Setting CVar [[r.VolumetricFog.GridPixelSize:8]]
[2022.10.11-18.28.55:480][  0]LogConfig: Setting CVar [[r.VolumetricFog.GridSizeZ:128]]
[2022.10.11-18.28.55:480][  0]LogConfig: Setting CVar [[r.VolumetricFog.HistoryMissSupersampleCount:4]]
[2022.10.11-18.28.55:480][  0]LogConfig: Setting CVar [[r.LightMaxDrawDistanceScale:1]]
[2022.10.11-18.28.55:480][  0]LogConfig: Setting CVar [[r.CapsuleShadows:1]]
[2022.10.11-18.28.55:480][  0]LogConfig: Applying CVar settings from Section [PostProcessQuality@3] File [E:/chris animation/animation-project/Saved/Config/Windows/Scalability.ini]
[2022.10.11-18.28.55:480][  0]LogConfig: Setting CVar [[r.MotionBlurQuality:4]]
[2022.10.11-18.28.55:480][  0]LogConfig: Setting CVar [[r.AmbientOcclusionMipLevelFactor:0.4]]
[2022.10.11-18.28.55:480][  0]LogConfig: Setting CVar [[r.AmbientOcclusionMaxQuality:100]]
[2022.10.11-18.28.55:480][  0]LogConfig: Setting CVar [[r.AmbientOcclusionLevels:-1]]
[2022.10.11-18.28.55:480][  0]LogConfig: Setting CVar [[r.AmbientOcclusionRadiusScale:1.0]]
[2022.10.11-18.28.55:480][  0]LogConfig: Setting CVar [[r.DepthOfFieldQuality:2]]
[2022.10.11-18.28.55:480][  0]LogConfig: Setting CVar [[r.RenderTargetPoolMin:400]]
[2022.10.11-18.28.55:480][  0]LogConfig: Setting CVar [[r.LensFlareQuality:2]]
[2022.10.11-18.28.55:480][  0]LogConfig: Setting CVar [[r.SceneColorFringeQuality:1]]
[2022.10.11-18.28.55:480][  0]LogConfig: Setting CVar [[r.EyeAdaptationQuality:2]]
[2022.10.11-18.28.55:480][  0]LogConfig: Setting CVar [[r.BloomQuality:5]]
[2022.10.11-18.28.55:480][  0]LogConfig: Setting CVar [[r.FastBlurThreshold:100]]
[2022.10.11-18.28.55:480][  0]LogConfig: Setting CVar [[r.Upscale.Quality:3]]
[2022.10.11-18.28.55:480][  0]LogConfig: Setting CVar [[r.Tonemapper.GrainQuantization:1]]
[2022.10.11-18.28.55:480][  0]LogConfig: Setting CVar [[r.LightShaftQuality:1]]
[2022.10.11-18.28.55:480][  0]LogConfig: Setting CVar [[r.Filter.SizeScale:1]]
[2022.10.11-18.28.55:480][  0]LogConfig: Setting CVar [[r.Tonemapper.Quality:5]]
[2022.10.11-18.28.55:480][  0]LogConfig: Setting CVar [[r.DOF.Gather.AccumulatorQuality:1        ; higher gathering accumulator quality]]
[2022.10.11-18.28.55:480][  0]LogConfig: Setting CVar [[r.DOF.Gather.PostfilterMethod:1          ; Median3x3 postfilering method]]
[2022.10.11-18.28.55:480][  0]LogConfig: Setting CVar [[r.DOF.Gather.EnableBokehSettings:0       ; no bokeh simulation when gathering]]
[2022.10.11-18.28.55:480][  0]LogConfig: Setting CVar [[r.DOF.Gather.RingCount:4                 ; medium number of samples when gathering]]
[2022.10.11-18.28.55:480][  0]LogConfig: Setting CVar [[r.DOF.Scatter.ForegroundCompositing:1    ; additive foreground scattering]]
[2022.10.11-18.28.55:480][  0]LogConfig: Setting CVar [[r.DOF.Scatter.BackgroundCompositing:2    ; additive background scattering]]
[2022.10.11-18.28.55:480][  0]LogConfig: Setting CVar [[r.DOF.Scatter.EnableBokehSettings:1      ; bokeh simulation when scattering]]
[2022.10.11-18.28.55:481][  0]LogConfig: Setting CVar [[r.DOF.Scatter.MaxSpriteRatio:0.1         ; only a maximum of 10% of scattered bokeh]]
[2022.10.11-18.28.55:481][  0]LogConfig: Setting CVar [[r.DOF.Recombine.Quality:1                ; cheap slight out of focus]]
[2022.10.11-18.28.55:481][  0]LogConfig: Setting CVar [[r.DOF.Recombine.EnableBokehSettings:0    ; no bokeh simulation on slight out of focus]]
[2022.10.11-18.28.55:481][  0]LogConfig: Setting CVar [[r.DOF.TemporalAAQuality:1                ; more stable temporal accumulation]]
[2022.10.11-18.28.55:481][  0]LogConfig: Setting CVar [[r.DOF.Kernel.MaxForegroundRadius:0.025]]
[2022.10.11-18.28.55:481][  0]LogConfig: Setting CVar [[r.DOF.Kernel.MaxBackgroundRadius:0.025]]
[2022.10.11-18.28.55:481][  0]LogConfig: Applying CVar settings from Section [TextureQuality@3] File [E:/chris animation/animation-project/Saved/Config/Windows/Scalability.ini]
[2022.10.11-18.28.55:481][  0]LogConfig: Setting CVar [[r.Streaming.MipBias:0]]
[2022.10.11-18.28.55:481][  0]LogConfig: Setting CVar [[r.Streaming.AmortizeCPUToGPUCopy:0]]
[2022.10.11-18.28.55:481][  0]LogConfig: Setting CVar [[r.Streaming.MaxNumTexturesToStreamPerFrame:0]]
[2022.10.11-18.28.55:481][  0]LogConfig: Setting CVar [[r.Streaming.Boost:1]]
[2022.10.11-18.28.55:481][  0]LogConfig: Setting CVar [[r.MaxAnisotropy:8]]
[2022.10.11-18.28.55:481][  0]LogConfig: Setting CVar [[r.VT.MaxAnisotropy:8]]
[2022.10.11-18.28.55:481][  0]LogConfig: Setting CVar [[r.Streaming.LimitPoolSizeToVRAM:0]]
[2022.10.11-18.28.55:481][  0]LogConfig: Setting CVar [[r.Streaming.PoolSize:1000]]
[2022.10.11-18.28.55:481][  0]LogConfig: Setting CVar [[r.Streaming.MaxEffectiveScreenSize:0]]
[2022.10.11-18.28.55:481][  0]LogConfig: Applying CVar settings from Section [EffectsQuality@3] File [E:/chris animation/animation-project/Saved/Config/Windows/Scalability.ini]
[2022.10.11-18.28.55:481][  0]LogConfig: Setting CVar [[r.TranslucencyLightingVolumeDim:64]]
[2022.10.11-18.28.55:481][  0]LogConfig: Setting CVar [[r.RefractionQuality:2]]
[2022.10.11-18.28.55:481][  0]LogConfig: Setting CVar [[r.SSR.Quality:3]]
[2022.10.11-18.28.55:481][  0]LogConfig: Setting CVar [[r.SSR.HalfResSceneColor:0]]
[2022.10.11-18.28.55:481][  0]LogConfig: Setting CVar [[r.SceneColorFormat:4]]
[2022.10.11-18.28.55:481][  0]LogConfig: Setting CVar [[r.DetailMode:2]]
[2022.10.11-18.28.55:481][  0]LogConfig: Setting CVar [[r.TranslucencyVolumeBlur:1]]
[2022.10.11-18.28.55:481][  0]LogConfig: Setting CVar [[r.MaterialQualityLevel:1 ; High quality]]
[2022.10.11-18.28.55:481][  0]LogConfig: Setting CVar [[r.AnisotropicMaterials:1]]
[2022.10.11-18.28.55:481][  0]LogConfig: Setting CVar [[r.SSS.Scale:1]]
[2022.10.11-18.28.55:481][  0]LogConfig: Setting CVar [[r.SSS.SampleSet:2]]
[2022.10.11-18.28.55:481][  0]LogConfig: Setting CVar [[r.SSS.Quality:1]]
[2022.10.11-18.28.55:481][  0]LogConfig: Setting CVar [[r.SSS.HalfRes:0]]
[2022.10.11-18.28.55:481][  0]LogConfig: Setting CVar [[r.SSGI.Quality:3]]
[2022.10.11-18.28.55:481][  0]LogConfig: Setting CVar [[r.EmitterSpawnRateScale:1.0]]
[2022.10.11-18.28.55:481][  0]LogConfig: Setting CVar [[r.ParticleLightQuality:2]]
[2022.10.11-18.28.55:481][  0]LogConfig: Setting CVar [[r.SkyAtmosphere.AerialPerspectiveLUT.FastApplyOnOpaque:1 ; Always have FastSkyLUT 1 in this case to avoid wrong sky]]
[2022.10.11-18.28.55:481][  0]LogConfig: Setting CVar [[r.SkyAtmosphere.AerialPerspectiveLUT.SampleCountMaxPerSlice:4]]
[2022.10.11-18.28.55:481][  0]LogConfig: Setting CVar [[r.SkyAtmosphere.AerialPerspectiveLUT.DepthResolution:16.0]]
[2022.10.11-18.28.55:481][  0]LogConfig: Setting CVar [[r.SkyAtmosphere.FastSkyLUT:1]]
[2022.10.11-18.28.55:481][  0]LogConfig: Setting CVar [[r.SkyAtmosphere.FastSkyLUT.SampleCountMin:4.0]]
[2022.10.11-18.28.55:481][  0]LogConfig: Setting CVar [[r.SkyAtmosphere.FastSkyLUT.SampleCountMax:128.0]]
[2022.10.11-18.28.55:481][  0]LogConfig: Setting CVar [[r.SkyAtmosphere.SampleCountMin:4.0]]
[2022.10.11-18.28.55:481][  0]LogConfig: Setting CVar [[r.SkyAtmosphere.SampleCountMax:128.0]]
[2022.10.11-18.28.55:481][  0]LogConfig: Setting CVar [[r.SkyAtmosphere.TransmittanceLUT.UseSmallFormat:0]]
[2022.10.11-18.28.55:481][  0]LogConfig: Setting CVar [[r.SkyAtmosphere.TransmittanceLUT.SampleCount:10.0]]
[2022.10.11-18.28.55:481][  0]LogConfig: Setting CVar [[r.SkyAtmosphere.MultiScatteringLUT.SampleCount:15.0]]
[2022.10.11-18.28.55:481][  0]LogConfig: Setting CVar [[r.SkyLight.RealTimeReflectionCapture:1]]
[2022.10.11-18.28.55:481][  0]LogConfig: Applying CVar settings from Section [FoliageQuality@3] File [E:/chris animation/animation-project/Saved/Config/Windows/Scalability.ini]
[2022.10.11-18.28.55:481][  0]LogConfig: Setting CVar [[foliage.DensityScale:1.0]]
[2022.10.11-18.28.55:482][  0]LogConfig: Setting CVar [[grass.DensityScale:1.0]]
[2022.10.11-18.28.55:482][  0]LogConfig: Applying CVar settings from Section [ShadingQuality@3] File [E:/chris animation/animation-project/Saved/Config/Windows/Scalability.ini]
[2022.10.11-18.28.55:482][  0]LogConfig: Setting CVar [[r.HairStrands.SkyLighting.IntegrationType:2]]
[2022.10.11-18.28.55:482][  0]LogConfig: Setting CVar [[r.HairStrands.SkyAO.SampleCount:4]]
[2022.10.11-18.28.55:482][  0]LogConfig: Setting CVar [[r.HairStrands.Visibility.MSAA.SamplePerPixel:4]]
[2022.10.11-18.28.55:512][  0]LogInit: Selected Device Profile: [Windows]
[2022.10.11-18.28.55:525][  0]LogInit: Applying CVar settings loaded from the selected device profile: [Windows]
[2022.10.11-18.28.55:531][  0]LogHAL: Display: Platform has ~ 16 GB [17125842944 / 17179869184 / 16], which maps to Larger [LargestMinGB=32, LargerMinGB=12, DefaultMinGB=8, SmallerMinGB=6, SmallestMinGB=0)
[2022.10.11-18.28.55:543][  0]LogInit: Going up to parent DeviceProfile []
[2022.10.11-18.28.55:551][  0]LogConfig: Applying CVar settings from Section [ViewDistanceQuality@3] File [E:/chris animation/animation-project/Saved/Config/Windows/Scalability.ini]
[2022.10.11-18.28.55:551][  0]LogConfig: Setting CVar [[r.SkeletalMeshLODBias:0]]
[2022.10.11-18.28.55:551][  0]LogConfig: Setting CVar [[r.ViewDistanceScale:1.0]]
[2022.10.11-18.28.55:551][  0]LogConfig: Applying CVar settings from Section [AntiAliasingQuality@3] File [E:/chris animation/animation-project/Saved/Config/Windows/Scalability.ini]
[2022.10.11-18.28.55:551][  0]LogConfig: Setting CVar [[r.PostProcessAAQuality:4]]
[2022.10.11-18.28.55:551][  0]LogConfig: Applying CVar settings from Section [ShadowQuality@3] File [E:/chris animation/animation-project/Saved/Config/Windows/Scalability.ini]
[2022.10.11-18.28.55:551][  0]LogConfig: Setting CVar [[r.LightFunctionQuality:1]]
[2022.10.11-18.28.55:551][  0]LogConfig: Setting CVar [[r.ShadowQuality:5]]
[2022.10.11-18.28.55:551][  0]LogConfig: Setting CVar [[r.Shadow.CSM.MaxCascades:10]]
[2022.10.11-18.28.55:551][  0]LogConfig: Setting CVar [[r.Shadow.MaxResolution:2048]]
[2022.10.11-18.28.55:551][  0]LogConfig: Setting CVar [[r.Shadow.MaxCSMResolution:2048]]
[2022.10.11-18.28.55:551][  0]LogConfig: Setting CVar [[r.Shadow.RadiusThreshold:0.01]]
[2022.10.11-18.28.55:551][  0]LogConfig: Setting CVar [[r.Shadow.DistanceScale:1.0]]
[2022.10.11-18.28.55:551][  0]LogConfig: Setting CVar [[r.Shadow.CSM.TransitionScale:1.0]]
[2022.10.11-18.28.55:551][  0]LogConfig: Setting CVar [[r.Shadow.PreShadowResolutionFactor:1.0]]
[2022.10.11-18.28.55:551][  0]LogConfig: Setting CVar [[r.DistanceFieldShadowing:1]]
[2022.10.11-18.28.55:551][  0]LogConfig: Setting CVar [[r.DistanceFieldAO:1]]
[2022.10.11-18.28.55:551][  0]LogConfig: Setting CVar [[r.AOQuality:2]]
[2022.10.11-18.28.55:551][  0]LogConfig: Setting CVar [[r.VolumetricFog:1]]
[2022.10.11-18.28.55:551][  0]LogConfig: Setting CVar [[r.VolumetricFog.GridPixelSize:8]]
[2022.10.11-18.28.55:551][  0]LogConfig: Setting CVar [[r.VolumetricFog.GridSizeZ:128]]
[2022.10.11-18.28.55:551][  0]LogConfig: Setting CVar [[r.VolumetricFog.HistoryMissSupersampleCount:4]]
[2022.10.11-18.28.55:551][  0]LogConfig: Setting CVar [[r.LightMaxDrawDistanceScale:1]]
[2022.10.11-18.28.55:551][  0]LogConfig: Setting CVar [[r.CapsuleShadows:1]]
[2022.10.11-18.28.55:552][  0]LogConfig: Applying CVar settings from Section [PostProcessQuality@3] File [E:/chris animation/animation-project/Saved/Config/Windows/Scalability.ini]
[2022.10.11-18.28.55:552][  0]LogConfig: Setting CVar [[r.MotionBlurQuality:4]]
[2022.10.11-18.28.55:552][  0]LogConfig: Setting CVar [[r.AmbientOcclusionMipLevelFactor:0.4]]
[2022.10.11-18.28.55:552][  0]LogConfig: Setting CVar [[r.AmbientOcclusionMaxQuality:100]]
[2022.10.11-18.28.55:552][  0]LogConfig: Setting CVar [[r.AmbientOcclusionLevels:-1]]
[2022.10.11-18.28.55:552][  0]LogConfig: Setting CVar [[r.AmbientOcclusionRadiusScale:1.0]]
[2022.10.11-18.28.55:552][  0]LogConfig: Setting CVar [[r.DepthOfFieldQuality:2]]
[2022.10.11-18.28.55:552][  0]LogConfig: Setting CVar [[r.RenderTargetPoolMin:400]]
[2022.10.11-18.28.55:552][  0]LogConfig: Setting CVar [[r.LensFlareQuality:2]]
[2022.10.11-18.28.55:552][  0]LogConfig: Setting CVar [[r.SceneColorFringeQuality:1]]
[2022.10.11-18.28.55:552][  0]LogConfig: Setting CVar [[r.EyeAdaptationQuality:2]]
[2022.10.11-18.28.55:552][  0]LogConfig: Setting CVar [[r.BloomQuality:5]]
[2022.10.11-18.28.55:552][  0]LogConfig: Setting CVar [[r.FastBlurThreshold:100]]
[2022.10.11-18.28.55:552][  0]LogConfig: Setting CVar [[r.Upscale.Quality:3]]
[2022.10.11-18.28.55:552][  0]LogConfig: Setting CVar [[r.Tonemapper.GrainQuantization:1]]
[2022.10.11-18.28.55:552][  0]LogConfig: Setting CVar [[r.LightShaftQuality:1]]
[2022.10.11-18.28.55:552][  0]LogConfig: Setting CVar [[r.Filter.SizeScale:1]]
[2022.10.11-18.28.55:552][  0]LogConfig: Setting CVar [[r.Tonemapper.Quality:5]]
[2022.10.11-18.28.55:552][  0]LogConfig: Setting CVar [[r.DOF.Gather.AccumulatorQuality:1        ; higher gathering accumulator quality]]
[2022.10.11-18.28.55:552][  0]LogConfig: Setting CVar [[r.DOF.Gather.PostfilterMethod:1          ; Median3x3 postfilering method]]
[2022.10.11-18.28.55:552][  0]LogConfig: Setting CVar [[r.DOF.Gather.EnableBokehSettings:0       ; no bokeh simulation when gathering]]
[2022.10.11-18.28.55:552][  0]LogConfig: Setting CVar [[r.DOF.Gather.RingCount:4                 ; medium number of samples when gathering]]
[2022.10.11-18.28.55:552][  0]LogConfig: Setting CVar [[r.DOF.Scatter.ForegroundCompositing:1    ; additive foreground scattering]]
[2022.10.11-18.28.55:552][  0]LogConfig: Setting CVar [[r.DOF.Scatter.BackgroundCompositing:2    ; additive background scattering]]
[2022.10.11-18.28.55:552][  0]LogConfig: Setting CVar [[r.DOF.Scatter.EnableBokehSettings:1      ; bokeh simulation when scattering]]
[2022.10.11-18.28.55:552][  0]LogConfig: Setting CVar [[r.DOF.Scatter.MaxSpriteRatio:0.1         ; only a maximum of 10% of scattered bokeh]]
[2022.10.11-18.28.55:552][  0]LogConfig: Setting CVar [[r.DOF.Recombine.Quality:1                ; cheap slight out of focus]]
[2022.10.11-18.28.55:552][  0]LogConfig: Setting CVar [[r.DOF.Recombine.EnableBokehSettings:0    ; no bokeh simulation on slight out of focus]]
[2022.10.11-18.28.55:552][  0]LogConfig: Setting CVar [[r.DOF.TemporalAAQuality:1                ; more stable temporal accumulation]]
[2022.10.11-18.28.55:552][  0]LogConfig: Setting CVar [[r.DOF.Kernel.MaxForegroundRadius:0.025]]
[2022.10.11-18.28.55:552][  0]LogConfig: Setting CVar [[r.DOF.Kernel.MaxBackgroundRadius:0.025]]
[2022.10.11-18.28.55:552][  0]LogConfig: Applying CVar settings from Section [TextureQuality@3] File [E:/chris animation/animation-project/Saved/Config/Windows/Scalability.ini]
[2022.10.11-18.28.55:552][  0]LogConfig: Setting CVar [[r.Streaming.MipBias:0]]
[2022.10.11-18.28.55:552][  0]LogConfig: Setting CVar [[r.Streaming.AmortizeCPUToGPUCopy:0]]
[2022.10.11-18.28.55:552][  0]LogConfig: Setting CVar [[r.Streaming.MaxNumTexturesToStreamPerFrame:0]]
[2022.10.11-18.28.55:552][  0]LogConfig: Setting CVar [[r.Streaming.Boost:1]]
[2022.10.11-18.28.55:552][  0]LogConfig: Setting CVar [[r.MaxAnisotropy:8]]
[2022.10.11-18.28.55:552][  0]LogConfig: Setting CVar [[r.VT.MaxAnisotropy:8]]
[2022.10.11-18.28.55:552][  0]LogConfig: Setting CVar [[r.Streaming.LimitPoolSizeToVRAM:0]]
[2022.10.11-18.28.55:552][  0]LogConfig: Setting CVar [[r.Streaming.PoolSize:1000]]
[2022.10.11-18.28.55:552][  0]LogConfig: Setting CVar [[r.Streaming.MaxEffectiveScreenSize:0]]
[2022.10.11-18.28.55:552][  0]LogConfig: Applying CVar settings from Section [EffectsQuality@3] File [E:/chris animation/animation-project/Saved/Config/Windows/Scalability.ini]
[2022.10.11-18.28.55:552][  0]LogConfig: Setting CVar [[r.TranslucencyLightingVolumeDim:64]]
[2022.10.11-18.28.55:552][  0]LogConfig: Setting CVar [[r.RefractionQuality:2]]
[2022.10.11-18.28.55:552][  0]LogConfig: Setting CVar [[r.SSR.Quality:3]]
[2022.10.11-18.28.55:552][  0]LogConfig: Setting CVar [[r.SSR.HalfResSceneColor:0]]
[2022.10.11-18.28.55:552][  0]LogConfig: Setting CVar [[r.SceneColorFormat:4]]
[2022.10.11-18.28.55:552][  0]LogConfig: Setting CVar [[r.DetailMode:2]]
[2022.10.11-18.28.55:552][  0]LogConfig: Setting CVar [[r.TranslucencyVolumeBlur:1]]
[2022.10.11-18.28.55:552][  0]LogConfig: Setting CVar [[r.MaterialQualityLevel:1 ; High quality]]
[2022.10.11-18.28.55:552][  0]LogConfig: Setting CVar [[r.AnisotropicMaterials:1]]
[2022.10.11-18.28.55:552][  0]LogConfig: Setting CVar [[r.SSS.Scale:1]]
[2022.10.11-18.28.55:552][  0]LogConfig: Setting CVar [[r.SSS.SampleSet:2]]
[2022.10.11-18.28.55:552][  0]LogConfig: Setting CVar [[r.SSS.Quality:1]]
[2022.10.11-18.28.55:552][  0]LogConfig: Setting CVar [[r.SSS.HalfRes:0]]
[2022.10.11-18.28.55:552][  0]LogConfig: Setting CVar [[r.SSGI.Quality:3]]
[2022.10.11-18.28.55:552][  0]LogConfig: Setting CVar [[r.EmitterSpawnRateScale:1.0]]
[2022.10.11-18.28.55:552][  0]LogConfig: Setting CVar [[r.ParticleLightQuality:2]]
[2022.10.11-18.28.55:552][  0]LogConfig: Setting CVar [[r.SkyAtmosphere.AerialPerspectiveLUT.FastApplyOnOpaque:1 ; Always have FastSkyLUT 1 in this case to avoid wrong sky]]
[2022.10.11-18.28.55:552][  0]LogConfig: Setting CVar [[r.SkyAtmosphere.AerialPerspectiveLUT.SampleCountMaxPerSlice:4]]
[2022.10.11-18.28.55:552][  0]LogConfig: Setting CVar [[r.SkyAtmosphere.AerialPerspectiveLUT.DepthResolution:16.0]]
[2022.10.11-18.28.55:552][  0]LogConfig: Setting CVar [[r.SkyAtmosphere.FastSkyLUT:1]]
[2022.10.11-18.28.55:552][  0]LogConfig: Setting CVar [[r.SkyAtmosphere.FastSkyLUT.SampleCountMin:4.0]]
[2022.10.11-18.28.55:552][  0]LogConfig: Setting CVar [[r.SkyAtmosphere.FastSkyLUT.SampleCountMax:128.0]]
[2022.10.11-18.28.55:552][  0]LogConfig: Setting CVar [[r.SkyAtmosphere.SampleCountMin:4.0]]
[2022.10.11-18.28.55:552][  0]LogConfig: Setting CVar [[r.SkyAtmosphere.SampleCountMax:128.0]]
[2022.10.11-18.28.55:552][  0]LogConfig: Setting CVar [[r.SkyAtmosphere.TransmittanceLUT.UseSmallFormat:0]]
[2022.10.11-18.28.55:552][  0]LogConfig: Setting CVar [[r.SkyAtmosphere.TransmittanceLUT.SampleCount:10.0]]
[2022.10.11-18.28.55:552][  0]LogConfig: Setting CVar [[r.SkyAtmosphere.MultiScatteringLUT.SampleCount:15.0]]
[2022.10.11-18.28.55:552][  0]LogConfig: Setting CVar [[r.SkyLight.RealTimeReflectionCapture:1]]
[2022.10.11-18.28.55:552][  0]LogConfig: Applying CVar settings from Section [FoliageQuality@3] File [E:/chris animation/animation-project/Saved/Config/Windows/Scalability.ini]
[2022.10.11-18.28.55:552][  0]LogConfig: Setting CVar [[foliage.DensityScale:1.0]]
[2022.10.11-18.28.55:552][  0]LogConfig: Setting CVar [[grass.DensityScale:1.0]]
[2022.10.11-18.28.55:552][  0]LogConfig: Applying CVar settings from Section [ShadingQuality@3] File [E:/chris animation/animation-project/Saved/Config/Windows/Scalability.ini]
[2022.10.11-18.28.55:552][  0]LogConfig: Setting CVar [[r.HairStrands.SkyLighting.IntegrationType:2]]
[2022.10.11-18.28.55:552][  0]LogConfig: Setting CVar [[r.HairStrands.SkyAO.SampleCount:4]]
[2022.10.11-18.28.55:553][  0]LogConfig: Setting CVar [[r.HairStrands.Visibility.MSAA.SamplePerPixel:4]]
[2022.10.11-18.28.55:553][  0]LogConfig: Applying CVar settings from Section [Startup] File [../../../Engine/Config/ConsoleVariables.ini]
[2022.10.11-18.28.55:563][  0]LogConfig: Setting CVar [[net.UseAdaptiveNetUpdateFrequency:0]]
[2022.10.11-18.28.55:563][  0]LogConfig: Setting CVar [[p.chaos.AllowCreatePhysxBodies:1]]
[2022.10.11-18.28.55:563][  0]LogConfig: Setting CVar [[fx.SkipVectorVMBackendOptimizations:1]]
[2022.10.11-18.28.55:563][  0]LogConfig: Applying CVar settings from Section [ConsoleVariables] File [E:/chris animation/animation-project/Saved/Config/Windows/Engine.ini]
[2022.10.11-18.28.55:563][  0]LogConfig: Applying CVar settings from Section [ConsoleVariables] File [E:/chris animation/animation-project/Saved/Config/Windows/Editor.ini]
[2022.10.11-18.28.55:581][  0]LogInit: Computer: LIAMSPC
[2022.10.11-18.28.55:581][  0]LogInit: User: Liam
[2022.10.11-18.28.55:581][  0]LogInit: CPU Page size=4096, Cores=6
[2022.10.11-18.28.55:581][  0]LogInit: High frequency timer resolution =10.000000 MHz
[2022.10.11-18.28.55:582][  0]LogMemory: Memory total: Physical=15.9GB (16GB approx)
[2022.10.11-18.28.55:582][  0]LogMemory: Platform Memory Stats for Windows
[2022.10.11-18.28.55:582][  0]LogMemory: Process Physical Memory: 151.19 MB used, 151.19 MB peak
[2022.10.11-18.28.55:582][  0]LogMemory: Process Virtual Memory: 130.73 MB used, 130.73 MB peak
[2022.10.11-18.28.55:582][  0]LogMemory: Physical Memory: 9661.53 MB used,  6670.95 MB free, 16332.48 MB total
[2022.10.11-18.28.55:582][  0]LogMemory: Virtual Memory: 134196608.00 MB used,  21117.27 MB free, 134217728.00 MB total
[2022.10.11-18.28.55:593][  0]LogWindows: WindowsPlatformFeatures enabled
[2022.10.11-18.28.57:106][  0]LogInit: Physics initialised using underlying interface: PhysX
[2022.10.11-18.28.57:240][  0]LogInit: Using OS detected language (en-GB).
[2022.10.11-18.28.57:240][  0]LogInit: Using OS detected locale (en-GB).
[2022.10.11-18.28.57:558][  0]LogTextLocalizationManager: No specific localization for 'en-GB' exists, so the 'en' localization will be used.
[2022.10.11-18.28.58:362][  0]LogInit: Setting process to per monitor DPI aware
[2022.10.11-18.28.58:853][  0]LogWindowsTextInputMethodSystem: Display: IME system deactivated.
[2022.10.11-18.28.59:871][  0]LogSlate: New Slate User Created.  User Index 0, Is Virtual User: 0
[2022.10.11-18.28.59:871][  0]LogSlate: Slate User Registered.  User Index 0, Is Virtual User: 0
[2022.10.11-18.29.02:055][  0]LogD3D11RHI: Loaded GFSDK_Aftermath_Lib.x64.dll
[2022.10.11-18.29.02:260][  0]LogHMD: Failed to initialize OpenVR with code 110
[2022.10.11-18.29.02:260][  0]LogD3D11RHI: D3D11 min allowed feature level: 11_0
[2022.10.11-18.29.02:260][  0]LogD3D11RHI: D3D11 max allowed feature level: 11_0
[2022.10.11-18.29.02:260][  0]LogD3D11RHI: D3D11 adapters:
[2022.10.11-18.29.02:498][  0]LogD3D11RHI:    0. 'NVIDIA GeForce GTX 970' (Feature Level 11_0)
[2022.10.11-18.29.02:498][  0]LogD3D11RHI:       4043/0/8166 MB DedicatedVideo/DedicatedSystem/SharedSystem, Outputs:2, VendorId:0x10de
[2022.10.11-18.29.02:506][  0]LogD3D11RHI:    1. 'Microsoft Basic Render Driver' (Feature Level 11_0)
[2022.10.11-18.29.02:506][  0]LogD3D11RHI:       0/0/8166 MB DedicatedVideo/DedicatedSystem/SharedSystem, Outputs:0, VendorId:0x1414
[2022.10.11-18.29.02:506][  0]LogD3D11RHI: Chosen D3D11 Adapter:
[2022.10.11-18.29.02:506][  0]LogD3D11RHI:     Description : NVIDIA GeForce GTX 970
[2022.10.11-18.29.02:506][  0]LogD3D11RHI:     VendorId    : 10de
[2022.10.11-18.29.02:506][  0]LogD3D11RHI:     DeviceId    : 13c2
[2022.10.11-18.29.02:506][  0]LogD3D11RHI:     SubSysId    : 85081043
[2022.10.11-18.29.02:506][  0]LogD3D11RHI:     Revision    : 00a1
[2022.10.11-18.29.02:507][  0]LogD3D11RHI:     DedicatedVideoMemory : 4239654912 bytes
[2022.10.11-18.29.02:507][  0]LogD3D11RHI:     DedicatedSystemMemory : 0 bytes
[2022.10.11-18.29.02:507][  0]LogD3D11RHI:     SharedSystemMemory : 8562921472 bytes
[2022.10.11-18.29.02:507][  0]LogD3D11RHI:     AdapterLuid : 0 77833
[2022.10.11-18.29.02:548][  0]LogD3D11RHI: Creating new Direct3DDevice
[2022.10.11-18.29.02:548][  0]LogD3D11RHI:     GPU DeviceId: 0x13c2 (for the marketing name, search the web for "GPU Device Id")
[2022.10.11-18.29.02:548][  0]LogWindows: EnumDisplayDevices:
[2022.10.11-18.29.02:548][  0]LogWindows:    0. 'NVIDIA GeForce GTX 970' (P:0 D:1)
[2022.10.11-18.29.02:549][  0]LogWindows:    1. 'NVIDIA GeForce GTX 970' (P:1 D:1)
[2022.10.11-18.29.02:549][  0]LogWindows:    2. 'NVIDIA GeForce GTX 970' (P:0 D:0)
[2022.10.11-18.29.02:549][  0]LogWindows:    3. 'NVIDIA GeForce GTX 970' (P:0 D:0)
[2022.10.11-18.29.02:549][  0]LogWindows: DebugString: FoundDriverCount:4 
[2022.10.11-18.29.02:549][  0]LogD3D11RHI:     Adapter Name: NVIDIA GeForce GTX 970
[2022.10.11-18.29.02:551][  0]LogD3D11RHI:   Driver Version: 516.94 (internal:31.0.15.1694, unified:516.94)
[2022.10.11-18.29.02:551][  0]LogD3D11RHI:      Driver Date: 7-21-2022
[2022.10.11-18.29.02:551][  0]LogRHI: Texture pool is 2830 MB (70% of 4043 MB)
[2022.10.11-18.29.02:551][  0]LogD3D11RHI: Creating D3DDevice using adapter:
[2022.10.11-18.29.02:551][  0]LogD3D11RHI:     Description : NVIDIA GeForce GTX 970
[2022.10.11-18.29.02:551][  0]LogD3D11RHI:     VendorId    : 10de
[2022.10.11-18.29.02:551][  0]LogD3D11RHI:     DeviceId    : 13c2
[2022.10.11-18.29.02:551][  0]LogD3D11RHI:     SubSysId    : 85081043
[2022.10.11-18.29.02:551][  0]LogD3D11RHI:     Revision    : 00a1
[2022.10.11-18.29.02:551][  0]LogD3D11RHI:     DedicatedVideoMemory : 4239654912 bytes
[2022.10.11-18.29.02:551][  0]LogD3D11RHI:     DedicatedSystemMemory : 0 bytes
[2022.10.11-18.29.02:551][  0]LogD3D11RHI:     SharedSystemMemory : 8562921472 bytes
[2022.10.11-18.29.02:551][  0]LogD3D11RHI:     AdapterLuid : 0 77833
[2022.10.11-18.29.02:641][  0]LogD3D11RHI: RHI has support for 64 bit atomics
[2022.10.11-18.29.02:646][  0]LogD3D11RHI: Async texture creation enabled
[2022.10.11-18.29.02:646][  0]LogD3D11RHI: Array index from any shader is supported
[2022.10.11-18.29.06:457][  0]LogD3D11RHI: GPU Timing Frequency: 1000.000000 (Debug: 2 1)
[2022.10.11-18.29.07:079][  0]LogRHI: GeForceNow SDK initialized: 1
[2022.10.11-18.29.09:649][  0]LogTargetPlatformManager: Display: Loaded TargetPlatform 'AllDesktop'
[2022.10.11-18.29.09:760][  0]LogTargetPlatformManager: Display: Loaded TargetPlatform 'Android'
[2022.10.11-18.29.09:760][  0]LogTargetPlatformManager: Display: Loaded TargetPlatform 'Android_ASTC'
[2022.10.11-18.29.09:760][  0]LogTargetPlatformManager: Display: Loaded TargetPlatform 'Android_DXT'
[2022.10.11-18.29.09:760][  0]LogTargetPlatformManager: Display: Loaded TargetPlatform 'Android_ETC2'
[2022.10.11-18.29.09:760][  0]LogTargetPlatformManager: Display: Loaded TargetPlatform 'AndroidClient'
[2022.10.11-18.29.09:760][  0]LogTargetPlatformManager: Display: Loaded TargetPlatform 'Android_ASTCClient'
[2022.10.11-18.29.09:760][  0]LogTargetPlatformManager: Display: Loaded TargetPlatform 'Android_DXTClient'
[2022.10.11-18.29.09:760][  0]LogTargetPlatformManager: Display: Loaded TargetPlatform 'Android_ETC2Client'
[2022.10.11-18.29.09:760][  0]LogTargetPlatformManager: Display: Loaded TargetPlatform 'Android_Multi'
[2022.10.11-18.29.09:760][  0]LogTargetPlatformManager: Display: Loaded TargetPlatform 'Android_MultiClient'
[2022.10.11-18.29.10:099][  0]LogTargetPlatformManager: Display: Loaded TargetPlatform 'IOSClient'
[2022.10.11-18.29.10:099][  0]LogTargetPlatformManager: Display: Loaded TargetPlatform 'IOS'
[2022.10.11-18.29.10:378][  0]LogTargetPlatformManager: Display: Loaded TargetPlatform 'Linux'
[2022.10.11-18.29.10:400][  0]LogTargetPlatformManager: Display: Loaded TargetPlatform 'LinuxNoEditor'
[2022.10.11-18.29.10:410][  0]LogTargetPlatformManager: Display: Loaded TargetPlatform 'LinuxClient'
[2022.10.11-18.29.10:419][  0]LogTargetPlatformManager: Display: Loaded TargetPlatform 'LinuxServer'
[2022.10.11-18.29.10:470][  0]LogTargetPlatformManager: Display: Loaded TargetPlatform 'LinuxAArch64NoEditor'
[2022.10.11-18.29.10:680][  0]LogTargetPlatformManager: Display: Loaded TargetPlatform 'LinuxAArch64Client'
[2022.10.11-18.29.10:690][  0]LogTargetPlatformManager: Display: Loaded TargetPlatform 'LinuxAArch64Server'
[2022.10.11-18.29.10:839][  0]LogTargetPlatformManager: Display: Loaded TargetPlatform 'Lumin'
[2022.10.11-18.29.10:839][  0]LogTargetPlatformManager: Display: Loaded TargetPlatform 'LuminClient'
[2022.10.11-18.29.11:075][  0]LogTargetPlatformManager: Display: Loaded TargetPlatform 'MacNoEditor'
[2022.10.11-18.29.11:171][  0]LogTargetPlatformManager: Display: Loaded TargetPlatform 'Mac'
[2022.10.11-18.29.11:439][  0]LogTargetPlatformManager: Display: Loaded TargetPlatform 'MacClient'
[2022.10.11-18.29.11:447][  0]LogTargetPlatformManager: Display: Loaded TargetPlatform 'MacServer'
[2022.10.11-18.29.11:475][  0]LogTargetPlatformManager: Display: Loaded TargetPlatform 'TVOSClient'
[2022.10.11-18.29.11:475][  0]LogTargetPlatformManager: Display: Loaded TargetPlatform 'TVOS'
[2022.10.11-18.29.11:581][  0]LogTargetPlatformManager: Display: Loaded TargetPlatform 'WindowsNoEditor'
[2022.10.11-18.29.11:636][  0]LogTargetPlatformManager: Display: Loaded TargetPlatform 'Windows'
[2022.10.11-18.29.11:834][  0]LogTargetPlatformManager: Display: Loaded TargetPlatform 'WindowsClient'
[2022.10.11-18.29.11:897][  0]LogTargetPlatformManager: Display: Loaded TargetPlatform 'WindowsServer'
[2022.10.11-18.29.11:897][  0]LogTargetPlatformManager: Display: Building Assets For Windows
[2022.10.11-18.29.12:566][  0]LogAudioDebug: Display: Lib vorbis DLL was dynamically loaded.
[2022.10.11-18.29.13:821][  0]LogTextureFormatOodle: Display: Oodle Texture 2.9.0 init RDO Off
[2022.10.11-18.29.17:087][  0]LogRendererCore: Ray tracing is disabled. Reason: r.RayTracing=0.
[2022.10.11-18.29.17:416][  0]LogShaderCompilers: Guid format shader working directory is -10 characters bigger than the processId version (../../../../../../../chris animation/animation-project/Intermediate/Shaders/WorkingDirectory/19164/).
[2022.10.11-18.29.17:416][  0]LogShaderCompilers: Cleaned the shader compiler working directory 'C:/Users/Liam/AppData/Local/Temp/UnrealShaderWorkingDir/9E38AE0A43C73431A20F53ACB20019C9/'.
[2022.10.11-18.29.17:648][  0]LogXGEController: Cannot use XGE Controller as Incredibuild is not installed on this machine.
[2022.10.11-18.29.17:650][  0]LogShaderCompilers: Cannot use XGE Shader Compiler as Incredibuild is not installed on this machine.
[2022.10.11-18.29.17:650][  0]LogShaderCompilers: Display: Using Local Shader Compiler.
[2022.10.11-18.29.24:872][  0]LogDerivedDataCache: Display: Max Cache Size: 512 MB
[2022.10.11-18.29.25:446][  0]LogDerivedDataCache: Loaded boot cache 0.57s 94MB C:/Users/Liam/AppData/Local/UnrealEngine/4.27/DerivedDataCache/Boot.ddc.
[2022.10.11-18.29.25:446][  0]LogDerivedDataCache: Display: Loaded Boot cache: C:/Users/Liam/AppData/Local/UnrealEngine/4.27/DerivedDataCache/Boot.ddc
[2022.10.11-18.29.25:446][  0]LogDerivedDataCache: FDerivedDataBackendGraph:  Pak pak cache file ../../../../../../../chris animation/animation-project/DerivedDataCache/DDC.ddp not found, will not use a pak cache.
[2022.10.11-18.29.25:446][  0]LogDerivedDataCache: Unable to find inner node Pak for hierarchical cache Hierarchy.
[2022.10.11-18.29.25:446][  0]LogDerivedDataCache: FDerivedDataBackendGraph:  CompressedPak pak cache file ../../../../../../../chris animation/animation-project/DerivedDataCache/Compressed.ddp not found, will not use a pak cache.
[2022.10.11-18.29.25:446][  0]LogDerivedDataCache: Unable to find inner node CompressedPak for hierarchical cache Hierarchy.
[2022.10.11-18.29.25:682][  0]LogDerivedDataCache: Display: Pak cache opened for reading ../../../Engine/DerivedDataCache/Compressed.ddp.
[2022.10.11-18.29.25:682][  0]LogDerivedDataCache: FDerivedDataBackendGraph:  EnterprisePak pak cache file ../../../Enterprise/DerivedDataCache/Compressed.ddp not found, will not use a pak cache.
[2022.10.11-18.29.25:682][  0]LogDerivedDataCache: Unable to find inner node EnterprisePak for hierarchical cache Hierarchy.
[2022.10.11-18.29.25:712][  0]LogDerivedDataCache: Speed tests for C:/Users/Liam/AppData/Local/UnrealEngine/Common/DerivedDataCache took 0.03 seconds
[2022.10.11-18.29.25:712][  0]LogDerivedDataCache: Display: Performance to C:/Users/Liam/AppData/Local/UnrealEngine/Common/DerivedDataCache: Latency=0.42ms. RandomReadSpeed=70.76MBs, RandomWriteSpeed=83.66MBs. Assigned SpeedClass 'Local'
[2022.10.11-18.29.25:712][  0]LogDerivedDataCache: Using Local data cache path C:/Users/Liam/AppData/Local/UnrealEngine/Common/DerivedDataCache: Writable
[2022.10.11-18.29.25:713][  0]LogDerivedDataCache: Shared data cache path not found in *engine.ini, will not use an Shared cache.
[2022.10.11-18.29.25:713][  0]LogDerivedDataCache: Unable to find inner node Shared for hierarchical cache Hierarchy.
[2022.10.11-18.29.26:703][  0]LogSlate: Using FreeType 2.10.0
[2022.10.11-18.29.27:535][  0]LogSlate: SlateFontServices - WITH_FREETYPE: 1, WITH_HARFBUZZ: 1
[2022.10.11-18.29.29:497][  0]LogAssetRegistry: FAssetRegistry took 0.2645 seconds to start up
[2022.10.11-18.30.03:229][  0]LogInit: Selected Device Profile: [Windows]
[2022.10.11-18.30.03:229][  0]LogInit: Active device profile: [000001FEB256B400][000001FEB0FCCE80 49] Windows
[2022.10.11-18.30.03:229][  0]LogInit: Profiles: [000001FEB256B400][000001FEB0FCCE80 49] Windows, [000001FEB2524E00][000001FEAB909000 49] WindowsNoEditor, [000001FEB2568E00][000001FEAB90D180 49] WindowsServer, [000001FEB2526900][000001FEAB911300 49] WindowsClient, [000001FEB256A900][000001FEAB915480 49] IOS, [000001FEB2527300][000001FEAB919600 49] iPadAir, [000001FEB256B200][000001FEAB91D780 49] iPadAir2, [000001FEB24BF500][000001FEAB92BA40 49] IPadPro, [000001FEB24BF600][000001FEAB921A80 49] iPadAir3, [000001FEB2568300][000001FEAB935C00 49] iPadAir4, [000001FEB24BD300][000001FEAB938200 49] iPadMini2, [000001FEB2569A00][000001FEA93C6380 49] iPadMini3, [000001FEB24BCB00][000001FEA93CA500 49] iPadMini4, [000001FEB2568700][000001FEA93CE680 49] iPadMini5, [000001FEB24FE700][000001FEA93D28C0 49] iPhone6, [000001FEB24FE800][000001FEAB89E900 49] iPodTouch6, [000001FEB24BE100][000001FEA93DAB40 49] iPhone7, [000001FEB24BE200][000001FEA93D6B80 49] iPodTouch7, [000001FEB24FD200][000001FEA93E2D00 49] iPhone5S, [000001FEB24BDD00][000001FEA93E6E80 49] iPhone6Plus, [000001FEB24FE500][000001FEA93EB000 49] iPhone6S, [000001FEB24BF800][000001FEA93EF180 49] iPhone6SPlus, [000001FEB24FF800][000001FEA93F3300 49] iPhone7Plus, [000001FEB24BD200][000001FEA93F7480 49] iPhoneSE, [000001FEB24FC300][000001FEA93FB600 49] iPhone8, [000001FEB24BFA00][000001FEA93FF780 49] iPhone8Plus, [000001FEB24FC100][000001FEA9403900 49] iPhoneX, [000001FEB24BE300][000001FEA9407A80 49] iPhoneXS, [000001FEB24FCA00][000001FEA940BC00 49] iPhoneXSMax, [000001FEB24BCF00][000001FEA940E200 49] iPhoneXR, [000001FEB24FF700][000001FEB22BA380 49] iPhone11, [000001FEB24BED00][000001FEB22BE500 49] iPhone11Pro, [000001FEB24FE900][000001FEB22C2680 49] iPhone11ProMax, [000001FEB24BF700][000001FEB22C6800 49] iPhoneSE2, [000001FEB24FED00][000001FEA93DE940 49] iPhone12Mini, [000001FEB24BFD00][000001FEB22CAA80 49] iPhone12, [000001FEB24FD900][000001FEB22CEBC0 49] iPhone12Pro, [000001FEB24BD000][000001FEB22D2D00 49] iPhone12ProMax, [000001FEB24FFF00][000001FEB22DAE80 49] iPadPro105, [000001FEB24BE400][000001FEB22DF000 49] iPadPro129, [000001FEB24FDD00][000001FEB22E3180 49] iPadPro97, [000001FEB24BDA00][000001FEB22E7300 49] iPadPro2_129, [000001FEB24FDC00][000001FEB22EB480 49] iPad5, [000001FEB24BC800][000001FEB22EF600 49] iPad6, [000001FEB24FF900][000001FEB22F3780 49] iPad7, [000001FEB24BCE00][000001FEB22F7900 49] iPad8, [000001FEB24FF600][000001FEB22FBA80 49] iPadPro11, [000001FEB24BDB00][000001FEB22FFC00 49] iPadPro2_11, [000001FEB24FC700][000001FEB2302200 49] iPadPro3_129, [000001FEB24BEE00][000001FEB2306380 49] iPadPro4_129, [000001FEB24FEC00][000001FEB230A500 49] AppleTV, [000001FEB24BF000][000001FEB230E680 49] AppleTV4K, [000001FEB2524100][000001FEB2312800 49] TVOS, [000001FEB26AC800][000001FEB2316980 49] Mac, [000001FEB2525600][000001FEB231AB00 49] MacClient, [000001FEB26ACC00][000001FEB22D6C40 49] MacNoEditor, [000001FEB2524C00][000001FEB231ED80 49] MacServer, [000001FEB26ADC00][000001FEB2322EC0 49] Linux, [000001FEB2524500][000001FEB232B040 49] LinuxAArch64, [000001FEB26AD000][000001FEB232F1C0 49] LinuxNoEditor, [000001FEB2524700][000001FEB2333340 49] LinuxAArch64NoEditor, [000001FEB26AC200][000001FEB23374C0 49] LinuxClient, [000001FEB2527000][000001FEB233B640 49] LinuxAArch64Client, [000001FEB26AD700][000001FEB233F7C0 49] LinuxServer, [000001FEB2526500][000001FEB2343940 49] LinuxAArch64Server, [000001FEB26ADB00][000001FEB2347AC0 49] Android, [000001FEB2525500][000001FEB234A0C0 49] Android_Low, [000001FEB26ADE00][000001FEB234E240 49] Android_Mid, [000001FEB2524900][000001FEB23523C0 49] Android_High, [000001FEB26ACA00][000001FEB2356540 49] Android_Default, [000001FEB2526F00][000001FEB235A6C0 49] Android_Adreno4xx, [000001FEB26AC400][000001FEB235E840 49] Android_Adreno5xx_Low, [000001FEB2524A00][000001FEB23629C0 49] Android_Adreno5xx, [000001FEB26AD100][000001FEB2366B40 49] Android_Adreno6xx, [000001FEB24BD900][000001FEB236ACC0 49] Android_Adreno6xx_Vulkan, [000001FEB24FC500][000001FEB2326E00 49] Android_Mali_T6xx, [000001FEB24BDE00][000001FEB236EF40 49] Android_Mali_T7xx, [000001FEB24FD300][000001FEB2373080 49] Android_Mali_T8xx, [000001FEB24BCD00][000001FEB23771C0 49] Android_Mali_G71, [000001FEB26ADD00][000001FEB237F340 49] Android_Mali_G72, [000001FEB24BC300][000001FEB23834C0 49] Android_Mali_G72_Vulkan, [000001FEB26AE400][000001FEB2387640 49] Android_Mali_G76, [000001FEB24BEF00][000001FEB238B7C0 49] Android_Mali_G76_Vulkan, [000001FEB26AE600][000001FEB238F940 49] Android_Mali_G77, [000001FEB24BD500][000001FEB2393AC0 49] Android_Mali_G77_Vulkan, [000001FEB26AE500][000001FEB23960C0 49] Android_Mali_G78, [000001FEB24BD700][000001FEB239A240 49] Android_Mali_G78_Vulkan, [000001FEB26AD900][000001FEB239E3C0 49] Android_Mali_G710, [000001FEB24BF400][000001FEB23A2540 49] Android_Mali_G710_Vulkan, [000001FEB26AC600][000001FEB23A66C0 49] Android_Vulkan_SM5, [000001FEB24BC200][000001FEB23AA840 49] Android_PowerVR_G6xxx, [000001FEB26AE300][000001FEB23AE9C0 49] Android_PowerVR_GT7xxx, [000001FEB24BC100][000001FEB23B2B40 49] Android_PowerVR_GE8xxx, [000001FEB26ACE00][000001FEB23B6CC0 49] Android_PowerVR_GM9xxx, [000001FEB24BEC00][000001FEB23BAE40 49] Android_PowerVR_GM9xxx_Vulkan, [000001FEB26AD200][000001FEB237AF80 49] Android_TegraK1, [000001FEB24BCC00][000001FEB23BF0C0 49] Android_Unknown_Vulkan, [000001FEB26AE100][000001FEB23C3200 49] Lumin, [000001FEB24BE000][000001FEB23C7340 49] Lumin_Desktop, [000001FEB24FE600][000001FEB23CF4C0 49] HoloLens, 
[2022.10.11-18.30.07:929][  0]LogMeshReduction: Using QuadricMeshReduction for automatic static mesh reduction
[2022.10.11-18.30.07:929][  0]LogMeshReduction: Using SimplygonMeshReduction for automatic skeletal mesh reduction
[2022.10.11-18.30.07:929][  0]LogMeshReduction: Using ProxyLODMeshReduction for automatic mesh merging
[2022.10.11-18.30.07:929][  0]LogMeshReduction: No distributed automatic mesh merging module available
[2022.10.11-18.30.07:929][  0]LogMeshMerging: No distributed automatic mesh merging module available
[2022.10.11-18.30.09:045][  0]LogNetVersion: project 1.0.0, NetCL: 17155196, EngineNetVer: 17, GameNetVer: 0 (Checksum: 3814265607)
[2022.10.11-18.30.35:117][  0]LogTexture: Default maximum texture size for cubemaps generated from long-lat sources has been changed from 512 to unlimited. In order to preserve old behaiour for '/Engine/MapTemplates/Sky/DaylightAmbientCubemap.DaylightAmbientCubemap', its maximum texture size has been explicitly set to 512.
[2022.10.11-18.30.36:089][  0]LogHMD: PokeAHoleMaterial loaded successfully
[2022.10.11-18.30.36:378][  0]LogUObjectArray: 17178 objects as part of root set at end of initial load.
[2022.10.11-18.30.36:378][  0]LogUObjectAllocator: 4302048 out of 0 bytes used by permanent object pool.
[2022.10.11-18.30.36:378][  0]LogUObjectArray: CloseDisregardForGC: 0/0 objects in disregard for GC pool
[2022.10.11-18.30.43:127][  0]LogNiagaraDebuggerClient: Niagara Debugger Client Initialized | Session: C53D865145D7778862BEB387F78099AC | Instance: 28878FF148791A9685DDF1954C60E079 (LIAMSPC-19164).
[2022.10.11-18.30.44:282][  0]LogPython: Using Python 3.7.7
[2022.10.11-18.30.48:264][  0]LogTcpMessaging: Initializing TcpMessaging bridge
[2022.10.11-18.30.48:307][  0]LogUdpMessaging: Initializing bridge on interface 0.0.0.0:0 to multicast group 230.0.0.1:6666.
[2022.10.11-18.30.49:127][  0]SourceControl: Source control is disabled
[2022.10.11-18.30.49:149][  0]SourceControl: Source control is disabled
[2022.10.11-18.30.49:248][  0]SourceControl: Source control is disabled
[2022.10.11-18.30.49:277][  0]SourceControl: Source control is disabled
[2022.10.11-18.30.49:404][  0]SourceControl: Source control is disabled
[2022.10.11-18.30.50:085][  0]LogUProjectInfo: Found projects:
[2022.10.11-18.30.50:099][  0]LogVSAccessor: Display: Unable to create Visual Studio setup instance: 80040154
[2022.10.11-18.30.50:100][  0]LogVSAccessor: Display: Unable to create Visual Studio setup instance: 80040154
[2022.10.11-18.30.50:100][  0]LogVSAccessor: Display: Unable to create Visual Studio setup instance: 80040154
[2022.10.11-18.30.54:681][  0]LogOpenImageDenoise: OIDN starting up
[2022.10.11-18.30.55:217][  0]LogAndroidPermission: UAndroidPermissionCallbackProxy::GetInstance
[2022.10.11-18.30.55:388][  0]LogAudioCaptureCore: Display: No Audio Capture implementations found. Audio input will be silent.
[2022.10.11-18.30.55:388][  0]LogAudioCaptureCore: Display: No Audio Capture implementations found. Audio input will be silent.
[2022.10.11-18.30.56:511][  0]LogCollectionManager: Loaded 0 collections in 0.001757 seconds
[2022.10.11-18.30.57:001][  0]LogFileCache: Scanning file cache for directory 'E:/chris animation/animation-project/Saved/Collections/' took 0.01s
[2022.10.11-18.30.57:001][  0]LogFileCache: Scanning file cache for directory 'E:/chris animation/animation-project/Content/Developers/Liam/Collections/' took 0.00s
[2022.10.11-18.30.57:001][  0]LogFileCache: Scanning file cache for directory 'E:/chris animation/animation-project/Content/Collections/' took 0.00s
[2022.10.11-18.30.57:001][  0]LogOcInput: OculusInput pre-init called
[2022.10.11-18.31.00:659][  0]LogAutomationTest: Warning: Smoke tests took >2s to run (2.21s). 'FAutomationTestAttemptToFindUninitializedScriptStructMembers' took 1993ms. SmokeFilter tier tests should take less than 1ms. Please optimize or move 'FAutomationTestAttemptToFindUninitializedScriptStructMembers' to a slower tier than SmokeFilter.
[2022.10.11-18.31.00:852][  0]LogEngine: Initializing Engine...
[2022.10.11-18.31.01:166][  0]LogHMD: Failed to enumerate extensions. Please check that you have a valid OpenXR runtime installed.
[2022.10.11-18.31.01:180][  0]LogHMD: Failed to initialize OpenVR with code 110
[2022.10.11-18.31.01:195][  0]LogMagicLeap: Warning: VR disabled because ZI is not enabled.  To enable, in the editor, Edit -> Project Settings -> Plugins -> Magic Leap Plugin -> Enable Zero Iteration
[2022.10.11-18.31.01:417][  0]LogStats: UGameplayTagsManager::InitializeManager -  0.064 s
[2022.10.11-18.31.01:756][  0]LogInit: Initializing FReadOnlyCVARCache
[2022.10.11-18.31.02:718][  0]LogAIModule: Creating AISystem for world Untitled
[2022.10.11-18.31.02:789][  0]LogAudio: Display: Initializing Audio Device Manager...
[2022.10.11-18.31.02:849][  0]LogAudio: Display: Loading Default Audio Settings Objects...
[2022.10.11-18.31.02:850][  0]LogAudio: Display: No default SoundConcurrencyObject specified (or failed to load).
[2022.10.11-18.31.02:876][  0]LogAudio: Display: Audio Device Manager Initialized
[2022.10.11-18.31.02:876][  0]LogAudio: Display: Creating Audio Device:                 Id: 1, Scope: Shared, Realtime: True
[2022.10.11-18.31.02:919][  0]LogAudioMixer: Display: Audio Mixer Platform Settings:
[2022.10.11-18.31.02:919][  0]LogAudioMixer: Display: 	Sample Rate:						  48000
[2022.10.11-18.31.02:919][  0]LogAudioMixer: Display: 	Callback Buffer Frame Size Requested: 1024
[2022.10.11-18.31.02:919][  0]LogAudioMixer: Display: 	Callback Buffer Frame Size To Use:	  1024
[2022.10.11-18.31.02:919][  0]LogAudioMixer: Display: 	Number of buffers to queue:			  2
[2022.10.11-18.31.02:919][  0]LogAudioMixer: Display: 	Max Channels (voices):				  32
[2022.10.11-18.31.02:919][  0]LogAudioMixer: Display: 	Number of Async Source Workers:		  0
[2022.10.11-18.31.02:920][  0]LogAudio: Display: AudioDevice MaxSources: 32
[2022.10.11-18.31.02:983][  0]LogAudio: Display: Audio Spatialization Plugin: None (built-in).
[2022.10.11-18.31.02:983][  0]LogAudio: Display: Audio Reverb Plugin: None (built-in).
[2022.10.11-18.31.02:983][  0]LogAudio: Display: Audio Occlusion Plugin: None (built-in).
[2022.10.11-18.31.02:983][  0]LogAudioMixer: Display: Initializing audio mixer.
[2022.10.11-18.31.03:166][  0]LogAudioMixer: Display: 0: FrontLeft
[2022.10.11-18.31.03:166][  0]LogAudioMixer: Display: 1: FrontRight
[2022.10.11-18.31.03:338][  0]LogAudioMixer: Display: Using Audio Device Speakers (HyperX Quadcast)
[2022.10.11-18.31.03:404][  0]LogAudioMixer: Display: Initializing Sound Submixes...
[2022.10.11-18.31.03:408][  0]LogAudioMixer: Display: Creating Master Submix 'MasterSubmixDefault'
[2022.10.11-18.31.03:409][  0]LogAudioMixer: Display: Creating Master Submix 'MasterReverbSubmixDefault'
[2022.10.11-18.31.03:416][  0]LogAudioMixer: Display: Creating Master Submix 'MasterEQSubmixDefault'
[2022.10.11-18.31.03:417][  0]LogAudioMixer: FMixerPlatformXAudio2::StartAudioStream() called
[2022.10.11-18.31.03:417][  0]LogAudioMixer: Display: Output buffers initialized: Frames=1024, Channels=2, Samples=2048
[2022.10.11-18.31.03:418][  0]LogAudioMixer: Display: Starting AudioMixerPlatformInterface::RunInternal()
[2022.10.11-18.31.03:418][  0]LogAudioMixer: Display: FMixerPlatformXAudio2::SubmitBuffer() called for the first time
[2022.10.11-18.31.03:418][  0]LogInit: FAudioDevice initialized.
[2022.10.11-18.31.03:424][  0]LogAudio: Display: Audio Device (ID: 1) registered with world 'Untitled'.
[2022.10.11-18.31.03:441][  0]LogNetVersion: Set ProjectVersion to 1.0.0.0. Version Checksum will be recalculated on next use.
[2022.10.11-18.31.03:657][  0]LogDerivedDataCache: Saved boot cache 0.22s 94MB C:/Users/Liam/AppData/Local/UnrealEngine/4.27/DerivedDataCache/Boot.ddc.
[2022.10.11-18.31.03:658][  0]LogInit: Texture streaming: Enabled
[2022.10.11-18.31.03:904][  0]LogAnalytics: Display: [UEEditor.Rocket.Release] APIServer = https://datarouter.ol.epicgames.com/. AppVersion = 4.27.2-18319896+++UE4+Release-4.27
[2022.10.11-18.31.03:963][  0]LogEngineSessionManager: EngineSessionManager initialized
[2022.10.11-18.31.03:976][  0]LogEditorSessionSummary: Verbose: Initializing EditorSessionSummaryWriter for editor session tracking
[2022.10.11-18.31.04:054][  0]LogEditorSessionSummary: EditorSessionSummaryWriter initialized
[2022.10.11-18.31.05:063][  0]LogInit: Transaction tracking system initialized
[2022.10.11-18.31.05:560][  0]BlueprintLog: New page: Editor Load
[2022.10.11-18.31.08:580][  0]LocalizationService: Localization service is disabled
[2022.10.11-18.31.09:557][  0]TimingProfiler: Initialize
[2022.10.11-18.31.09:560][  0]TimingProfiler: OnSessionChanged
[2022.10.11-18.31.09:560][  0]LoadingProfiler: Initialize
[2022.10.11-18.31.09:560][  0]LoadingProfiler: OnSessionChanged
[2022.10.11-18.31.09:560][  0]NetworkingProfiler: Initialize
[2022.10.11-18.31.09:561][  0]NetworkingProfiler: OnSessionChanged
[2022.10.11-18.31.09:561][  0]MemoryProfiler: Initialize
[2022.10.11-18.31.09:561][  0]MemoryProfiler: OnSessionChanged
[2022.10.11-18.31.10:802][  0]LogVSAccessor: Display: Unable to create Visual Studio setup instance: 80040154
[2022.10.11-18.31.10:803][  0]LogVSAccessor: Display: Unable to create Visual Studio setup instance: 80040154
[2022.10.11-18.31.10:803][  0]LogVSAccessor: Display: Unable to create Visual Studio setup instance: 80040154
[2022.10.11-18.31.12:432][  0]LogFileCache: Scanning file cache for directory 'E:/chris animation/animation-project/Content/' took 0.07s
[2022.10.11-18.31.12:432][  0]LogCook: Display: CookSettings for Memory: MemoryMaxUsedVirtual 0MiB, MemoryMaxUsedPhysical 16384MiB, MemoryMinFreeVirtual 0MiB, MemoryMinFreePhysical 1024MiB
[2022.10.11-18.31.12:433][  0]LogCook: Display: Mobile HDR setting 1
